<?xml version="1.0" encoding="UTF-8"?>
<coverage generated="1774109770829" clover="3.2.0">
  <project timestamp="1774109770829" name="All files">
    <metrics statements="807" coveredstatements="617" conditionals="485" coveredconditionals="302" methods="147" coveredmethods="101" elements="1439" coveredelements="1020" complexity="0" loc="807" ncloc="807" packages="1" files="1" classes="1"/>
    <file name="player.js" path="/Users/marcelogomesmarques/Projects/CloudeCode/radiocalico/static/js/player.js">
      <metrics statements="807" coveredstatements="617" conditionals="485" coveredconditionals="302" methods="147" coveredmethods="101"/>
      <line num="20" count="1" type="stmt"/>
      <line num="22" count="18" type="stmt"/>
      <line num="29" count="18" type="cond" truecount="2" falsecount="0"/>
      <line num="30" count="16" type="cond" truecount="2" falsecount="0"/>
      <line num="31" count="1" type="stmt"/>
      <line num="33" count="1" type="cond" truecount="0" falsecount="1"/>
      <line num="34" count="15" type="cond" truecount="0" falsecount="1"/>
      <line num="35" count="2" type="cond" truecount="0" falsecount="1"/>
      <line num="38" count="1" type="stmt"/>
      <line num="39" count="1" type="stmt"/>
      <line num="43" count="1" type="cond" truecount="2" falsecount="0"/>
      <line num="44" count="1" type="stmt"/>
      <line num="45" count="1" type="stmt"/>
      <line num="46" count="1" type="stmt"/>
      <line num="47" count="1" type="stmt"/>
      <line num="48" count="1" type="stmt"/>
      <line num="49" count="1" type="stmt"/>
      <line num="50" count="1" type="stmt"/>
      <line num="51" count="1" type="stmt"/>
      <line num="52" count="1" type="stmt"/>
      <line num="53" count="1" type="stmt"/>
      <line num="56" count="1" type="stmt"/>
      <line num="168" count="1" type="stmt"/>
      <line num="170" count="1" type="cond" truecount="2" falsecount="0"/>
      <line num="173" count="37" type="cond" truecount="2" falsecount="3"/>
      <line num="178" count="1" type="stmt"/>
      <line num="179" count="1" type="stmt"/>
      <line num="181" count="1" type="stmt"/>
      <line num="182" count="0" type="stmt"/>
      <line num="183" count="0" type="stmt"/>
      <line num="184" count="0" type="cond" truecount="0" falsecount="2"/>
      <line num="187" count="1" type="stmt"/>
      <line num="188" count="1" type="cond" truecount="1" falsecount="1"/>
      <line num="190" count="1" type="cond" truecount="1" falsecount="1"/>
      <line num="191" count="1" type="cond" truecount="1" falsecount="1"/>
      <line num="195" count="1" type="stmt"/>
      <line num="196" count="1" type="stmt"/>
      <line num="197" count="1" type="stmt"/>
      <line num="198" count="1" type="stmt"/>
      <line num="199" count="1" type="stmt"/>
      <line num="200" count="1" type="stmt"/>
      <line num="201" count="1" type="stmt"/>
      <line num="202" count="1" type="stmt"/>
      <line num="203" count="1" type="stmt"/>
      <line num="204" count="1" type="stmt"/>
      <line num="205" count="1" type="stmt"/>
      <line num="206" count="1" type="stmt"/>
      <line num="207" count="1" type="stmt"/>
      <line num="208" count="1" type="stmt"/>
      <line num="209" count="1" type="stmt"/>
      <line num="211" count="1" type="stmt"/>
      <line num="212" count="1" type="stmt"/>
      <line num="213" count="1" type="stmt"/>
      <line num="214" count="1" type="stmt"/>
      <line num="215" count="1" type="stmt"/>
      <line num="218" count="1" type="stmt"/>
      <line num="219" count="1" type="stmt"/>
      <line num="220" count="1" type="stmt"/>
      <line num="221" count="1" type="stmt"/>
      <line num="222" count="1" type="stmt"/>
      <line num="223" count="1" type="stmt"/>
      <line num="224" count="1" type="stmt"/>
      <line num="225" count="1" type="stmt"/>
      <line num="226" count="1" type="stmt"/>
      <line num="227" count="1" type="stmt"/>
      <line num="235" count="12" type="cond" truecount="2" falsecount="0"/>
      <line num="236" count="12" type="cond" truecount="2" falsecount="0"/>
      <line num="237" count="12" type="cond" truecount="2" falsecount="0"/>
      <line num="241" count="1" type="stmt"/>
      <line num="249" count="19" type="stmt"/>
      <line num="250" count="19" type="stmt"/>
      <line num="251" count="19" type="stmt"/>
      <line num="252" count="19" type="cond" truecount="2" falsecount="0"/>
      <line num="253" count="2" type="stmt"/>
      <line num="254" count="2" type="cond" truecount="2" falsecount="0"/>
      <line num="257" count="18" type="stmt"/>
      <line num="258" count="15" type="stmt"/>
      <line num="259" count="15" type="stmt"/>
      <line num="260" count="15" type="stmt"/>
      <line num="274" count="12" type="stmt"/>
      <line num="275" count="12" type="stmt"/>
      <line num="276" count="10" type="cond" truecount="4" falsecount="0"/>
      <line num="277" count="2" type="stmt"/>
      <line num="279" count="2" type="stmt"/>
      <line num="280" count="2" type="stmt"/>
      <line num="282" count="2" type="cond" truecount="2" falsecount="0"/>
      <line num="284" count="8" type="stmt"/>
      <line num="285" count="8" type="stmt"/>
      <line num="288" count="2" type="stmt"/>
      <line num="289" count="2" type="stmt"/>
      <line num="290" count="2" type="stmt"/>
      <line num="304" count="9" type="stmt"/>
      <line num="305" count="9" type="cond" truecount="2" falsecount="0"/>
      <line num="308" count="8" type="cond" truecount="2" falsecount="0"/>
      <line num="309" count="1" type="stmt"/>
      <line num="310" count="1" type="stmt"/>
      <line num="311" count="1" type="stmt"/>
      <line num="312" count="1" type="cond" truecount="1" falsecount="1"/>
      <line num="315" count="8" type="stmt"/>
      <line num="316" count="8" type="stmt"/>
      <line num="317" count="8" type="cond" truecount="1" falsecount="1"/>
      <line num="318" count="8" type="cond" truecount="1" falsecount="1"/>
      <line num="319" count="8" type="cond" truecount="1" falsecount="1"/>
      <line num="321" count="8" type="stmt"/>
      <line num="324" count="8" type="stmt"/>
      <line num="335" count="28" type="cond" truecount="4" falsecount="0"/>
      <line num="336" count="27" type="cond" truecount="2" falsecount="0"/>
      <line num="337" count="27" type="stmt"/>
      <line num="338" count="27" type="stmt"/>
      <line num="341" count="1" type="stmt"/>
      <line num="342" count="1" type="stmt"/>
      <line num="343" count="1" type="stmt"/>
      <line num="352" count="39" type="cond" truecount="2" falsecount="0"/>
      <line num="353" count="2" type="stmt"/>
      <line num="354" count="2" type="stmt"/>
      <line num="358" count="37" type="stmt"/>
      <line num="359" count="37" type="stmt"/>
      <line num="360" count="36" type="cond" truecount="1" falsecount="1"/>
      <line num="361" count="1" type="stmt"/>
      <line num="363" count="37" type="stmt"/>
      <line num="365" count="37" type="cond" truecount="2" falsecount="0"/>
      <line num="366" count="1" type="stmt"/>
      <line num="367" count="1" type="stmt"/>
      <line num="370" count="36" type="stmt"/>
      <line num="371" count="137" type="stmt"/>
      <line num="372" count="137" type="stmt"/>
      <line num="373" count="137" type="cond" truecount="2" falsecount="0"/>
      <line num="376" count="137" type="cond" truecount="2" falsecount="0"/>
      <line num="379" count="137" type="stmt"/>
      <line num="389" count="301" type="cond" truecount="2" falsecount="0"/>
      <line num="398" count="52" type="stmt"/>
      <line num="399" count="538" type="cond" truecount="2" falsecount="0"/>
      <line num="400" count="8" type="stmt"/>
      <line num="401" count="8" type="stmt"/>
      <line num="402" count="8" type="cond" truecount="2" falsecount="0"/>
      <line num="403" count="4" type="cond" truecount="2" falsecount="0"/>
      <line num="404" count="3" type="cond" truecount="2" falsecount="0"/>
      <line num="405" count="2" type="stmt"/>
      <line num="417" count="9" type="stmt"/>
      <line num="418" count="9" type="cond" truecount="2" falsecount="0"/>
      <line num="419" count="8" type="stmt"/>
      <line num="420" count="8" type="cond" truecount="2" falsecount="0"/>
      <line num="422" count="7" type="stmt"/>
      <line num="423" count="7" type="stmt"/>
      <line num="424" count="7" type="stmt"/>
      <line num="426" count="7" type="stmt"/>
      <line num="427" count="6" type="stmt"/>
      <line num="428" count="6" type="stmt"/>
      <line num="429" count="6" type="cond" truecount="3" falsecount="1"/>
      <line num="431" count="6" type="cond" truecount="4" falsecount="0"/>
      <line num="432" count="5" type="stmt"/>
      <line num="433" count="5" type="stmt"/>
      <line num="434" count="5" type="cond" truecount="6" falsecount="0"/>
      <line num="435" count="5" type="stmt"/>
      <line num="436" count="5" type="stmt"/>
      <line num="437" count="5" type="cond" truecount="1" falsecount="1"/>
      <line num="439" count="6" type="stmt"/>
      <line num="441" count="7" type="stmt"/>
      <line num="452" count="5" type="cond" truecount="2" falsecount="0"/>
      <line num="453" count="5" type="cond" truecount="2" falsecount="0"/>
      <line num="454" count="5" type="cond" truecount="2" falsecount="0"/>
      <line num="456" count="5" type="cond" truecount="4" falsecount="0"/>
      <line num="457" count="3" type="stmt"/>
      <line num="462" count="2" type="cond" truecount="2" falsecount="0"/>
      <line num="463" count="1" type="stmt"/>
      <line num="475" count="0" type="stmt"/>
      <line num="476" count="0" type="cond" truecount="0" falsecount="4"/>
      <line num="477" count="0" type="stmt"/>
      <line num="478" count="0" type="stmt"/>
      <line num="479" count="0" type="stmt"/>
      <line num="480" count="0" type="cond" truecount="0" falsecount="7"/>
      <line num="482" count="0" type="stmt"/>
      <line num="486" count="0" type="cond" truecount="0" falsecount="2"/>
      <line num="487" count="0" type="stmt"/>
      <line num="488" count="0" type="stmt"/>
      <line num="492" count="1" type="stmt"/>
      <line num="493" count="1" type="stmt"/>
      <line num="494" count="0" type="stmt"/>
      <line num="506" count="4" type="cond" truecount="2" falsecount="0"/>
      <line num="508" count="4" type="stmt"/>
      <line num="509" count="4" type="stmt"/>
      <line num="510" count="4" type="stmt"/>
      <line num="512" count="4" type="stmt"/>
      <line num="513" count="3" type="stmt"/>
      <line num="514" count="3" type="stmt"/>
      <line num="515" count="3" type="stmt"/>
      <line num="518" count="3" type="cond" truecount="4" falsecount="0"/>
      <line num="519" count="2" type="cond" truecount="2" falsecount="0"/>
      <line num="520" count="2" type="stmt"/>
      <line num="521" count="3" type="cond" truecount="2" falsecount="0"/>
      <line num="523" count="2" type="cond" truecount="1" falsecount="1"/>
      <line num="524" count="2" type="stmt"/>
      <line num="525" count="2" type="stmt"/>
      <line num="526" count="2" type="stmt"/>
      <line num="532" count="4" type="stmt"/>
      <line num="533" count="2" type="cond" truecount="2" falsecount="0"/>
      <line num="534" count="1" type="stmt"/>
      <line num="535" count="1" type="cond" truecount="1" falsecount="1"/>
      <line num="536" count="1" type="stmt"/>
      <line num="537" count="1" type="stmt"/>
      <line num="543" count="4" type="stmt"/>
      <line num="544" count="1" type="stmt"/>
      <line num="548" count="4" type="stmt"/>
      <line num="549" count="2" type="cond" truecount="2" falsecount="0"/>
      <line num="550" count="2" type="cond" truecount="2" falsecount="0"/>
      <line num="551" count="1" type="stmt"/>
      <line num="552" count="1" type="cond" truecount="1" falsecount="1"/>
      <line num="553" count="1" type="cond" truecount="1" falsecount="1"/>
      <line num="554" count="1" type="cond" truecount="1" falsecount="1"/>
      <line num="555" count="1" type="stmt"/>
      <line num="556" count="1" type="cond" truecount="1" falsecount="1"/>
      <line num="561" count="4" type="stmt"/>
      <line num="562" count="2" type="cond" truecount="2" falsecount="0"/>
      <line num="563" count="1" type="stmt"/>
      <line num="564" count="1" type="stmt"/>
      <line num="565" count="1" type="stmt"/>
      <line num="566" count="1" type="stmt"/>
      <line num="567" count="1" type="cond" truecount="1" falsecount="1"/>
      <line num="568" count="1" type="stmt"/>
      <line num="581" count="3" type="cond" truecount="2" falsecount="0"/>
      <line num="582" count="2" type="stmt"/>
      <line num="583" count="2" type="stmt"/>
      <line num="584" count="2" type="stmt"/>
      <line num="585" count="2" type="stmt"/>
      <line num="586" count="2" type="stmt"/>
      <line num="587" count="1" type="stmt"/>
      <line num="588" count="1" type="stmt"/>
      <line num="591" count="1" type="stmt"/>
      <line num="592" count="1" type="stmt"/>
      <line num="593" count="1" type="stmt"/>
      <line num="604" count="7" type="cond" truecount="4" falsecount="0"/>
      <line num="605" count="4" type="stmt"/>
      <line num="606" count="4" type="stmt"/>
      <line num="607" count="4" type="stmt"/>
      <line num="610" count="1" type="stmt"/>
      <line num="611" count="1" type="cond" truecount="0" falsecount="2"/>
      <line num="612" count="1" type="stmt"/>
      <line num="613" count="1" type="cond" truecount="3" falsecount="1"/>
      <line num="614" count="1" type="stmt"/>
      <line num="615" count="1" type="cond" truecount="1" falsecount="1"/>
      <line num="616" count="1" type="stmt"/>
      <line num="621" count="1" type="stmt"/>
      <line num="622" count="2" type="stmt"/>
      <line num="623" count="2" type="cond" truecount="4" falsecount="0"/>
      <line num="624" count="1" type="stmt"/>
      <line num="625" count="1" type="stmt"/>
      <line num="626" count="1" type="stmt"/>
      <line num="627" count="1" type="stmt"/>
      <line num="631" count="1" type="stmt"/>
      <line num="632" count="3" type="stmt"/>
      <line num="633" count="3" type="stmt"/>
      <line num="634" count="3" type="cond" truecount="2" falsecount="0"/>
      <line num="635" count="3" type="cond" truecount="2" falsecount="0"/>
      <line num="646" count="17" type="stmt"/>
      <line num="647" count="17" type="stmt"/>
      <line num="648" count="15" type="cond" truecount="2" falsecount="0"/>
      <line num="649" count="14" type="stmt"/>
      <line num="650" count="14" type="stmt"/>
      <line num="651" count="14" type="cond" truecount="2" falsecount="0"/>
      <line num="652" count="14" type="cond" truecount="2" falsecount="0"/>
      <line num="653" count="2" type="stmt"/>
      <line num="663" count="14" type="stmt"/>
      <line num="664" count="14" type="stmt"/>
      <line num="665" count="12" type="cond" truecount="2" falsecount="0"/>
      <line num="666" count="11" type="stmt"/>
      <line num="667" count="11" type="stmt"/>
      <line num="668" count="2" type="stmt"/>
      <line num="679" count="10" type="stmt"/>
      <line num="680" count="10" type="stmt"/>
      <line num="681" count="10" type="stmt"/>
      <line num="683" count="10" type="stmt"/>
      <line num="684" count="10" type="stmt"/>
      <line num="685" count="10" type="stmt"/>
      <line num="686" count="10" type="stmt"/>
      <line num="687" count="10" type="cond" truecount="2" falsecount="0"/>
      <line num="688" count="10" type="stmt"/>
      <line num="698" count="5" type="stmt"/>
      <line num="699" count="5" type="stmt"/>
      <line num="700" count="5" type="stmt"/>
      <line num="705" count="4" type="cond" truecount="2" falsecount="0"/>
      <line num="706" count="3" type="stmt"/>
      <line num="707" count="3" type="stmt"/>
      <line num="708" count="3" type="cond" truecount="2" falsecount="0"/>
      <line num="709" count="3" type="stmt"/>
      <line num="710" count="1" type="cond" truecount="1" falsecount="1"/>
      <line num="711" count="1" type="stmt"/>
      <line num="712" count="1" type="stmt"/>
      <line num="713" count="1" type="stmt"/>
      <line num="716" count="1" type="stmt"/>
      <line num="717" count="1" type="stmt"/>
      <line num="721" count="1" type="stmt"/>
      <line num="722" count="1" type="stmt"/>
      <line num="723" count="1" type="stmt"/>
      <line num="731" count="7" type="stmt"/>
      <line num="732" count="7" type="cond" truecount="2" falsecount="0"/>
      <line num="734" count="6" type="stmt"/>
      <line num="743" count="5" type="stmt"/>
      <line num="744" count="5" type="stmt"/>
      <line num="745" count="5" type="stmt"/>
      <line num="746" count="5" type="stmt"/>
      <line num="747" count="5" type="stmt"/>
      <line num="748" count="5" type="cond" truecount="2" falsecount="0"/>
      <line num="749" count="5" type="stmt"/>
      <line num="750" count="5" type="cond" truecount="1" falsecount="1"/>
      <line num="751" count="5" type="stmt"/>
      <line num="754" count="1" type="stmt"/>
      <line num="755" count="1" type="stmt"/>
      <line num="756" count="1" type="stmt"/>
      <line num="759" count="1" type="stmt"/>
      <line num="760" count="1" type="stmt"/>
      <line num="761" count="1" type="stmt"/>
      <line num="764" count="1" type="stmt"/>
      <line num="765" count="1" type="stmt"/>
      <line num="766" count="1" type="stmt"/>
      <line num="769" count="1" type="stmt"/>
      <line num="770" count="1" type="stmt"/>
      <line num="771" count="1" type="stmt"/>
      <line num="774" count="1" type="stmt"/>
      <line num="775" count="1" type="stmt"/>
      <line num="776" count="1" type="stmt"/>
      <line num="779" count="1" type="stmt"/>
      <line num="780" count="1" type="stmt"/>
      <line num="781" count="1" type="stmt"/>
      <line num="792" count="8" type="stmt"/>
      <line num="793" count="8" type="cond" truecount="2" falsecount="0"/>
      <line num="794" count="5" type="stmt"/>
      <line num="795" count="6" type="stmt"/>
      <line num="796" count="6" type="cond" truecount="2" falsecount="0"/>
      <line num="797" count="6" type="stmt"/>
      <line num="798" count="6" type="stmt"/>
      <line num="799" count="6" type="cond" truecount="5" falsecount="0"/>
      <line num="800" count="1" type="stmt"/>
      <line num="802" count="6" type="stmt"/>
      <line num="804" count="5" type="stmt"/>
      <line num="807" count="1" type="stmt"/>
      <line num="808" count="2" type="stmt"/>
      <line num="809" count="2" type="cond" truecount="2" falsecount="0"/>
      <line num="810" count="1" type="stmt"/>
      <line num="813" count="1" type="stmt"/>
      <line num="814" count="2" type="stmt"/>
      <line num="815" count="2" type="cond" truecount="2" falsecount="0"/>
      <line num="816" count="1" type="stmt"/>
      <line num="820" count="1" type="stmt"/>
      <line num="821" count="1" type="stmt"/>
      <line num="822" count="1" type="stmt"/>
      <line num="823" count="1" type="stmt"/>
      <line num="824" count="1" type="stmt"/>
      <line num="825" count="1" type="stmt"/>
      <line num="829" count="1" type="stmt"/>
      <line num="830" count="1" type="stmt"/>
      <line num="831" count="1" type="stmt"/>
      <line num="835" count="1" type="stmt"/>
      <line num="845" count="12" type="stmt"/>
      <line num="846" count="12" type="stmt"/>
      <line num="847" count="11" type="cond" truecount="2" falsecount="0"/>
      <line num="848" count="10" type="stmt"/>
      <line num="849" count="10" type="cond" truecount="2" falsecount="0"/>
      <line num="850" count="10" type="cond" truecount="2" falsecount="0"/>
      <line num="851" count="10" type="cond" truecount="2" falsecount="0"/>
      <line num="853" count="10" type="cond" truecount="4" falsecount="0"/>
      <line num="857" count="6" type="cond" truecount="1" falsecount="1"/>
      <line num="858" count="6" type="cond" truecount="1" falsecount="1"/>
      <line num="859" count="6" type="cond" truecount="2" falsecount="0"/>
      <line num="860" count="6" type="stmt"/>
      <line num="863" count="6" type="cond" truecount="4" falsecount="0"/>
      <line num="865" count="2" type="cond" truecount="1" falsecount="1"/>
      <line num="867" count="2" type="stmt"/>
      <line num="870" count="2" type="stmt"/>
      <line num="871" count="2" type="cond" truecount="4" falsecount="1"/>
      <line num="872" count="2" type="stmt"/>
      <line num="875" count="2" type="stmt"/>
      <line num="876" count="1" type="stmt"/>
      <line num="877" count="1" type="stmt"/>
      <line num="878" count="1" type="stmt"/>
      <line num="885" count="10" type="stmt"/>
      <line num="886" count="10" type="stmt"/>
      <line num="887" count="50" type="stmt"/>
      <line num="888" count="50" type="stmt"/>
      <line num="889" count="50" type="cond" truecount="6" falsecount="2"/>
      <line num="891" count="10" type="cond" truecount="2" falsecount="0"/>
      <line num="893" count="5" type="stmt"/>
      <line num="894" count="4" type="stmt"/>
      <line num="896" count="4" type="stmt"/>
      <line num="897" count="4" type="cond" truecount="1" falsecount="1"/>
      <line num="898" count="5" type="cond" truecount="4" falsecount="0"/>
      <line num="899" count="4" type="stmt"/>
      <line num="900" count="5" type="stmt"/>
      <line num="901" count="4" type="stmt"/>
      <line num="902" count="4" type="stmt"/>
      <line num="903" count="4" type="stmt"/>
      <line num="905" count="4" type="stmt"/>
      <line num="906" count="5" type="cond" truecount="2" falsecount="0"/>
      <line num="907" count="4" type="stmt"/>
      <line num="908" count="4" type="stmt"/>
      <line num="909" count="3" type="cond" truecount="5" falsecount="0"/>
      <line num="910" count="1" type="cond" truecount="1" falsecount="1"/>
      <line num="911" count="1" type="stmt"/>
      <line num="913" count="1" type="stmt"/>
      <line num="918" count="10" type="cond" truecount="4" falsecount="0"/>
      <line num="919" count="1" type="stmt"/>
      <line num="920" count="1" type="cond" truecount="1" falsecount="1"/>
      <line num="921" count="1" type="cond" truecount="1" falsecount="1"/>
      <line num="922" count="1" type="stmt"/>
      <line num="923" count="1" type="cond" truecount="1" falsecount="1"/>
      <line num="925" count="1" type="stmt"/>
      <line num="933" count="3" type="stmt"/>
      <line num="934" count="3" type="cond" truecount="2" falsecount="0"/>
      <line num="935" count="1" type="stmt"/>
      <line num="936" count="1" type="stmt"/>
      <line num="940" count="1" type="stmt"/>
      <line num="941" count="1" type="stmt"/>
      <line num="942" count="1" type="stmt"/>
      <line num="943" count="1" type="stmt"/>
      <line num="948" count="2" type="stmt"/>
      <line num="953" count="1" type="stmt"/>
      <line num="955" count="1" type="stmt"/>
      <line num="956" count="1" type="stmt"/>
      <line num="957" count="1" type="stmt"/>
      <line num="960" count="1" type="cond" truecount="2" falsecount="0"/>
      <line num="961" count="1" type="cond" truecount="2" falsecount="0"/>
      <line num="963" count="1" type="stmt"/>
      <line num="964" count="1" type="stmt"/>
      <line num="965" count="1" type="stmt"/>
      <line num="966" count="1" type="stmt"/>
      <line num="967" count="1" type="stmt"/>
      <line num="968" count="1" type="stmt"/>
      <line num="969" count="1" type="stmt"/>
      <line num="971" count="1" type="stmt"/>
      <line num="978" count="7" type="stmt"/>
      <line num="979" count="7" type="stmt"/>
      <line num="980" count="7" type="stmt"/>
      <line num="981" count="7" type="stmt"/>
      <line num="989" count="14" type="stmt"/>
      <line num="990" count="14" type="stmt"/>
      <line num="991" count="14" type="stmt"/>
      <line num="992" count="14" type="stmt"/>
      <line num="993" count="14" type="stmt"/>
      <line num="997" count="1" type="stmt"/>
      <line num="998" count="16" type="stmt"/>
      <line num="999" count="16" type="stmt"/>
      <line num="1000" count="16" type="stmt"/>
      <line num="1001" count="16" type="cond" truecount="4" falsecount="0"/>
      <line num="1002" count="15" type="stmt"/>
      <line num="1003" count="15" type="stmt"/>
      <line num="1008" count="14" type="stmt"/>
      <line num="1009" count="14" type="cond" truecount="2" falsecount="0"/>
      <line num="1010" count="13" type="stmt"/>
      <line num="1011" count="13" type="stmt"/>
      <line num="1012" count="13" type="stmt"/>
      <line num="1013" count="13" type="stmt"/>
      <line num="1014" count="13" type="stmt"/>
      <line num="1016" count="1" type="cond" truecount="1" falsecount="1"/>
      <line num="1018" count="1" type="stmt"/>
      <line num="1022" count="1" type="stmt"/>
      <line num="1023" count="4" type="stmt"/>
      <line num="1024" count="4" type="stmt"/>
      <line num="1025" count="4" type="stmt"/>
      <line num="1026" count="4" type="stmt"/>
      <line num="1027" count="4" type="cond" truecount="4" falsecount="0"/>
      <line num="1028" count="3" type="stmt"/>
      <line num="1029" count="3" type="stmt"/>
      <line num="1034" count="2" type="stmt"/>
      <line num="1035" count="2" type="cond" truecount="2" falsecount="0"/>
      <line num="1036" count="1" type="stmt"/>
      <line num="1037" count="1" type="stmt"/>
      <line num="1039" count="1" type="cond" truecount="1" falsecount="1"/>
      <line num="1040" count="1" type="stmt"/>
      <line num="1043" count="1" type="stmt"/>
      <line num="1044" count="1" type="stmt"/>
      <line num="1049" count="1" type="stmt"/>
      <line num="1050" count="3" type="cond" truecount="2" falsecount="0"/>
      <line num="1051" count="2" type="stmt"/>
      <line num="1052" count="0" type="stmt"/>
      <line num="1054" count="3" type="stmt"/>
      <line num="1055" count="3" type="stmt"/>
      <line num="1056" count="3" type="stmt"/>
      <line num="1057" count="3" type="stmt"/>
      <line num="1058" count="3" type="stmt"/>
      <line num="1059" count="3" type="stmt"/>
      <line num="1060" count="3" type="stmt"/>
      <line num="1071" count="15" type="cond" truecount="2" falsecount="0"/>
      <line num="1072" count="13" type="stmt"/>
      <line num="1073" count="13" type="stmt"/>
      <line num="1076" count="12" type="cond" truecount="2" falsecount="0"/>
      <line num="1077" count="2" type="cond" truecount="2" falsecount="0"/>
      <line num="1078" count="1" type="stmt"/>
      <line num="1080" count="10" type="stmt"/>
      <line num="1081" count="10" type="cond" truecount="2" falsecount="0"/>
      <line num="1082" count="10" type="cond" truecount="2" falsecount="0"/>
      <line num="1083" count="10" type="cond" truecount="2" falsecount="0"/>
      <line num="1085" count="12" type="cond" truecount="2" falsecount="0"/>
      <line num="1086" count="10" type="stmt"/>
      <line num="1087" count="30" type="stmt"/>
      <line num="1089" count="1" type="stmt"/>
      <line num="1093" count="1" type="stmt"/>
      <line num="1094" count="4" type="stmt"/>
      <line num="1095" count="4" type="cond" truecount="2" falsecount="0"/>
      <line num="1096" count="3" type="stmt"/>
      <line num="1097" count="3" type="stmt"/>
      <line num="1098" count="0" type="stmt"/>
      <line num="1100" count="3" type="stmt"/>
      <line num="1106" count="3" type="stmt"/>
      <line num="1107" count="3" type="stmt"/>
      <line num="1115" count="2" type="cond" truecount="2" falsecount="0"/>
      <line num="1116" count="1" type="stmt"/>
      <line num="1117" count="1" type="stmt"/>
      <line num="1119" count="1" type="stmt"/>
      <line num="1120" count="1" type="cond" truecount="1" falsecount="1"/>
      <line num="1121" count="1" type="stmt"/>
      <line num="1123" count="1" type="stmt"/>
      <line num="1127" count="1" type="stmt"/>
      <line num="1128" count="4" type="stmt"/>
      <line num="1129" count="4" type="stmt"/>
      <line num="1130" count="4" type="stmt"/>
      <line num="1131" count="4" type="cond" truecount="2" falsecount="0"/>
      <line num="1132" count="3" type="cond" truecount="1" falsecount="1"/>
      <line num="1133" count="3" type="stmt"/>
      <line num="1134" count="3" type="stmt"/>
      <line num="1142" count="2" type="cond" truecount="2" falsecount="0"/>
      <line num="1143" count="1" type="stmt"/>
      <line num="1144" count="1" type="stmt"/>
      <line num="1145" count="1" type="stmt"/>
      <line num="1147" count="1" type="stmt"/>
      <line num="1148" count="1" type="cond" truecount="1" falsecount="1"/>
      <line num="1149" count="1" type="stmt"/>
      <line num="1151" count="1" type="stmt"/>
      <line num="1155" count="1" type="stmt"/>
      <line num="1156" count="2" type="stmt"/>
      <line num="1157" count="2" type="cond" truecount="2" falsecount="0"/>
      <line num="1158" count="2" type="stmt"/>
      <line num="1161" count="1" type="stmt"/>
      <line num="1162" count="1" type="stmt"/>
      <line num="1163" count="1" type="cond" truecount="1" falsecount="1"/>
      <line num="1164" count="1" type="stmt"/>
      <line num="1168" count="1" type="cond" truecount="2" falsecount="2"/>
      <line num="1169" count="0" type="stmt"/>
      <line num="1171" count="1" type="stmt"/>
      <line num="1175" count="1" type="stmt"/>
      <line num="1176" count="1" type="stmt"/>
      <line num="1179" count="1" type="stmt"/>
      <line num="1180" count="1" type="stmt"/>
      <line num="1182" count="1" type="stmt"/>
      <line num="1183" count="3" type="stmt"/>
      <line num="1184" count="3" type="stmt"/>
      <line num="1187" count="1" type="stmt"/>
      <line num="1188" count="21" type="cond" truecount="1" falsecount="1"/>
      <line num="1189" count="21" type="stmt"/>
      <line num="1199" count="3" type="stmt"/>
      <line num="1200" count="3" type="stmt"/>
      <line num="1201" count="3" type="stmt"/>
      <line num="1202" count="3" type="cond" truecount="1" falsecount="1"/>
      <line num="1205" count="1" type="stmt"/>
      <line num="1206" count="2" type="stmt"/>
      <line num="1210" count="1" type="cond" truecount="2" falsecount="0"/>
      <line num="1211" count="1" type="stmt"/>
      <line num="1218" count="9" type="stmt"/>
      <line num="1219" count="9" type="cond" truecount="1" falsecount="1"/>
      <line num="1229" count="6" type="cond" truecount="2" falsecount="0"/>
      <line num="1230" count="5" type="stmt"/>
      <line num="1231" count="5" type="stmt"/>
      <line num="1232" count="5" type="stmt"/>
      <line num="1233" count="5" type="stmt"/>
      <line num="1234" count="5" type="cond" truecount="2" falsecount="0"/>
      <line num="1235" count="3" type="stmt"/>
      <line num="1236" count="3" type="cond" truecount="2" falsecount="0"/>
      <line num="1237" count="2" type="stmt"/>
      <line num="1239" count="2" type="cond" truecount="1" falsecount="1"/>
      <line num="1240" count="2" type="stmt"/>
      <line num="1241" count="2" type="cond" truecount="2" falsecount="0"/>
      <line num="1245" count="1" type="stmt"/>
      <line num="1246" count="2" type="stmt"/>
      <line num="1250" count="1" type="stmt"/>
      <line num="1251" count="1" type="cond" truecount="1" falsecount="1"/>
      <line num="1252" count="1" type="stmt"/>
      <line num="1255" count="1" type="stmt"/>
      <line num="1256" count="0" type="stmt"/>
      <line num="1258" count="1" type="stmt"/>
      <line num="1260" count="1" type="cond" truecount="1" falsecount="1"/>
      <line num="1261" count="1" type="stmt"/>
      <line num="1262" count="0" type="cond" truecount="0" falsecount="2"/>
      <line num="1264" count="0" type="stmt"/>
      <line num="1265" count="0" type="stmt"/>
      <line num="1266" count="0" type="stmt"/>
      <line num="1267" count="0" type="stmt"/>
      <line num="1270" count="0" type="stmt"/>
      <line num="1271" count="0" type="stmt"/>
      <line num="1275" count="1" type="stmt"/>
      <line num="1276" count="1" type="stmt"/>
      <line num="1277" count="1" type="stmt"/>
      <line num="1278" count="1" type="stmt"/>
      <line num="1285" count="0" type="stmt"/>
      <line num="1286" count="0" type="cond" truecount="0" falsecount="2"/>
      <line num="1288" count="0" type="stmt"/>
      <line num="1289" count="0" type="stmt"/>
      <line num="1290" count="0" type="stmt"/>
      <line num="1291" count="0" type="stmt"/>
      <line num="1293" count="0" type="stmt"/>
      <line num="1296" count="0" type="stmt"/>
      <line num="1297" count="0" type="stmt"/>
      <line num="1300" count="0" type="stmt"/>
      <line num="1301" count="0" type="stmt"/>
      <line num="1302" count="0" type="stmt"/>
      <line num="1303" count="0" type="stmt"/>
      <line num="1305" count="0" type="stmt"/>
      <line num="1306" count="0" type="stmt"/>
      <line num="1308" count="0" type="stmt"/>
      <line num="1309" count="0" type="stmt"/>
      <line num="1310" count="0" type="stmt"/>
      <line num="1311" count="0" type="stmt"/>
      <line num="1314" count="0" type="stmt"/>
      <line num="1325" count="17" type="cond" truecount="2" falsecount="0"/>
      <line num="1326" count="14" type="stmt"/>
      <line num="1329" count="14" type="stmt"/>
      <line num="1331" count="14" type="stmt"/>
      <line num="1333" count="14" type="stmt"/>
      <line num="1334" count="14" type="stmt"/>
      <line num="1335" count="14" type="stmt"/>
      <line num="1336" count="14" type="stmt"/>
      <line num="1337" count="14" type="stmt"/>
      <line num="1338" count="14" type="stmt"/>
      <line num="1340" count="14" type="stmt"/>
      <line num="1341" count="14" type="stmt"/>
      <line num="1342" count="14" type="stmt"/>
      <line num="1344" count="14" type="stmt"/>
      <line num="1345" count="0" type="stmt"/>
      <line num="1346" count="0" type="cond" truecount="0" falsecount="2"/>
      <line num="1347" count="0" type="stmt"/>
      <line num="1348" count="0" type="stmt"/>
      <line num="1350" count="14" type="stmt"/>
      <line num="1351" count="0" type="cond" truecount="0" falsecount="2"/>
      <line num="1352" count="0" type="stmt"/>
      <line num="1355" count="14" type="stmt"/>
      <line num="1356" count="14" type="stmt"/>
      <line num="1357" count="14" type="stmt"/>
      <line num="1359" count="14" type="stmt"/>
      <line num="1361" count="14" type="stmt"/>
      <line num="1362" count="14" type="stmt"/>
      <line num="1363" count="14" type="stmt"/>
      <line num="1365" count="14" type="stmt"/>
      <line num="1367" count="14" type="stmt"/>
      <line num="1375" count="1" type="stmt"/>
      <line num="1378" count="2" type="stmt"/>
      <line num="1379" count="2" type="stmt"/>
      <line num="1386" count="2" type="stmt"/>
      <line num="1387" count="2" type="stmt"/>
      <line num="1388" count="2" type="stmt"/>
      <line num="1389" count="2" type="cond" truecount="1" falsecount="1"/>
      <line num="1393" count="5" type="cond" truecount="1" falsecount="1"/>
      <line num="1394" count="5" type="stmt"/>
      <line num="1396" count="5" type="stmt"/>
      <line num="1415" count="0" type="stmt"/>
      <line num="1416" count="0" type="cond" truecount="0" falsecount="2"/>
      <line num="1418" count="0" type="stmt"/>
      <line num="1419" count="0" type="stmt"/>
      <line num="1420" count="0" type="stmt"/>
      <line num="1421" count="0" type="stmt"/>
      <line num="1422" count="0" type="cond" truecount="0" falsecount="2"/>
      <line num="1423" count="0" type="stmt"/>
      <line num="1424" count="0" type="stmt"/>
      <line num="1429" count="0" type="cond" truecount="0" falsecount="2"/>
      <line num="1430" count="0" type="stmt"/>
      <line num="1440" count="0" type="stmt"/>
      <line num="1441" count="0" type="stmt"/>
      <line num="1444" count="0" type="cond" truecount="0" falsecount="2"/>
      <line num="1445" count="0" type="stmt"/>
      <line num="1446" count="0" type="stmt"/>
      <line num="1447" count="0" type="stmt"/>
      <line num="1448" count="0" type="stmt"/>
      <line num="1449" count="0" type="stmt"/>
      <line num="1453" count="0" type="stmt"/>
      <line num="1454" count="0" type="stmt"/>
      <line num="1455" count="0" type="stmt"/>
      <line num="1459" count="0" type="stmt"/>
      <line num="1460" count="0" type="stmt"/>
      <line num="1461" count="0" type="stmt"/>
      <line num="1464" count="0" type="cond" truecount="0" falsecount="2"/>
      <line num="1465" count="0" type="stmt"/>
      <line num="1466" count="0" type="stmt"/>
      <line num="1470" count="0" type="cond" truecount="0" falsecount="2"/>
      <line num="1471" count="0" type="cond" truecount="0" falsecount="2"/>
      <line num="1472" count="0" type="cond" truecount="0" falsecount="2"/>
      <line num="1473" count="0" type="cond" truecount="0" falsecount="2"/>
      <line num="1474" count="0" type="cond" truecount="0" falsecount="2"/>
      <line num="1476" count="0" type="cond" truecount="0" falsecount="6"/>
      <line num="1477" count="0" type="stmt"/>
      <line num="1478" count="0" type="stmt"/>
      <line num="1479" count="0" type="stmt"/>
      <line num="1483" count="0" type="stmt"/>
      <line num="1484" count="0" type="stmt"/>
      <line num="1487" count="0" type="stmt"/>
      <line num="1499" count="0" type="stmt"/>
      <line num="1501" count="0" type="cond" truecount="0" falsecount="2"/>
      <line num="1502" count="0" type="cond" truecount="0" falsecount="2"/>
      <line num="1503" count="0" type="stmt"/>
      <line num="1505" count="0" type="stmt"/>
      <line num="1507" count="0" type="stmt"/>
      <line num="1512" count="0" type="cond" truecount="0" falsecount="2"/>
      <line num="1513" count="0" type="stmt"/>
      <line num="1514" count="0" type="stmt"/>
      <line num="1519" count="1" type="stmt"/>
      <line num="1522" count="0" type="cond" truecount="0" falsecount="2"/>
      <line num="1523" count="0" type="cond" truecount="0" falsecount="2"/>
      <line num="1524" count="0" type="cond" truecount="0" falsecount="2"/>
      <line num="1526" count="0" type="cond" truecount="0" falsecount="6"/>
      <line num="1527" count="0" type="stmt"/>
      <line num="1528" count="0" type="stmt"/>
      <line num="1529" count="0" type="stmt"/>
      <line num="1532" count="0" type="stmt"/>
      <line num="1533" count="0" type="stmt"/>
      <line num="1535" count="0" type="stmt"/>
      <line num="1540" count="0" type="stmt"/>
      <line num="1542" count="0" type="cond" truecount="0" falsecount="5"/>
      <line num="1543" count="0" type="stmt"/>
      <line num="1545" count="0" type="stmt"/>
      <line num="1547" count="0" type="stmt"/>
      <line num="1548" count="0" type="stmt"/>
      <line num="1551" count="0" type="stmt"/>
      <line num="1556" count="0" type="cond" truecount="0" falsecount="2"/>
      <line num="1557" count="0" type="stmt"/>
      <line num="1558" count="0" type="stmt"/>
      <line num="1560" count="0" type="stmt"/>
      <line num="1562" count="0" type="stmt"/>
      <line num="1563" count="0" type="stmt"/>
      <line num="1564" count="0" type="stmt"/>
      <line num="1565" count="0" type="stmt"/>
      <line num="1566" count="0" type="stmt"/>
      <line num="1567" count="0" type="cond" truecount="0" falsecount="2"/>
      <line num="1570" count="0" type="stmt"/>
      <line num="1571" count="0" type="stmt"/>
      <line num="1572" count="0" type="stmt"/>
      <line num="1573" count="0" type="stmt"/>
      <line num="1575" count="0" type="stmt"/>
      <line num="1578" count="0" type="stmt"/>
      <line num="1579" count="0" type="cond" truecount="0" falsecount="2"/>
      <line num="1582" count="0" type="stmt"/>
      <line num="1583" count="0" type="stmt"/>
      <line num="1584" count="0" type="stmt"/>
      <line num="1585" count="0" type="stmt"/>
      <line num="1586" count="0" type="cond" truecount="0" falsecount="2"/>
      <line num="1587" count="0" type="stmt"/>
      <line num="1591" count="0" type="cond" truecount="0" falsecount="4"/>
      <line num="1592" count="0" type="stmt"/>
      <line num="1595" count="0" type="stmt"/>
      <line num="1596" count="0" type="stmt"/>
      <line num="1597" count="0" type="cond" truecount="0" falsecount="2"/>
      <line num="1598" count="0" type="cond" truecount="0" falsecount="2"/>
      <line num="1601" count="0" type="stmt"/>
      <line num="1602" count="0" type="cond" truecount="0" falsecount="2"/>
      <line num="1603" count="0" type="stmt"/>
      <line num="1604" count="0" type="stmt"/>
      <line num="1605" count="0" type="stmt"/>
      <line num="1608" count="0" type="stmt"/>
      <line num="1618" count="0" type="stmt"/>
      <line num="1620" count="0" type="cond" truecount="0" falsecount="2"/>
      <line num="1621" count="0" type="cond" truecount="0" falsecount="4"/>
      <line num="1623" count="0" type="stmt"/>
      <line num="1624" count="0" type="stmt"/>
      <line num="1625" count="0" type="stmt"/>
      <line num="1627" count="0" type="cond" truecount="0" falsecount="2"/>
      <line num="1628" count="0" type="stmt"/>
      <line num="1630" count="0" type="stmt"/>
      <line num="1634" count="0" type="stmt"/>
      <line num="1635" count="0" type="stmt"/>
      <line num="1636" count="0" type="cond" truecount="0" falsecount="2"/>
      <line num="1637" count="0" type="stmt"/>
      <line num="1642" count="0" type="cond" truecount="0" falsecount="2"/>
      <line num="1643" count="0" type="stmt"/>
      <line num="1644" count="0" type="stmt"/>
      <line num="1646" count="0" type="cond" truecount="0" falsecount="2"/>
      <line num="1647" count="0" type="cond" truecount="0" falsecount="2"/>
      <line num="1648" count="0" type="cond" truecount="0" falsecount="2"/>
      <line num="1649" count="0" type="cond" truecount="0" falsecount="2"/>
      <line num="1650" count="0" type="stmt"/>
      <line num="1652" count="0" type="stmt"/>
      <line num="1653" count="0" type="stmt"/>
      <line num="1654" count="0" type="stmt"/>
      <line num="1655" count="0" type="stmt"/>
      <line num="1656" count="0" type="stmt"/>
      <line num="1657" count="0" type="stmt"/>
      <line num="1658" count="0" type="cond" truecount="0" falsecount="2"/>
      <line num="1660" count="0" type="stmt"/>
      <line num="1661" count="0" type="stmt"/>
      <line num="1664" count="0" type="cond" truecount="0" falsecount="2"/>
      <line num="1665" count="0" type="cond" truecount="0" falsecount="2"/>
      <line num="1666" count="0" type="stmt"/>
      <line num="1667" count="0" type="stmt"/>
      <line num="1669" count="0" type="stmt"/>
      <line num="1670" count="0" type="stmt"/>
      <line num="1672" count="0" type="stmt"/>
      <line num="1673" count="0" type="cond" truecount="0" falsecount="2"/>
      <line num="1676" count="1" type="stmt"/>
      <line num="1677" count="7" type="stmt"/>
      <line num="1681" count="1" type="cond" truecount="3" falsecount="1"/>
      <line num="1682" count="1" type="stmt"/>
      <line num="1692" count="73" type="stmt"/>
      <line num="1693" count="1" type="stmt"/>
      <line num="1694" count="18" type="stmt"/>
      <line num="1695" count="8" type="stmt"/>
      <line num="1696" count="19" type="stmt"/>
      <line num="1697" count="1" type="stmt"/>
      <line num="1698" count="38" type="stmt"/>
      <line num="1699" count="2" type="stmt"/>
      <line num="1700" count="28" type="stmt"/>
      <line num="1701" count="2" type="stmt"/>
      <line num="1702" count="24" type="stmt"/>
      <line num="1703" count="3" type="stmt"/>
      <line num="1704" count="15" type="stmt"/>
    </file>
  </project>
</coverage>
