<?xml version="1.0" encoding="UTF-8"?>
<coverage generated="1773762782546" clover="3.2.0">
  <project timestamp="1773762782546" name="All files">
    <metrics statements="578" coveredstatements="558" conditionals="353" coveredconditionals="289" methods="107" coveredmethods="95" elements="1038" coveredelements="942" complexity="0" loc="578" ncloc="578" packages="1" files="1" classes="1"/>
    <file name="player.js" path="/Users/marcelogomesmarques/Projects/CloudeCode/radiocalico/static/js/player.js">
      <metrics statements="578" coveredstatements="558" conditionals="353" coveredconditionals="289" methods="107" coveredmethods="95"/>
      <line num="20" count="1" type="stmt"/>
      <line num="22" count="18" type="stmt"/>
      <line num="29" count="18" type="cond" truecount="2" falsecount="0"/>
      <line num="30" count="16" type="cond" truecount="2" falsecount="0"/>
      <line num="31" count="1" type="stmt"/>
      <line num="33" count="1" type="cond" truecount="0" falsecount="1"/>
      <line num="34" count="15" type="cond" truecount="0" falsecount="1"/>
      <line num="35" count="2" type="cond" truecount="0" falsecount="1"/>
      <line num="38" count="1" type="stmt"/>
      <line num="39" count="1" type="stmt"/>
      <line num="43" count="1" type="cond" truecount="2" falsecount="0"/>
      <line num="44" count="1" type="stmt"/>
      <line num="45" count="1" type="stmt"/>
      <line num="46" count="1" type="stmt"/>
      <line num="47" count="1" type="stmt"/>
      <line num="48" count="1" type="stmt"/>
      <line num="49" count="1" type="stmt"/>
      <line num="50" count="1" type="stmt"/>
      <line num="51" count="1" type="stmt"/>
      <line num="52" count="1" type="stmt"/>
      <line num="53" count="1" type="stmt"/>
      <line num="56" count="1" type="stmt"/>
      <line num="57" count="1" type="stmt"/>
      <line num="58" count="1" type="stmt"/>
      <line num="59" count="1" type="stmt"/>
      <line num="60" count="1" type="stmt"/>
      <line num="61" count="1" type="stmt"/>
      <line num="62" count="1" type="stmt"/>
      <line num="63" count="1" type="stmt"/>
      <line num="64" count="1" type="stmt"/>
      <line num="65" count="1" type="stmt"/>
      <line num="66" count="1" type="stmt"/>
      <line num="67" count="1" type="stmt"/>
      <line num="68" count="1" type="stmt"/>
      <line num="69" count="1" type="stmt"/>
      <line num="70" count="1" type="stmt"/>
      <line num="72" count="1" type="stmt"/>
      <line num="73" count="1" type="stmt"/>
      <line num="74" count="1" type="stmt"/>
      <line num="75" count="1" type="stmt"/>
      <line num="76" count="1" type="stmt"/>
      <line num="79" count="1" type="stmt"/>
      <line num="80" count="1" type="stmt"/>
      <line num="81" count="1" type="stmt"/>
      <line num="82" count="1" type="stmt"/>
      <line num="83" count="1" type="stmt"/>
      <line num="84" count="1" type="stmt"/>
      <line num="85" count="1" type="stmt"/>
      <line num="86" count="1" type="stmt"/>
      <line num="87" count="1" type="stmt"/>
      <line num="88" count="1" type="stmt"/>
      <line num="96" count="12" type="cond" truecount="2" falsecount="0"/>
      <line num="97" count="12" type="cond" truecount="2" falsecount="0"/>
      <line num="98" count="12" type="cond" truecount="2" falsecount="0"/>
      <line num="102" count="1" type="stmt"/>
      <line num="110" count="19" type="stmt"/>
      <line num="111" count="19" type="stmt"/>
      <line num="112" count="19" type="stmt"/>
      <line num="113" count="19" type="cond" truecount="2" falsecount="0"/>
      <line num="114" count="2" type="stmt"/>
      <line num="115" count="2" type="cond" truecount="2" falsecount="0"/>
      <line num="118" count="18" type="stmt"/>
      <line num="119" count="15" type="stmt"/>
      <line num="120" count="15" type="stmt"/>
      <line num="121" count="15" type="stmt"/>
      <line num="135" count="12" type="stmt"/>
      <line num="136" count="12" type="stmt"/>
      <line num="137" count="10" type="cond" truecount="4" falsecount="0"/>
      <line num="138" count="2" type="stmt"/>
      <line num="140" count="2" type="stmt"/>
      <line num="141" count="2" type="stmt"/>
      <line num="143" count="2" type="cond" truecount="2" falsecount="0"/>
      <line num="145" count="8" type="stmt"/>
      <line num="146" count="8" type="stmt"/>
      <line num="149" count="2" type="stmt"/>
      <line num="150" count="2" type="stmt"/>
      <line num="151" count="2" type="stmt"/>
      <line num="165" count="9" type="stmt"/>
      <line num="166" count="9" type="cond" truecount="2" falsecount="0"/>
      <line num="169" count="8" type="cond" truecount="2" falsecount="0"/>
      <line num="170" count="1" type="stmt"/>
      <line num="171" count="1" type="stmt"/>
      <line num="172" count="1" type="stmt"/>
      <line num="173" count="1" type="cond" truecount="1" falsecount="1"/>
      <line num="176" count="8" type="stmt"/>
      <line num="177" count="8" type="stmt"/>
      <line num="178" count="8" type="cond" truecount="1" falsecount="1"/>
      <line num="179" count="8" type="cond" truecount="1" falsecount="1"/>
      <line num="180" count="8" type="cond" truecount="1" falsecount="1"/>
      <line num="182" count="8" type="stmt"/>
      <line num="185" count="8" type="stmt"/>
      <line num="196" count="28" type="cond" truecount="4" falsecount="0"/>
      <line num="197" count="27" type="cond" truecount="2" falsecount="0"/>
      <line num="198" count="27" type="stmt"/>
      <line num="199" count="27" type="stmt"/>
      <line num="202" count="1" type="stmt"/>
      <line num="203" count="1" type="stmt"/>
      <line num="204" count="1" type="stmt"/>
      <line num="213" count="38" type="cond" truecount="2" falsecount="0"/>
      <line num="214" count="1" type="stmt"/>
      <line num="215" count="1" type="stmt"/>
      <line num="219" count="37" type="stmt"/>
      <line num="220" count="37" type="stmt"/>
      <line num="221" count="36" type="cond" truecount="1" falsecount="1"/>
      <line num="222" count="1" type="stmt"/>
      <line num="224" count="37" type="stmt"/>
      <line num="226" count="37" type="cond" truecount="2" falsecount="0"/>
      <line num="227" count="1" type="stmt"/>
      <line num="228" count="1" type="stmt"/>
      <line num="231" count="36" type="stmt"/>
      <line num="232" count="137" type="stmt"/>
      <line num="233" count="137" type="stmt"/>
      <line num="234" count="137" type="cond" truecount="2" falsecount="0"/>
      <line num="237" count="137" type="cond" truecount="2" falsecount="0"/>
      <line num="240" count="137" type="stmt"/>
      <line num="250" count="287" type="cond" truecount="2" falsecount="0"/>
      <line num="259" count="52" type="stmt"/>
      <line num="260" count="156" type="cond" truecount="2" falsecount="0"/>
      <line num="261" count="8" type="stmt"/>
      <line num="262" count="8" type="stmt"/>
      <line num="263" count="8" type="cond" truecount="2" falsecount="0"/>
      <line num="264" count="4" type="cond" truecount="2" falsecount="0"/>
      <line num="265" count="3" type="cond" truecount="2" falsecount="0"/>
      <line num="266" count="2" type="stmt"/>
      <line num="278" count="9" type="stmt"/>
      <line num="279" count="9" type="cond" truecount="2" falsecount="0"/>
      <line num="280" count="8" type="stmt"/>
      <line num="281" count="8" type="cond" truecount="2" falsecount="0"/>
      <line num="283" count="7" type="stmt"/>
      <line num="284" count="7" type="stmt"/>
      <line num="285" count="7" type="stmt"/>
      <line num="287" count="7" type="stmt"/>
      <line num="288" count="6" type="stmt"/>
      <line num="289" count="6" type="stmt"/>
      <line num="290" count="6" type="cond" truecount="3" falsecount="1"/>
      <line num="292" count="6" type="cond" truecount="4" falsecount="0"/>
      <line num="293" count="5" type="stmt"/>
      <line num="294" count="5" type="stmt"/>
      <line num="295" count="5" type="cond" truecount="6" falsecount="0"/>
      <line num="296" count="5" type="stmt"/>
      <line num="297" count="5" type="stmt"/>
      <line num="298" count="5" type="cond" truecount="1" falsecount="1"/>
      <line num="300" count="6" type="stmt"/>
      <line num="302" count="7" type="stmt"/>
      <line num="313" count="5" type="cond" truecount="2" falsecount="0"/>
      <line num="314" count="5" type="cond" truecount="2" falsecount="0"/>
      <line num="315" count="5" type="cond" truecount="2" falsecount="0"/>
      <line num="317" count="5" type="cond" truecount="4" falsecount="0"/>
      <line num="318" count="3" type="stmt"/>
      <line num="323" count="2" type="cond" truecount="2" falsecount="0"/>
      <line num="324" count="1" type="stmt"/>
      <line num="336" count="0" type="stmt"/>
      <line num="337" count="0" type="cond" truecount="0" falsecount="4"/>
      <line num="338" count="0" type="stmt"/>
      <line num="339" count="0" type="stmt"/>
      <line num="340" count="0" type="stmt"/>
      <line num="341" count="0" type="cond" truecount="0" falsecount="7"/>
      <line num="343" count="0" type="stmt"/>
      <line num="347" count="0" type="cond" truecount="0" falsecount="2"/>
      <line num="348" count="0" type="stmt"/>
      <line num="349" count="0" type="stmt"/>
      <line num="353" count="1" type="stmt"/>
      <line num="354" count="1" type="stmt"/>
      <line num="355" count="0" type="stmt"/>
      <line num="367" count="4" type="cond" truecount="2" falsecount="0"/>
      <line num="369" count="4" type="stmt"/>
      <line num="370" count="4" type="stmt"/>
      <line num="371" count="4" type="stmt"/>
      <line num="373" count="4" type="stmt"/>
      <line num="374" count="3" type="stmt"/>
      <line num="375" count="3" type="stmt"/>
      <line num="376" count="3" type="stmt"/>
      <line num="379" count="3" type="cond" truecount="4" falsecount="0"/>
      <line num="380" count="2" type="cond" truecount="2" falsecount="0"/>
      <line num="381" count="2" type="stmt"/>
      <line num="382" count="3" type="cond" truecount="2" falsecount="0"/>
      <line num="384" count="2" type="cond" truecount="1" falsecount="1"/>
      <line num="385" count="2" type="stmt"/>
      <line num="386" count="2" type="stmt"/>
      <line num="387" count="2" type="stmt"/>
      <line num="393" count="4" type="stmt"/>
      <line num="394" count="2" type="cond" truecount="2" falsecount="0"/>
      <line num="395" count="1" type="stmt"/>
      <line num="396" count="1" type="cond" truecount="1" falsecount="1"/>
      <line num="397" count="1" type="stmt"/>
      <line num="398" count="1" type="stmt"/>
      <line num="404" count="4" type="stmt"/>
      <line num="405" count="1" type="stmt"/>
      <line num="409" count="4" type="stmt"/>
      <line num="410" count="2" type="cond" truecount="2" falsecount="0"/>
      <line num="411" count="2" type="cond" truecount="2" falsecount="0"/>
      <line num="412" count="1" type="stmt"/>
      <line num="413" count="1" type="cond" truecount="1" falsecount="1"/>
      <line num="414" count="1" type="cond" truecount="1" falsecount="1"/>
      <line num="415" count="1" type="cond" truecount="1" falsecount="1"/>
      <line num="416" count="1" type="stmt"/>
      <line num="417" count="1" type="cond" truecount="1" falsecount="1"/>
      <line num="422" count="4" type="stmt"/>
      <line num="423" count="2" type="cond" truecount="2" falsecount="0"/>
      <line num="424" count="1" type="stmt"/>
      <line num="425" count="1" type="stmt"/>
      <line num="426" count="1" type="stmt"/>
      <line num="427" count="1" type="stmt"/>
      <line num="428" count="1" type="cond" truecount="1" falsecount="1"/>
      <line num="429" count="1" type="stmt"/>
      <line num="442" count="3" type="cond" truecount="2" falsecount="0"/>
      <line num="443" count="2" type="stmt"/>
      <line num="444" count="2" type="stmt"/>
      <line num="445" count="2" type="stmt"/>
      <line num="446" count="2" type="stmt"/>
      <line num="447" count="2" type="stmt"/>
      <line num="448" count="1" type="stmt"/>
      <line num="449" count="1" type="stmt"/>
      <line num="452" count="1" type="stmt"/>
      <line num="453" count="1" type="stmt"/>
      <line num="454" count="1" type="stmt"/>
      <line num="465" count="7" type="cond" truecount="4" falsecount="0"/>
      <line num="466" count="4" type="stmt"/>
      <line num="467" count="4" type="stmt"/>
      <line num="468" count="4" type="stmt"/>
      <line num="471" count="1" type="stmt"/>
      <line num="472" count="1" type="cond" truecount="0" falsecount="2"/>
      <line num="473" count="1" type="stmt"/>
      <line num="474" count="1" type="cond" truecount="3" falsecount="1"/>
      <line num="475" count="1" type="stmt"/>
      <line num="476" count="1" type="cond" truecount="1" falsecount="1"/>
      <line num="477" count="1" type="stmt"/>
      <line num="482" count="1" type="stmt"/>
      <line num="483" count="2" type="stmt"/>
      <line num="484" count="2" type="cond" truecount="4" falsecount="0"/>
      <line num="485" count="1" type="stmt"/>
      <line num="486" count="1" type="stmt"/>
      <line num="487" count="1" type="stmt"/>
      <line num="488" count="1" type="stmt"/>
      <line num="492" count="1" type="stmt"/>
      <line num="493" count="3" type="stmt"/>
      <line num="494" count="3" type="stmt"/>
      <line num="495" count="3" type="cond" truecount="2" falsecount="0"/>
      <line num="496" count="3" type="cond" truecount="2" falsecount="0"/>
      <line num="507" count="17" type="stmt"/>
      <line num="508" count="17" type="stmt"/>
      <line num="509" count="15" type="cond" truecount="2" falsecount="0"/>
      <line num="510" count="14" type="stmt"/>
      <line num="511" count="14" type="stmt"/>
      <line num="512" count="14" type="cond" truecount="2" falsecount="0"/>
      <line num="513" count="14" type="cond" truecount="2" falsecount="0"/>
      <line num="514" count="2" type="stmt"/>
      <line num="524" count="14" type="stmt"/>
      <line num="525" count="14" type="stmt"/>
      <line num="526" count="12" type="cond" truecount="2" falsecount="0"/>
      <line num="527" count="11" type="stmt"/>
      <line num="528" count="11" type="stmt"/>
      <line num="529" count="2" type="stmt"/>
      <line num="538" count="10" type="stmt"/>
      <line num="539" count="10" type="stmt"/>
      <line num="540" count="10" type="stmt"/>
      <line num="541" count="10" type="stmt"/>
      <line num="542" count="10" type="cond" truecount="2" falsecount="0"/>
      <line num="543" count="10" type="stmt"/>
      <line num="553" count="5" type="stmt"/>
      <line num="554" count="5" type="stmt"/>
      <line num="555" count="5" type="stmt"/>
      <line num="560" count="4" type="cond" truecount="2" falsecount="0"/>
      <line num="561" count="3" type="stmt"/>
      <line num="562" count="3" type="stmt"/>
      <line num="563" count="3" type="cond" truecount="2" falsecount="0"/>
      <line num="564" count="3" type="stmt"/>
      <line num="565" count="1" type="cond" truecount="1" falsecount="1"/>
      <line num="566" count="1" type="stmt"/>
      <line num="567" count="1" type="stmt"/>
      <line num="568" count="1" type="stmt"/>
      <line num="571" count="1" type="stmt"/>
      <line num="572" count="1" type="stmt"/>
      <line num="576" count="1" type="stmt"/>
      <line num="577" count="1" type="stmt"/>
      <line num="578" count="1" type="stmt"/>
      <line num="586" count="7" type="stmt"/>
      <line num="587" count="7" type="cond" truecount="2" falsecount="0"/>
      <line num="589" count="6" type="stmt"/>
      <line num="598" count="5" type="stmt"/>
      <line num="599" count="5" type="stmt"/>
      <line num="600" count="5" type="stmt"/>
      <line num="601" count="5" type="stmt"/>
      <line num="602" count="5" type="stmt"/>
      <line num="603" count="5" type="cond" truecount="2" falsecount="0"/>
      <line num="604" count="5" type="stmt"/>
      <line num="605" count="5" type="cond" truecount="1" falsecount="1"/>
      <line num="606" count="5" type="stmt"/>
      <line num="609" count="1" type="stmt"/>
      <line num="610" count="1" type="stmt"/>
      <line num="611" count="1" type="stmt"/>
      <line num="614" count="1" type="stmt"/>
      <line num="615" count="1" type="stmt"/>
      <line num="616" count="1" type="stmt"/>
      <line num="619" count="1" type="stmt"/>
      <line num="620" count="1" type="stmt"/>
      <line num="621" count="1" type="stmt"/>
      <line num="624" count="1" type="stmt"/>
      <line num="625" count="1" type="stmt"/>
      <line num="626" count="1" type="stmt"/>
      <line num="629" count="1" type="stmt"/>
      <line num="630" count="1" type="stmt"/>
      <line num="631" count="1" type="stmt"/>
      <line num="634" count="1" type="stmt"/>
      <line num="635" count="1" type="stmt"/>
      <line num="636" count="1" type="stmt"/>
      <line num="647" count="8" type="stmt"/>
      <line num="648" count="8" type="cond" truecount="2" falsecount="0"/>
      <line num="649" count="5" type="stmt"/>
      <line num="650" count="6" type="stmt"/>
      <line num="651" count="6" type="cond" truecount="2" falsecount="0"/>
      <line num="652" count="6" type="stmt"/>
      <line num="653" count="6" type="stmt"/>
      <line num="654" count="6" type="cond" truecount="5" falsecount="0"/>
      <line num="655" count="1" type="stmt"/>
      <line num="657" count="6" type="stmt"/>
      <line num="659" count="5" type="stmt"/>
      <line num="662" count="1" type="stmt"/>
      <line num="663" count="2" type="stmt"/>
      <line num="664" count="2" type="cond" truecount="2" falsecount="0"/>
      <line num="665" count="1" type="stmt"/>
      <line num="668" count="1" type="stmt"/>
      <line num="669" count="2" type="stmt"/>
      <line num="670" count="2" type="cond" truecount="2" falsecount="0"/>
      <line num="671" count="1" type="stmt"/>
      <line num="675" count="1" type="stmt"/>
      <line num="676" count="1" type="stmt"/>
      <line num="677" count="1" type="stmt"/>
      <line num="678" count="1" type="stmt"/>
      <line num="679" count="1" type="stmt"/>
      <line num="680" count="1" type="stmt"/>
      <line num="684" count="1" type="stmt"/>
      <line num="685" count="1" type="stmt"/>
      <line num="686" count="1" type="stmt"/>
      <line num="690" count="1" type="stmt"/>
      <line num="700" count="12" type="stmt"/>
      <line num="701" count="12" type="stmt"/>
      <line num="702" count="11" type="cond" truecount="2" falsecount="0"/>
      <line num="703" count="10" type="stmt"/>
      <line num="704" count="10" type="cond" truecount="2" falsecount="0"/>
      <line num="705" count="10" type="cond" truecount="2" falsecount="0"/>
      <line num="706" count="10" type="cond" truecount="2" falsecount="0"/>
      <line num="708" count="10" type="cond" truecount="4" falsecount="0"/>
      <line num="712" count="6" type="cond" truecount="1" falsecount="1"/>
      <line num="713" count="6" type="cond" truecount="1" falsecount="1"/>
      <line num="714" count="6" type="cond" truecount="2" falsecount="0"/>
      <line num="715" count="6" type="stmt"/>
      <line num="718" count="6" type="cond" truecount="4" falsecount="0"/>
      <line num="720" count="2" type="cond" truecount="1" falsecount="1"/>
      <line num="722" count="2" type="stmt"/>
      <line num="725" count="2" type="stmt"/>
      <line num="726" count="2" type="cond" truecount="4" falsecount="1"/>
      <line num="727" count="2" type="stmt"/>
      <line num="730" count="2" type="stmt"/>
      <line num="731" count="1" type="stmt"/>
      <line num="732" count="1" type="stmt"/>
      <line num="733" count="1" type="stmt"/>
      <line num="740" count="10" type="stmt"/>
      <line num="741" count="10" type="stmt"/>
      <line num="742" count="50" type="stmt"/>
      <line num="743" count="50" type="stmt"/>
      <line num="744" count="50" type="cond" truecount="6" falsecount="2"/>
      <line num="746" count="10" type="cond" truecount="2" falsecount="0"/>
      <line num="748" count="5" type="stmt"/>
      <line num="749" count="4" type="stmt"/>
      <line num="751" count="4" type="stmt"/>
      <line num="752" count="4" type="cond" truecount="1" falsecount="1"/>
      <line num="753" count="5" type="cond" truecount="4" falsecount="0"/>
      <line num="754" count="4" type="stmt"/>
      <line num="755" count="5" type="stmt"/>
      <line num="756" count="4" type="stmt"/>
      <line num="757" count="4" type="stmt"/>
      <line num="758" count="4" type="stmt"/>
      <line num="760" count="4" type="stmt"/>
      <line num="761" count="5" type="cond" truecount="2" falsecount="0"/>
      <line num="762" count="4" type="stmt"/>
      <line num="763" count="4" type="stmt"/>
      <line num="764" count="3" type="cond" truecount="5" falsecount="0"/>
      <line num="765" count="1" type="cond" truecount="1" falsecount="1"/>
      <line num="766" count="1" type="stmt"/>
      <line num="768" count="1" type="stmt"/>
      <line num="773" count="10" type="cond" truecount="4" falsecount="0"/>
      <line num="774" count="1" type="stmt"/>
      <line num="775" count="1" type="cond" truecount="1" falsecount="1"/>
      <line num="776" count="1" type="cond" truecount="1" falsecount="1"/>
      <line num="777" count="1" type="stmt"/>
      <line num="778" count="1" type="cond" truecount="1" falsecount="1"/>
      <line num="780" count="1" type="stmt"/>
      <line num="788" count="3" type="stmt"/>
      <line num="789" count="3" type="cond" truecount="2" falsecount="0"/>
      <line num="790" count="1" type="stmt"/>
      <line num="791" count="1" type="stmt"/>
      <line num="795" count="1" type="stmt"/>
      <line num="796" count="1" type="stmt"/>
      <line num="797" count="1" type="stmt"/>
      <line num="798" count="1" type="stmt"/>
      <line num="803" count="2" type="stmt"/>
      <line num="808" count="1" type="stmt"/>
      <line num="810" count="1" type="stmt"/>
      <line num="811" count="1" type="stmt"/>
      <line num="812" count="1" type="stmt"/>
      <line num="815" count="1" type="cond" truecount="2" falsecount="0"/>
      <line num="816" count="1" type="cond" truecount="2" falsecount="0"/>
      <line num="818" count="1" type="stmt"/>
      <line num="819" count="1" type="stmt"/>
      <line num="820" count="1" type="stmt"/>
      <line num="821" count="1" type="stmt"/>
      <line num="822" count="1" type="stmt"/>
      <line num="823" count="1" type="stmt"/>
      <line num="824" count="1" type="stmt"/>
      <line num="826" count="1" type="stmt"/>
      <line num="833" count="7" type="stmt"/>
      <line num="834" count="7" type="stmt"/>
      <line num="835" count="7" type="stmt"/>
      <line num="836" count="7" type="stmt"/>
      <line num="844" count="14" type="stmt"/>
      <line num="845" count="14" type="stmt"/>
      <line num="846" count="14" type="stmt"/>
      <line num="847" count="14" type="stmt"/>
      <line num="848" count="14" type="stmt"/>
      <line num="852" count="1" type="stmt"/>
      <line num="853" count="16" type="stmt"/>
      <line num="854" count="16" type="stmt"/>
      <line num="855" count="16" type="stmt"/>
      <line num="856" count="16" type="cond" truecount="4" falsecount="0"/>
      <line num="857" count="15" type="stmt"/>
      <line num="858" count="15" type="stmt"/>
      <line num="863" count="14" type="stmt"/>
      <line num="864" count="14" type="cond" truecount="2" falsecount="0"/>
      <line num="865" count="13" type="stmt"/>
      <line num="866" count="13" type="stmt"/>
      <line num="867" count="13" type="stmt"/>
      <line num="868" count="13" type="stmt"/>
      <line num="869" count="13" type="stmt"/>
      <line num="871" count="1" type="cond" truecount="1" falsecount="1"/>
      <line num="873" count="1" type="stmt"/>
      <line num="877" count="1" type="stmt"/>
      <line num="878" count="4" type="stmt"/>
      <line num="879" count="4" type="stmt"/>
      <line num="880" count="4" type="stmt"/>
      <line num="881" count="4" type="stmt"/>
      <line num="882" count="4" type="cond" truecount="4" falsecount="0"/>
      <line num="883" count="3" type="stmt"/>
      <line num="884" count="3" type="stmt"/>
      <line num="889" count="2" type="stmt"/>
      <line num="890" count="2" type="cond" truecount="2" falsecount="0"/>
      <line num="891" count="1" type="stmt"/>
      <line num="892" count="1" type="stmt"/>
      <line num="894" count="1" type="cond" truecount="1" falsecount="1"/>
      <line num="895" count="1" type="stmt"/>
      <line num="898" count="1" type="stmt"/>
      <line num="899" count="1" type="stmt"/>
      <line num="904" count="1" type="stmt"/>
      <line num="905" count="3" type="stmt"/>
      <line num="906" count="3" type="stmt"/>
      <line num="907" count="3" type="stmt"/>
      <line num="908" count="3" type="stmt"/>
      <line num="909" count="3" type="stmt"/>
      <line num="910" count="3" type="stmt"/>
      <line num="911" count="3" type="stmt"/>
      <line num="922" count="15" type="cond" truecount="2" falsecount="0"/>
      <line num="923" count="13" type="stmt"/>
      <line num="924" count="13" type="stmt"/>
      <line num="927" count="12" type="cond" truecount="2" falsecount="0"/>
      <line num="928" count="2" type="cond" truecount="2" falsecount="0"/>
      <line num="929" count="1" type="stmt"/>
      <line num="931" count="10" type="stmt"/>
      <line num="932" count="10" type="cond" truecount="2" falsecount="0"/>
      <line num="933" count="10" type="cond" truecount="2" falsecount="0"/>
      <line num="934" count="10" type="cond" truecount="2" falsecount="0"/>
      <line num="936" count="12" type="cond" truecount="2" falsecount="0"/>
      <line num="937" count="10" type="stmt"/>
      <line num="938" count="30" type="stmt"/>
      <line num="940" count="1" type="stmt"/>
      <line num="944" count="1" type="stmt"/>
      <line num="945" count="4" type="stmt"/>
      <line num="946" count="4" type="cond" truecount="2" falsecount="0"/>
      <line num="947" count="3" type="stmt"/>
      <line num="948" count="3" type="stmt"/>
      <line num="949" count="0" type="stmt"/>
      <line num="951" count="3" type="stmt"/>
      <line num="957" count="3" type="stmt"/>
      <line num="958" count="3" type="stmt"/>
      <line num="966" count="2" type="cond" truecount="2" falsecount="0"/>
      <line num="967" count="1" type="stmt"/>
      <line num="968" count="1" type="stmt"/>
      <line num="970" count="1" type="stmt"/>
      <line num="971" count="1" type="cond" truecount="1" falsecount="1"/>
      <line num="972" count="1" type="stmt"/>
      <line num="974" count="1" type="stmt"/>
      <line num="978" count="1" type="stmt"/>
      <line num="979" count="4" type="stmt"/>
      <line num="980" count="4" type="stmt"/>
      <line num="981" count="4" type="stmt"/>
      <line num="982" count="4" type="cond" truecount="2" falsecount="0"/>
      <line num="983" count="3" type="cond" truecount="1" falsecount="1"/>
      <line num="984" count="3" type="stmt"/>
      <line num="985" count="3" type="stmt"/>
      <line num="993" count="2" type="cond" truecount="2" falsecount="0"/>
      <line num="994" count="1" type="stmt"/>
      <line num="995" count="1" type="stmt"/>
      <line num="996" count="1" type="stmt"/>
      <line num="998" count="1" type="stmt"/>
      <line num="999" count="1" type="cond" truecount="1" falsecount="1"/>
      <line num="1000" count="1" type="stmt"/>
      <line num="1002" count="1" type="stmt"/>
      <line num="1006" count="1" type="stmt"/>
      <line num="1007" count="2" type="stmt"/>
      <line num="1008" count="2" type="cond" truecount="2" falsecount="0"/>
      <line num="1009" count="2" type="stmt"/>
      <line num="1012" count="1" type="stmt"/>
      <line num="1013" count="1" type="stmt"/>
      <line num="1014" count="1" type="cond" truecount="1" falsecount="1"/>
      <line num="1015" count="1" type="stmt"/>
      <line num="1019" count="1" type="cond" truecount="2" falsecount="2"/>
      <line num="1020" count="0" type="stmt"/>
      <line num="1022" count="1" type="stmt"/>
      <line num="1026" count="1" type="stmt"/>
      <line num="1027" count="1" type="stmt"/>
      <line num="1030" count="1" type="stmt"/>
      <line num="1031" count="1" type="stmt"/>
      <line num="1033" count="1" type="stmt"/>
      <line num="1034" count="3" type="stmt"/>
      <line num="1035" count="3" type="stmt"/>
      <line num="1038" count="1" type="stmt"/>
      <line num="1039" count="21" type="cond" truecount="1" falsecount="1"/>
      <line num="1040" count="21" type="stmt"/>
      <line num="1050" count="3" type="stmt"/>
      <line num="1051" count="3" type="stmt"/>
      <line num="1052" count="3" type="stmt"/>
      <line num="1053" count="3" type="cond" truecount="1" falsecount="1"/>
      <line num="1056" count="1" type="stmt"/>
      <line num="1057" count="2" type="stmt"/>
      <line num="1061" count="1" type="cond" truecount="2" falsecount="0"/>
      <line num="1062" count="1" type="stmt"/>
      <line num="1069" count="8" type="stmt"/>
      <line num="1070" count="8" type="cond" truecount="1" falsecount="1"/>
      <line num="1080" count="6" type="cond" truecount="2" falsecount="0"/>
      <line num="1081" count="5" type="stmt"/>
      <line num="1082" count="5" type="stmt"/>
      <line num="1083" count="5" type="stmt"/>
      <line num="1084" count="5" type="stmt"/>
      <line num="1085" count="5" type="cond" truecount="2" falsecount="0"/>
      <line num="1086" count="3" type="stmt"/>
      <line num="1087" count="3" type="cond" truecount="2" falsecount="0"/>
      <line num="1088" count="2" type="stmt"/>
      <line num="1090" count="2" type="cond" truecount="1" falsecount="1"/>
      <line num="1091" count="2" type="stmt"/>
      <line num="1092" count="2" type="cond" truecount="2" falsecount="0"/>
      <line num="1096" count="1" type="stmt"/>
      <line num="1097" count="2" type="stmt"/>
      <line num="1101" count="1" type="stmt"/>
      <line num="1102" count="1" type="cond" truecount="1" falsecount="1"/>
      <line num="1103" count="1" type="stmt"/>
      <line num="1105" count="1" type="cond" truecount="1" falsecount="1"/>
      <line num="1106" count="1" type="stmt"/>
      <line num="1107" count="0" type="cond" truecount="0" falsecount="2"/>
      <line num="1109" count="0" type="stmt"/>
      <line num="1110" count="0" type="stmt"/>
      <line num="1111" count="0" type="stmt"/>
      <line num="1112" count="0" type="stmt"/>
      <line num="1115" count="0" type="stmt"/>
      <line num="1116" count="0" type="stmt"/>
      <line num="1120" count="1" type="cond" truecount="3" falsecount="1"/>
      <line num="1121" count="1" type="stmt"/>
      <line num="1131" count="73" type="stmt"/>
      <line num="1132" count="1" type="stmt"/>
      <line num="1133" count="18" type="stmt"/>
      <line num="1134" count="8" type="stmt"/>
      <line num="1135" count="19" type="stmt"/>
      <line num="1136" count="1" type="stmt"/>
      <line num="1137" count="38" type="stmt"/>
      <line num="1138" count="2" type="stmt"/>
      <line num="1139" count="28" type="stmt"/>
      <line num="1140" count="2" type="stmt"/>
      <line num="1141" count="24" type="stmt"/>
      <line num="1142" count="3" type="stmt"/>
      <line num="1143" count="15" type="stmt"/>
    </file>
  </project>
</coverage>
