{"/Users/marcelogomesmarques/Projects/CloudeCode/radiocalico/static/js/player.js": {"path":"/Users/marcelogomesmarques/Projects/CloudeCode/radiocalico/static/js/player.js","statementMap":{"0":{"start":{"line":20,"column":12},"end":{"line":36,"column":1}},"1":{"start":{"line":22,"column":22},"end":{"line":28,"column":9}},"2":{"start":{"line":29,"column":8},"end":{"line":31,"column":48}},"3":{"start":{"line":29,"column":31},"end":{"line":29,"column":68}},"4":{"start":{"line":30,"column":13},"end":{"line":31,"column":48}},"5":{"start":{"line":30,"column":35},"end":{"line":30,"column":71}},"6":{"start":{"line":31,"column":13},"end":{"line":31,"column":48}},"7":{"start":{"line":33,"column":34},"end":{"line":33,"column":71}},"8":{"start":{"line":34,"column":34},"end":{"line":34,"column":71}},"9":{"start":{"line":35,"column":35},"end":{"line":35,"column":73}},"10":{"start":{"line":38,"column":19},"end":{"line":38,"column":72}},"11":{"start":{"line":39,"column":22},"end":{"line":42,"column":1}},"12":{"start":{"line":43,"column":27},"end":{"line":43,"column":78}},"13":{"start":{"line":44,"column":21},"end":{"line":44,"column":76}},"14":{"start":{"line":45,"column":29},"end":{"line":45,"column":33}},"15":{"start":{"line":46,"column":20},"end":{"line":46,"column":22}},"16":{"start":{"line":47,"column":26},"end":{"line":47,"column":30}},"17":{"start":{"line":48,"column":25},"end":{"line":48,"column":30}},"18":{"start":{"line":49,"column":24},"end":{"line":49,"column":26}},"19":{"start":{"line":50,"column":21},"end":{"line":50,"column":30}},"20":{"start":{"line":51,"column":27},"end":{"line":51,"column":36}},"21":{"start":{"line":52,"column":29},"end":{"line":52,"column":30}},"22":{"start":{"line":53,"column":24},"end":{"line":53,"column":26}},"23":{"start":{"line":56,"column":22},"end":{"line":165,"column":1}},"24":{"start":{"line":168,"column":21},"end":{"line":168,"column":86}},"25":{"start":{"line":170,"column":18},"end":{"line":170,"column":57}},"26":{"start":{"line":173,"column":4},"end":{"line":174,"column":40}},"27":{"start":{"line":178,"column":4},"end":{"line":178,"column":23}},"28":{"start":{"line":179,"column":4},"end":{"line":179,"column":42}},"29":{"start":{"line":181,"column":4},"end":{"line":185,"column":7}},"30":{"start":{"line":182,"column":20},"end":{"line":182,"column":35}},"31":{"start":{"line":183,"column":21},"end":{"line":183,"column":27}},"32":{"start":{"line":184,"column":8},"end":{"line":184,"column":40}},"33":{"start":{"line":184,"column":18},"end":{"line":184,"column":40}},"34":{"start":{"line":187,"column":18},"end":{"line":187,"column":83}},"35":{"start":{"line":188,"column":4},"end":{"line":188,"column":36}},"36":{"start":{"line":188,"column":15},"end":{"line":188,"column":36}},"37":{"start":{"line":190,"column":4},"end":{"line":190,"column":87}},"38":{"start":{"line":190,"column":58},"end":{"line":190,"column":87}},"39":{"start":{"line":191,"column":4},"end":{"line":191,"column":61}},"40":{"start":{"line":191,"column":45},"end":{"line":191,"column":61}},"41":{"start":{"line":195,"column":19},"end":{"line":195,"column":51}},"42":{"start":{"line":196,"column":19},"end":{"line":196,"column":54}},"43":{"start":{"line":197,"column":19},"end":{"line":197,"column":54}},"44":{"start":{"line":198,"column":19},"end":{"line":198,"column":52}},"45":{"start":{"line":199,"column":19},"end":{"line":199,"column":54}},"46":{"start":{"line":200,"column":19},"end":{"line":200,"column":52}},"47":{"start":{"line":201,"column":19},"end":{"line":201,"column":51}},"48":{"start":{"line":202,"column":19},"end":{"line":202,"column":51}},"49":{"start":{"line":203,"column":19},"end":{"line":203,"column":53}},"50":{"start":{"line":204,"column":19},"end":{"line":204,"column":55}},"51":{"start":{"line":205,"column":19},"end":{"line":205,"column":53}},"52":{"start":{"line":206,"column":19},"end":{"line":206,"column":55}},"53":{"start":{"line":207,"column":19},"end":{"line":207,"column":61}},"54":{"start":{"line":208,"column":22},"end":{"line":208,"column":62}},"55":{"start":{"line":209,"column":22},"end":{"line":209,"column":64}},"56":{"start":{"line":211,"column":19},"end":{"line":211,"column":55}},"57":{"start":{"line":212,"column":19},"end":{"line":212,"column":56}},"58":{"start":{"line":213,"column":19},"end":{"line":213,"column":55}},"59":{"start":{"line":214,"column":19},"end":{"line":214,"column":54}},"60":{"start":{"line":215,"column":19},"end":{"line":215,"column":55}},"61":{"start":{"line":218,"column":17},"end":{"line":218,"column":22}},"62":{"start":{"line":219,"column":17},"end":{"line":219,"column":22}},"63":{"start":{"line":220,"column":17},"end":{"line":220,"column":21}},"64":{"start":{"line":221,"column":19},"end":{"line":221,"column":23}},"65":{"start":{"line":222,"column":20},"end":{"line":222,"column":24}},"66":{"start":{"line":223,"column":20},"end":{"line":223,"column":24}},"67":{"start":{"line":224,"column":25},"end":{"line":224,"column":29}},"68":{"start":{"line":225,"column":22},"end":{"line":225,"column":26}},"69":{"start":{"line":226,"column":20},"end":{"line":226,"column":21}},"70":{"start":{"line":227,"column":17},"end":{"line":227,"column":19}},"71":{"start":{"line":235,"column":4},"end":{"line":235,"column":63}},"72":{"start":{"line":236,"column":4},"end":{"line":236,"column":63}},"73":{"start":{"line":237,"column":4},"end":{"line":237,"column":63}},"74":{"start":{"line":241,"column":28},"end":{"line":241,"column":47}},"75":{"start":{"line":249,"column":21},"end":{"line":249,"column":41}},"76":{"start":{"line":250,"column":4},"end":{"line":256,"column":45}},"77":{"start":{"line":251,"column":23},"end":{"line":251,"column":53}},"78":{"start":{"line":252,"column":8},"end":{"line":255,"column":9}},"79":{"start":{"line":253,"column":33},"end":{"line":253,"column":51}},"80":{"start":{"line":254,"column":12},"end":{"line":254,"column":67}},"81":{"start":{"line":254,"column":55},"end":{"line":254,"column":67}},"82":{"start":{"line":257,"column":16},"end":{"line":257,"column":116}},"83":{"start":{"line":258,"column":17},"end":{"line":258,"column":33}},"84":{"start":{"line":259,"column":4},"end":{"line":259,"column":153}},"85":{"start":{"line":259,"column":10},"end":{"line":259,"column":83}},"86":{"start":{"line":259,"column":98},"end":{"line":259,"column":151}},"87":{"start":{"line":260,"column":4},"end":{"line":260,"column":16}},"88":{"start":{"line":274,"column":4},"end":{"line":291,"column":5}},"89":{"start":{"line":275,"column":21},"end":{"line":275,"column":66}},"90":{"start":{"line":276,"column":8},"end":{"line":286,"column":9}},"91":{"start":{"line":277,"column":27},"end":{"line":277,"column":42}},"92":{"start":{"line":279,"column":24},"end":{"line":279,"column":77}},"93":{"start":{"line":280,"column":12},"end":{"line":280,"column":105}},"94":{"start":{"line":282,"column":12},"end":{"line":282,"column":90}},"95":{"start":{"line":284,"column":12},"end":{"line":284,"column":77}},"96":{"start":{"line":285,"column":12},"end":{"line":285,"column":33}},"97":{"start":{"line":288,"column":8},"end":{"line":288,"column":63}},"98":{"start":{"line":289,"column":8},"end":{"line":289,"column":73}},"99":{"start":{"line":290,"column":8},"end":{"line":290,"column":29}},"100":{"start":{"line":304,"column":16},"end":{"line":304,"column":36}},"101":{"start":{"line":305,"column":4},"end":{"line":305,"column":37}},"102":{"start":{"line":305,"column":30},"end":{"line":305,"column":37}},"103":{"start":{"line":308,"column":4},"end":{"line":313,"column":5}},"104":{"start":{"line":309,"column":24},"end":{"line":309,"column":49}},"105":{"start":{"line":310,"column":18},"end":{"line":310,"column":52}},"106":{"start":{"line":311,"column":18},"end":{"line":311,"column":53}},"107":{"start":{"line":312,"column":8},"end":{"line":312,"column":53}},"108":{"start":{"line":315,"column":4},"end":{"line":315,"column":23}},"109":{"start":{"line":316,"column":4},"end":{"line":316,"column":31}},"110":{"start":{"line":317,"column":4},"end":{"line":317,"column":52}},"111":{"start":{"line":318,"column":4},"end":{"line":318,"column":51}},"112":{"start":{"line":319,"column":4},"end":{"line":319,"column":40}},"113":{"start":{"line":321,"column":4},"end":{"line":321,"column":32}},"114":{"start":{"line":324,"column":4},"end":{"line":324,"column":21}},"115":{"start":{"line":335,"column":4},"end":{"line":335,"column":34}},"116":{"start":{"line":335,"column":27},"end":{"line":335,"column":34}},"117":{"start":{"line":336,"column":4},"end":{"line":336,"column":59}},"118":{"start":{"line":337,"column":4},"end":{"line":337,"column":55}},"119":{"start":{"line":337,"column":41},"end":{"line":337,"column":55}},"120":{"start":{"line":338,"column":4},"end":{"line":338,"column":20}},"121":{"start":{"line":341,"column":17},"end":{"line":341,"column":22}},"122":{"start":{"line":342,"column":19},"end":{"line":342,"column":20}},"123":{"start":{"line":343,"column":18},"end":{"line":343,"column":20}},"124":{"start":{"line":352,"column":4},"end":{"line":355,"column":5}},"125":{"start":{"line":353,"column":8},"end":{"line":353,"column":86}},"126":{"start":{"line":354,"column":8},"end":{"line":354,"column":15}},"127":{"start":{"line":358,"column":4},"end":{"line":361,"column":77}},"128":{"start":{"line":359,"column":20},"end":{"line":359,"column":55}},"129":{"start":{"line":360,"column":8},"end":{"line":360,"column":51}},"130":{"start":{"line":360,"column":20},"end":{"line":360,"column":51}},"131":{"start":{"line":361,"column":18},"end":{"line":361,"column":75}},"132":{"start":{"line":363,"column":21},"end":{"line":363,"column":41}},"133":{"start":{"line":365,"column":4},"end":{"line":368,"column":5}},"134":{"start":{"line":366,"column":8},"end":{"line":366,"column":84}},"135":{"start":{"line":367,"column":8},"end":{"line":367,"column":15}},"136":{"start":{"line":370,"column":4},"end":{"line":380,"column":16}},"137":{"start":{"line":371,"column":20},"end":{"line":371,"column":46}},"138":{"start":{"line":372,"column":18},"end":{"line":372,"column":34}},"139":{"start":{"line":373,"column":22},"end":{"line":375,"column":16}},"140":{"start":{"line":376,"column":26},"end":{"line":378,"column":16}},"141":{"start":{"line":379,"column":8},"end":{"line":379,"column":156}},"142":{"start":{"line":389,"column":4},"end":{"line":389,"column":132}},"143":{"start":{"line":398,"column":4},"end":{"line":406,"column":30}},"144":{"start":{"line":399,"column":8},"end":{"line":399,"column":46}},"145":{"start":{"line":399,"column":34},"end":{"line":399,"column":46}},"146":{"start":{"line":400,"column":20},"end":{"line":400,"column":46}},"147":{"start":{"line":401,"column":18},"end":{"line":401,"column":34}},"148":{"start":{"line":402,"column":8},"end":{"line":402,"column":29}},"149":{"start":{"line":402,"column":16},"end":{"line":402,"column":29}},"150":{"start":{"line":403,"column":8},"end":{"line":403,"column":52}},"151":{"start":{"line":403,"column":33},"end":{"line":403,"column":52}},"152":{"start":{"line":404,"column":8},"end":{"line":404,"column":57}},"153":{"start":{"line":404,"column":35},"end":{"line":404,"column":57}},"154":{"start":{"line":405,"column":8},"end":{"line":405,"column":20}},"155":{"start":{"line":417,"column":19},"end":{"line":417,"column":21}},"156":{"start":{"line":418,"column":4},"end":{"line":418,"column":39}},"157":{"start":{"line":418,"column":25},"end":{"line":418,"column":39}},"158":{"start":{"line":419,"column":16},"end":{"line":419,"column":59}},"159":{"start":{"line":420,"column":4},"end":{"line":420,"column":37}},"160":{"start":{"line":420,"column":23},"end":{"line":420,"column":37}},"161":{"start":{"line":422,"column":20},"end":{"line":422,"column":76}},"162":{"start":{"line":423,"column":14},"end":{"line":423,"column":16}},"163":{"start":{"line":424,"column":16},"end":{"line":424,"column":51}},"164":{"start":{"line":426,"column":4},"end":{"line":440,"column":5}},"165":{"start":{"line":427,"column":19},"end":{"line":427,"column":84}},"166":{"start":{"line":428,"column":19},"end":{"line":428,"column":91}},"167":{"start":{"line":429,"column":8},"end":{"line":429,"column":50}},"168":{"start":{"line":429,"column":44},"end":{"line":429,"column":50}},"169":{"start":{"line":431,"column":8},"end":{"line":438,"column":9}},"170":{"start":{"line":432,"column":24},"end":{"line":432,"column":37}},"171":{"start":{"line":433,"column":25},"end":{"line":433,"column":59}},"172":{"start":{"line":434,"column":29},"end":{"line":434,"column":111}},"173":{"start":{"line":435,"column":22},"end":{"line":435,"column":60}},"174":{"start":{"line":436,"column":12},"end":{"line":436,"column":48}},"175":{"start":{"line":437,"column":12},"end":{"line":437,"column":38}},"176":{"start":{"line":437,"column":21},"end":{"line":437,"column":38}},"177":{"start":{"line":439,"column":8},"end":{"line":439,"column":23}},"178":{"start":{"line":441,"column":4},"end":{"line":441,"column":18}},"179":{"start":{"line":452,"column":19},"end":{"line":452,"column":41}},"180":{"start":{"line":453,"column":19},"end":{"line":453,"column":41}},"181":{"start":{"line":454,"column":19},"end":{"line":454,"column":41}},"182":{"start":{"line":456,"column":4},"end":{"line":464,"column":5}},"183":{"start":{"line":457,"column":8},"end":{"line":461,"column":10}},"184":{"start":{"line":462,"column":11},"end":{"line":464,"column":5}},"185":{"start":{"line":463,"column":8},"end":{"line":463,"column":36}},"186":{"start":{"line":475,"column":21},"end":{"line":475,"column":36}},"187":{"start":{"line":476,"column":8},"end":{"line":476,"column":42}},"188":{"start":{"line":476,"column":35},"end":{"line":476,"column":42}},"189":{"start":{"line":477,"column":23},"end":{"line":477,"column":25}},"190":{"start":{"line":478,"column":8},"end":{"line":481,"column":9}},"191":{"start":{"line":478,"column":21},"end":{"line":478,"column":22}},"192":{"start":{"line":479,"column":22},"end":{"line":479,"column":35}},"193":{"start":{"line":480,"column":12},"end":{"line":480,"column":67}},"194":{"start":{"line":480,"column":28},"end":{"line":480,"column":67}},"195":{"start":{"line":482,"column":8},"end":{"line":482,"column":37}},"196":{"start":{"line":486,"column":8},"end":{"line":489,"column":9}},"197":{"start":{"line":487,"column":12},"end":{"line":487,"column":34}},"198":{"start":{"line":488,"column":12},"end":{"line":488,"column":61}},"199":{"start":{"line":492,"column":4},"end":{"line":492,"column":77}},"200":{"start":{"line":492,"column":55},"end":{"line":492,"column":75}},"201":{"start":{"line":493,"column":4},"end":{"line":495,"column":5}},"202":{"start":{"line":493,"column":17},"end":{"line":493,"column":18}},"203":{"start":{"line":494,"column":8},"end":{"line":494,"column":41}},"204":{"start":{"line":506,"column":4},"end":{"line":506,"column":43}},"205":{"start":{"line":506,"column":15},"end":{"line":506,"column":29}},"206":{"start":{"line":506,"column":30},"end":{"line":506,"column":41}},"207":{"start":{"line":508,"column":4},"end":{"line":508,"column":73}},"208":{"start":{"line":509,"column":4},"end":{"line":509,"column":31}},"209":{"start":{"line":510,"column":4},"end":{"line":510,"column":27}},"210":{"start":{"line":512,"column":4},"end":{"line":529,"column":7}},"211":{"start":{"line":513,"column":8},"end":{"line":513,"column":26}},"212":{"start":{"line":514,"column":8},"end":{"line":514,"column":33}},"213":{"start":{"line":515,"column":8},"end":{"line":515,"column":29}},"214":{"start":{"line":518,"column":8},"end":{"line":528,"column":9}},"215":{"start":{"line":519,"column":32},"end":{"line":519,"column":81}},"216":{"start":{"line":520,"column":24},"end":{"line":522,"column":13}},"217":{"start":{"line":521,"column":16},"end":{"line":521,"column":80}},"218":{"start":{"line":523,"column":12},"end":{"line":527,"column":13}},"219":{"start":{"line":524,"column":16},"end":{"line":524,"column":39}},"220":{"start":{"line":525,"column":16},"end":{"line":525,"column":36}},"221":{"start":{"line":526,"column":16},"end":{"line":526,"column":36}},"222":{"start":{"line":532,"column":4},"end":{"line":540,"column":7}},"223":{"start":{"line":533,"column":8},"end":{"line":533,"column":34}},"224":{"start":{"line":533,"column":27},"end":{"line":533,"column":34}},"225":{"start":{"line":534,"column":8},"end":{"line":539,"column":11}},"226":{"start":{"line":535,"column":12},"end":{"line":538,"column":13}},"227":{"start":{"line":536,"column":31},"end":{"line":536,"column":58}},"228":{"start":{"line":537,"column":16},"end":{"line":537,"column":45}},"229":{"start":{"line":543,"column":4},"end":{"line":545,"column":7}},"230":{"start":{"line":544,"column":8},"end":{"line":544,"column":31}},"231":{"start":{"line":548,"column":4},"end":{"line":559,"column":7}},"232":{"start":{"line":549,"column":22},"end":{"line":549,"column":64}},"233":{"start":{"line":550,"column":8},"end":{"line":558,"column":9}},"234":{"start":{"line":551,"column":26},"end":{"line":551,"column":28}},"235":{"start":{"line":552,"column":12},"end":{"line":552,"column":77}},"236":{"start":{"line":552,"column":34},"end":{"line":552,"column":77}},"237":{"start":{"line":553,"column":12},"end":{"line":553,"column":89}},"238":{"start":{"line":553,"column":34},"end":{"line":553,"column":89}},"239":{"start":{"line":554,"column":12},"end":{"line":557,"column":13}},"240":{"start":{"line":555,"column":32},"end":{"line":555,"column":73}},"241":{"start":{"line":556,"column":16},"end":{"line":556,"column":89}},"242":{"start":{"line":556,"column":29},"end":{"line":556,"column":89}},"243":{"start":{"line":561,"column":4},"end":{"line":571,"column":7}},"244":{"start":{"line":562,"column":8},"end":{"line":570,"column":9}},"245":{"start":{"line":563,"column":12},"end":{"line":563,"column":33}},"246":{"start":{"line":564,"column":12},"end":{"line":564,"column":28}},"247":{"start":{"line":565,"column":12},"end":{"line":565,"column":28}},"248":{"start":{"line":566,"column":26},"end":{"line":566,"column":104}},"249":{"start":{"line":567,"column":12},"end":{"line":569,"column":13}},"250":{"start":{"line":568,"column":16},"end":{"line":568,"column":43}},"251":{"start":{"line":581,"column":4},"end":{"line":594,"column":5}},"252":{"start":{"line":582,"column":8},"end":{"line":582,"column":23}},"253":{"start":{"line":583,"column":8},"end":{"line":583,"column":32}},"254":{"start":{"line":584,"column":8},"end":{"line":584,"column":50}},"255":{"start":{"line":585,"column":8},"end":{"line":585,"column":29}},"256":{"start":{"line":586,"column":8},"end":{"line":589,"column":11}},"257":{"start":{"line":587,"column":12},"end":{"line":587,"column":28}},"258":{"start":{"line":588,"column":12},"end":{"line":588,"column":33}},"259":{"start":{"line":591,"column":8},"end":{"line":591,"column":24}},"260":{"start":{"line":592,"column":8},"end":{"line":592,"column":22}},"261":{"start":{"line":593,"column":8},"end":{"line":593,"column":29}},"262":{"start":{"line":604,"column":4},"end":{"line":604,"column":45}},"263":{"start":{"line":604,"column":31},"end":{"line":604,"column":45}},"264":{"start":{"line":605,"column":14},"end":{"line":605,"column":32}},"265":{"start":{"line":606,"column":16},"end":{"line":606,"column":62}},"266":{"start":{"line":607,"column":4},"end":{"line":607,"column":25}},"267":{"start":{"line":610,"column":0},"end":{"line":610,"column":63}},"268":{"start":{"line":610,"column":40},"end":{"line":610,"column":61}},"269":{"start":{"line":611,"column":0},"end":{"line":611,"column":83}},"270":{"start":{"line":611,"column":42},"end":{"line":611,"column":79}},"271":{"start":{"line":611,"column":55},"end":{"line":611,"column":79}},"272":{"start":{"line":612,"column":0},"end":{"line":618,"column":3}},"273":{"start":{"line":613,"column":4},"end":{"line":617,"column":5}},"274":{"start":{"line":614,"column":24},"end":{"line":614,"column":59}},"275":{"start":{"line":615,"column":22},"end":{"line":615,"column":72}},"276":{"start":{"line":616,"column":8},"end":{"line":616,"column":66}},"277":{"start":{"line":621,"column":0},"end":{"line":629,"column":3}},"278":{"start":{"line":622,"column":4},"end":{"line":622,"column":46}},"279":{"start":{"line":623,"column":4},"end":{"line":628,"column":5}},"280":{"start":{"line":624,"column":8},"end":{"line":624,"column":22}},"281":{"start":{"line":625,"column":8},"end":{"line":625,"column":28}},"282":{"start":{"line":626,"column":8},"end":{"line":626,"column":36}},"283":{"start":{"line":627,"column":8},"end":{"line":627,"column":40}},"284":{"start":{"line":631,"column":0},"end":{"line":636,"column":3}},"285":{"start":{"line":632,"column":4},"end":{"line":632,"column":19}},"286":{"start":{"line":633,"column":4},"end":{"line":633,"column":24}},"287":{"start":{"line":634,"column":4},"end":{"line":634,"column":49}},"288":{"start":{"line":635,"column":4},"end":{"line":635,"column":53}},"289":{"start":{"line":646,"column":4},"end":{"line":653,"column":75}},"290":{"start":{"line":647,"column":20},"end":{"line":647,"column":55}},"291":{"start":{"line":648,"column":8},"end":{"line":648,"column":28}},"292":{"start":{"line":648,"column":21},"end":{"line":648,"column":28}},"293":{"start":{"line":649,"column":24},"end":{"line":649,"column":40}},"294":{"start":{"line":650,"column":18},"end":{"line":650,"column":34}},"295":{"start":{"line":651,"column":8},"end":{"line":651,"column":52}},"296":{"start":{"line":652,"column":8},"end":{"line":652,"column":55}},"297":{"start":{"line":653,"column":18},"end":{"line":653,"column":73}},"298":{"start":{"line":663,"column":4},"end":{"line":668,"column":88}},"299":{"start":{"line":664,"column":20},"end":{"line":664,"column":92}},"300":{"start":{"line":665,"column":8},"end":{"line":665,"column":34}},"301":{"start":{"line":665,"column":21},"end":{"line":665,"column":34}},"302":{"start":{"line":666,"column":21},"end":{"line":666,"column":37}},"303":{"start":{"line":667,"column":8},"end":{"line":667,"column":26}},"304":{"start":{"line":668,"column":18},"end":{"line":668,"column":72}},"305":{"start":{"line":668,"column":73},"end":{"line":668,"column":86}},"306":{"start":{"line":679,"column":4},"end":{"line":679,"column":37}},"307":{"start":{"line":680,"column":4},"end":{"line":680,"column":39}},"308":{"start":{"line":681,"column":4},"end":{"line":681,"column":28}},"309":{"start":{"line":683,"column":20},"end":{"line":683,"column":70}},"310":{"start":{"line":684,"column":25},"end":{"line":684,"column":52}},"311":{"start":{"line":685,"column":4},"end":{"line":685,"column":51}},"312":{"start":{"line":686,"column":4},"end":{"line":686,"column":53}},"313":{"start":{"line":687,"column":4},"end":{"line":687,"column":68}},"314":{"start":{"line":688,"column":4},"end":{"line":688,"column":31}},"315":{"start":{"line":698,"column":20},"end":{"line":698,"column":70}},"316":{"start":{"line":699,"column":4},"end":{"line":718,"column":5}},"317":{"start":{"line":700,"column":20},"end":{"line":704,"column":10}},"318":{"start":{"line":705,"column":8},"end":{"line":714,"column":9}},"319":{"start":{"line":706,"column":12},"end":{"line":706,"column":42}},"320":{"start":{"line":707,"column":12},"end":{"line":707,"column":44}},"321":{"start":{"line":708,"column":12},"end":{"line":708,"column":68}},"322":{"start":{"line":709,"column":12},"end":{"line":709,"column":39}},"323":{"start":{"line":710,"column":15},"end":{"line":714,"column":9}},"324":{"start":{"line":711,"column":12},"end":{"line":711,"column":42}},"325":{"start":{"line":712,"column":12},"end":{"line":712,"column":44}},"326":{"start":{"line":713,"column":12},"end":{"line":713,"column":60}},"327":{"start":{"line":716,"column":8},"end":{"line":716,"column":63}},"328":{"start":{"line":717,"column":8},"end":{"line":717,"column":48}},"329":{"start":{"line":721,"column":0},"end":{"line":721,"column":58}},"330":{"start":{"line":721,"column":41},"end":{"line":721,"column":56}},"331":{"start":{"line":722,"column":0},"end":{"line":722,"column":58}},"332":{"start":{"line":722,"column":41},"end":{"line":722,"column":56}},"333":{"start":{"line":723,"column":0},"end":{"line":723,"column":46}},"334":{"start":{"line":731,"column":16},"end":{"line":731,"column":46}},"335":{"start":{"line":732,"column":4},"end":{"line":732,"column":24}},"336":{"start":{"line":732,"column":14},"end":{"line":732,"column":24}},"337":{"start":{"line":734,"column":4},"end":{"line":734,"column":61}},"338":{"start":{"line":743,"column":19},"end":{"line":743,"column":39}},"339":{"start":{"line":744,"column":19},"end":{"line":744,"column":38}},"340":{"start":{"line":745,"column":19},"end":{"line":745,"column":38}},"341":{"start":{"line":746,"column":19},"end":{"line":746,"column":34}},"342":{"start":{"line":747,"column":15},"end":{"line":747,"column":61}},"343":{"start":{"line":748,"column":4},"end":{"line":748,"column":37}},"344":{"start":{"line":748,"column":15},"end":{"line":748,"column":37}},"345":{"start":{"line":749,"column":4},"end":{"line":749,"column":32}},"346":{"start":{"line":750,"column":4},"end":{"line":750,"column":53}},"347":{"start":{"line":750,"column":16},"end":{"line":750,"column":53}},"348":{"start":{"line":751,"column":4},"end":{"line":751,"column":16}},"349":{"start":{"line":754,"column":0},"end":{"line":757,"column":3}},"350":{"start":{"line":755,"column":17},"end":{"line":755,"column":51}},"351":{"start":{"line":756,"column":4},"end":{"line":756,"column":69}},"352":{"start":{"line":759,"column":0},"end":{"line":762,"column":3}},"353":{"start":{"line":760,"column":17},"end":{"line":760,"column":51}},"354":{"start":{"line":761,"column":4},"end":{"line":761,"column":81}},"355":{"start":{"line":764,"column":0},"end":{"line":767,"column":3}},"356":{"start":{"line":765,"column":17},"end":{"line":765,"column":51}},"357":{"start":{"line":766,"column":4},"end":{"line":766,"column":77}},"358":{"start":{"line":769,"column":0},"end":{"line":772,"column":3}},"359":{"start":{"line":770,"column":18},"end":{"line":770,"column":86}},"360":{"start":{"line":771,"column":4},"end":{"line":771,"column":82}},"361":{"start":{"line":774,"column":0},"end":{"line":777,"column":3}},"362":{"start":{"line":775,"column":18},"end":{"line":775,"column":86}},"363":{"start":{"line":776,"column":4},"end":{"line":776,"column":85}},"364":{"start":{"line":779,"column":0},"end":{"line":782,"column":3}},"365":{"start":{"line":780,"column":18},"end":{"line":780,"column":86}},"366":{"start":{"line":781,"column":4},"end":{"line":781,"column":93}},"367":{"start":{"line":792,"column":21},"end":{"line":792,"column":41}},"368":{"start":{"line":793,"column":4},"end":{"line":793,"column":36}},"369":{"start":{"line":793,"column":26},"end":{"line":793,"column":36}},"370":{"start":{"line":794,"column":18},"end":{"line":803,"column":6}},"371":{"start":{"line":795,"column":19},"end":{"line":795,"column":56}},"372":{"start":{"line":796,"column":8},"end":{"line":796,"column":45}},"373":{"start":{"line":796,"column":21},"end":{"line":796,"column":45}},"374":{"start":{"line":797,"column":20},"end":{"line":797,"column":46}},"375":{"start":{"line":798,"column":18},"end":{"line":798,"column":34}},"376":{"start":{"line":799,"column":8},"end":{"line":801,"column":9}},"377":{"start":{"line":800,"column":12},"end":{"line":800,"column":82}},"378":{"start":{"line":802,"column":8},"end":{"line":802,"column":20}},"379":{"start":{"line":804,"column":4},"end":{"line":804,"column":74}},"380":{"start":{"line":807,"column":0},"end":{"line":811,"column":3}},"381":{"start":{"line":808,"column":17},"end":{"line":808,"column":40}},"382":{"start":{"line":809,"column":4},"end":{"line":809,"column":22}},"383":{"start":{"line":809,"column":15},"end":{"line":809,"column":22}},"384":{"start":{"line":810,"column":4},"end":{"line":810,"column":89}},"385":{"start":{"line":813,"column":0},"end":{"line":817,"column":3}},"386":{"start":{"line":814,"column":17},"end":{"line":814,"column":40}},"387":{"start":{"line":815,"column":4},"end":{"line":815,"column":22}},"388":{"start":{"line":815,"column":15},"end":{"line":815,"column":22}},"389":{"start":{"line":816,"column":4},"end":{"line":816,"column":101}},"390":{"start":{"line":820,"column":0},"end":{"line":827,"column":3}},"391":{"start":{"line":821,"column":4},"end":{"line":826,"column":7}},"392":{"start":{"line":822,"column":8},"end":{"line":822,"column":93}},"393":{"start":{"line":822,"column":63},"end":{"line":822,"column":91}},"394":{"start":{"line":823,"column":8},"end":{"line":823,"column":36}},"395":{"start":{"line":824,"column":8},"end":{"line":824,"column":40}},"396":{"start":{"line":825,"column":8},"end":{"line":825,"column":24}},"397":{"start":{"line":829,"column":0},"end":{"line":832,"column":3}},"398":{"start":{"line":830,"column":4},"end":{"line":830,"column":48}},"399":{"start":{"line":831,"column":4},"end":{"line":831,"column":20}},"400":{"start":{"line":835,"column":24},"end":{"line":835,"column":25}},"401":{"start":{"line":845,"column":4},"end":{"line":925,"column":80}},"402":{"start":{"line":846,"column":20},"end":{"line":846,"column":68}},"403":{"start":{"line":847,"column":8},"end":{"line":847,"column":28}},"404":{"start":{"line":847,"column":21},"end":{"line":847,"column":28}},"405":{"start":{"line":848,"column":18},"end":{"line":848,"column":34}},"406":{"start":{"line":849,"column":23},"end":{"line":849,"column":39}},"407":{"start":{"line":850,"column":23},"end":{"line":850,"column":39}},"408":{"start":{"line":851,"column":23},"end":{"line":851,"column":39}},"409":{"start":{"line":853,"column":8},"end":{"line":881,"column":9}},"410":{"start":{"line":857,"column":30},"end":{"line":857,"column":54}},"411":{"start":{"line":858,"column":30},"end":{"line":858,"column":53}},"412":{"start":{"line":859,"column":30},"end":{"line":859,"column":42}},"413":{"start":{"line":860,"column":27},"end":{"line":860,"column":53}},"414":{"start":{"line":863,"column":12},"end":{"line":880,"column":13}},"415":{"start":{"line":865,"column":16},"end":{"line":865,"column":73}},"416":{"start":{"line":865,"column":40},"end":{"line":865,"column":73}},"417":{"start":{"line":867,"column":16},"end":{"line":867,"column":41}},"418":{"start":{"line":870,"column":31},"end":{"line":870,"column":51}},"419":{"start":{"line":871,"column":16},"end":{"line":873,"column":17}},"420":{"start":{"line":872,"column":20},"end":{"line":872,"column":70}},"421":{"start":{"line":875,"column":16},"end":{"line":879,"column":36}},"422":{"start":{"line":876,"column":20},"end":{"line":876,"column":46}},"423":{"start":{"line":877,"column":20},"end":{"line":877,"column":43}},"424":{"start":{"line":878,"column":20},"end":{"line":878,"column":63}},"425":{"start":{"line":885,"column":28},"end":{"line":885,"column":30}},"426":{"start":{"line":886,"column":8},"end":{"line":890,"column":9}},"427":{"start":{"line":886,"column":21},"end":{"line":886,"column":22}},"428":{"start":{"line":887,"column":23},"end":{"line":887,"column":44}},"429":{"start":{"line":888,"column":23},"end":{"line":888,"column":43}},"430":{"start":{"line":889,"column":12},"end":{"line":889,"column":93}},"431":{"start":{"line":889,"column":26},"end":{"line":889,"column":93}},"432":{"start":{"line":891,"column":8},"end":{"line":915,"column":9}},"433":{"start":{"line":893,"column":30},"end":{"line":893,"column":85}},"434":{"start":{"line":893,"column":59},"end":{"line":893,"column":83}},"435":{"start":{"line":894,"column":25},"end":{"line":894,"column":86}},"436":{"start":{"line":894,"column":45},"end":{"line":894,"column":85}},"437":{"start":{"line":896,"column":29},"end":{"line":896,"column":31}},"438":{"start":{"line":897,"column":12},"end":{"line":897,"column":97}},"439":{"start":{"line":897,"column":35},"end":{"line":897,"column":93}},"440":{"start":{"line":897,"column":48},"end":{"line":897,"column":93}},"441":{"start":{"line":898,"column":12},"end":{"line":898,"column":140}},"442":{"start":{"line":898,"column":39},"end":{"line":898,"column":136}},"443":{"start":{"line":898,"column":91},"end":{"line":898,"column":136}},"444":{"start":{"line":899,"column":12},"end":{"line":899,"column":31}},"445":{"start":{"line":900,"column":12},"end":{"line":900,"column":54}},"446":{"start":{"line":900,"column":37},"end":{"line":900,"column":52}},"447":{"start":{"line":901,"column":12},"end":{"line":901,"column":47}},"448":{"start":{"line":901,"column":30},"end":{"line":901,"column":45}},"449":{"start":{"line":902,"column":12},"end":{"line":902,"column":63}},"450":{"start":{"line":902,"column":49},"end":{"line":902,"column":63}},"451":{"start":{"line":903,"column":12},"end":{"line":903,"column":28}},"452":{"start":{"line":905,"column":12},"end":{"line":914,"column":15}},"453":{"start":{"line":906,"column":16},"end":{"line":906,"column":36}},"454":{"start":{"line":906,"column":29},"end":{"line":906,"column":36}},"455":{"start":{"line":907,"column":16},"end":{"line":913,"column":85}},"456":{"start":{"line":908,"column":33},"end":{"line":908,"column":82}},"457":{"start":{"line":909,"column":20},"end":{"line":912,"column":21}},"458":{"start":{"line":910,"column":24},"end":{"line":910,"column":82}},"459":{"start":{"line":911,"column":24},"end":{"line":911,"column":40}},"460":{"start":{"line":913,"column":30},"end":{"line":913,"column":83}},"461":{"start":{"line":918,"column":8},"end":{"line":924,"column":9}},"462":{"start":{"line":919,"column":26},"end":{"line":919,"column":28}},"463":{"start":{"line":920,"column":12},"end":{"line":920,"column":65}},"464":{"start":{"line":920,"column":32},"end":{"line":920,"column":65}},"465":{"start":{"line":921,"column":12},"end":{"line":921,"column":87}},"466":{"start":{"line":921,"column":32},"end":{"line":921,"column":87}},"467":{"start":{"line":922,"column":28},"end":{"line":922,"column":69}},"468":{"start":{"line":923,"column":12},"end":{"line":923,"column":78}},"469":{"start":{"line":923,"column":25},"end":{"line":923,"column":78}},"470":{"start":{"line":925,"column":20},"end":{"line":925,"column":78}},"471":{"start":{"line":933,"column":16},"end":{"line":933,"column":26}},"472":{"start":{"line":934,"column":4},"end":{"line":934,"column":63}},"473":{"start":{"line":934,"column":56},"end":{"line":934,"column":63}},"474":{"start":{"line":935,"column":4},"end":{"line":935,"column":28}},"475":{"start":{"line":936,"column":4},"end":{"line":936,"column":20}},"476":{"start":{"line":940,"column":22},"end":{"line":940,"column":57}},"477":{"start":{"line":941,"column":22},"end":{"line":941,"column":55}},"478":{"start":{"line":942,"column":22},"end":{"line":942,"column":63}},"479":{"start":{"line":943,"column":22},"end":{"line":943,"column":61}},"480":{"start":{"line":948,"column":25},"end":{"line":948,"column":54}},"481":{"start":{"line":948,"column":55},"end":{"line":948,"column":91}},"482":{"start":{"line":953,"column":25},"end":{"line":953,"column":57}},"483":{"start":{"line":953,"column":58},"end":{"line":953,"column":97}},"484":{"start":{"line":955,"column":0},"end":{"line":955,"column":46}},"485":{"start":{"line":956,"column":0},"end":{"line":956,"column":51}},"486":{"start":{"line":957,"column":0},"end":{"line":957,"column":53}},"487":{"start":{"line":960,"column":17},"end":{"line":960,"column":57}},"488":{"start":{"line":961,"column":17},"end":{"line":961,"column":57}},"489":{"start":{"line":963,"column":22},"end":{"line":963,"column":60}},"490":{"start":{"line":964,"column":22},"end":{"line":964,"column":63}},"491":{"start":{"line":965,"column":22},"end":{"line":965,"column":58}},"492":{"start":{"line":966,"column":22},"end":{"line":966,"column":62}},"493":{"start":{"line":967,"column":22},"end":{"line":967,"column":61}},"494":{"start":{"line":968,"column":22},"end":{"line":968,"column":65}},"495":{"start":{"line":969,"column":23},"end":{"line":969,"column":65}},"496":{"start":{"line":971,"column":23},"end":{"line":971,"column":65}},"497":{"start":{"line":978,"column":4},"end":{"line":978,"column":38}},"498":{"start":{"line":979,"column":4},"end":{"line":979,"column":42}},"499":{"start":{"line":980,"column":4},"end":{"line":980,"column":42}},"500":{"start":{"line":981,"column":4},"end":{"line":981,"column":38}},"501":{"start":{"line":989,"column":4},"end":{"line":989,"column":42}},"502":{"start":{"line":990,"column":4},"end":{"line":990,"column":38}},"503":{"start":{"line":991,"column":4},"end":{"line":991,"column":38}},"504":{"start":{"line":992,"column":4},"end":{"line":992,"column":62}},"505":{"start":{"line":993,"column":4},"end":{"line":993,"column":18}},"506":{"start":{"line":997,"column":0},"end":{"line":1019,"column":3}},"507":{"start":{"line":998,"column":4},"end":{"line":998,"column":23}},"508":{"start":{"line":999,"column":21},"end":{"line":999,"column":74}},"509":{"start":{"line":1000,"column":21},"end":{"line":1000,"column":67}},"510":{"start":{"line":1001,"column":4},"end":{"line":1001,"column":39}},"511":{"start":{"line":1001,"column":32},"end":{"line":1001,"column":39}},"512":{"start":{"line":1002,"column":4},"end":{"line":1018,"column":115}},"513":{"start":{"line":1003,"column":20},"end":{"line":1007,"column":10}},"514":{"start":{"line":1008,"column":21},"end":{"line":1008,"column":37}},"515":{"start":{"line":1009,"column":8},"end":{"line":1017,"column":9}},"516":{"start":{"line":1010,"column":12},"end":{"line":1010,"column":35}},"517":{"start":{"line":1011,"column":12},"end":{"line":1011,"column":33}},"518":{"start":{"line":1012,"column":12},"end":{"line":1012,"column":56}},"519":{"start":{"line":1013,"column":12},"end":{"line":1013,"column":54}},"520":{"start":{"line":1014,"column":12},"end":{"line":1014,"column":30}},"521":{"start":{"line":1016,"column":12},"end":{"line":1016,"column":68}},"522":{"start":{"line":1018,"column":18},"end":{"line":1018,"column":65}},"523":{"start":{"line":1018,"column":66},"end":{"line":1018,"column":113}},"524":{"start":{"line":1022,"column":0},"end":{"line":1046,"column":3}},"525":{"start":{"line":1023,"column":4},"end":{"line":1023,"column":23}},"526":{"start":{"line":1024,"column":4},"end":{"line":1024,"column":24}},"527":{"start":{"line":1025,"column":21},"end":{"line":1025,"column":74}},"528":{"start":{"line":1026,"column":21},"end":{"line":1026,"column":67}},"529":{"start":{"line":1027,"column":4},"end":{"line":1027,"column":93}},"530":{"start":{"line":1027,"column":34},"end":{"line":1027,"column":83}},"531":{"start":{"line":1027,"column":84},"end":{"line":1027,"column":91}},"532":{"start":{"line":1028,"column":4},"end":{"line":1045,"column":5}},"533":{"start":{"line":1029,"column":20},"end":{"line":1033,"column":10}},"534":{"start":{"line":1034,"column":21},"end":{"line":1034,"column":37}},"535":{"start":{"line":1035,"column":8},"end":{"line":1041,"column":9}},"536":{"start":{"line":1036,"column":12},"end":{"line":1036,"column":72}},"537":{"start":{"line":1037,"column":12},"end":{"line":1037,"column":55}},"538":{"start":{"line":1039,"column":12},"end":{"line":1039,"column":75}},"539":{"start":{"line":1040,"column":12},"end":{"line":1040,"column":49}},"540":{"start":{"line":1043,"column":8},"end":{"line":1043,"column":61}},"541":{"start":{"line":1044,"column":8},"end":{"line":1044,"column":65}},"542":{"start":{"line":1049,"column":0},"end":{"line":1061,"column":3}},"543":{"start":{"line":1050,"column":4},"end":{"line":1053,"column":5}},"544":{"start":{"line":1051,"column":8},"end":{"line":1052,"column":73}},"545":{"start":{"line":1052,"column":24},"end":{"line":1052,"column":71}},"546":{"start":{"line":1054,"column":4},"end":{"line":1054,"column":21}},"547":{"start":{"line":1055,"column":4},"end":{"line":1055,"column":21}},"548":{"start":{"line":1056,"column":4},"end":{"line":1056,"column":40}},"549":{"start":{"line":1057,"column":4},"end":{"line":1057,"column":39}},"550":{"start":{"line":1058,"column":4},"end":{"line":1058,"column":56}},"551":{"start":{"line":1059,"column":4},"end":{"line":1059,"column":56}},"552":{"start":{"line":1060,"column":4},"end":{"line":1060,"column":19}},"553":{"start":{"line":1071,"column":4},"end":{"line":1071,"column":27}},"554":{"start":{"line":1071,"column":20},"end":{"line":1071,"column":27}},"555":{"start":{"line":1072,"column":4},"end":{"line":1089,"column":74}},"556":{"start":{"line":1073,"column":20},"end":{"line":1075,"column":10}},"557":{"start":{"line":1076,"column":8},"end":{"line":1079,"column":9}},"558":{"start":{"line":1077,"column":12},"end":{"line":1077,"column":63}},"559":{"start":{"line":1077,"column":38},"end":{"line":1077,"column":53}},"560":{"start":{"line":1077,"column":54},"end":{"line":1077,"column":61}},"561":{"start":{"line":1078,"column":12},"end":{"line":1078,"column":19}},"562":{"start":{"line":1080,"column":18},"end":{"line":1080,"column":34}},"563":{"start":{"line":1081,"column":8},"end":{"line":1081,"column":77}},"564":{"start":{"line":1082,"column":8},"end":{"line":1082,"column":74}},"565":{"start":{"line":1083,"column":8},"end":{"line":1083,"column":74}},"566":{"start":{"line":1085,"column":23},"end":{"line":1085,"column":85}},"567":{"start":{"line":1085,"column":60},"end":{"line":1085,"column":68}},"568":{"start":{"line":1086,"column":8},"end":{"line":1088,"column":11}},"569":{"start":{"line":1087,"column":12},"end":{"line":1087,"column":51}},"570":{"start":{"line":1089,"column":18},"end":{"line":1089,"column":72}},"571":{"start":{"line":1093,"column":0},"end":{"line":1124,"column":3}},"572":{"start":{"line":1094,"column":4},"end":{"line":1094,"column":23}},"573":{"start":{"line":1095,"column":4},"end":{"line":1095,"column":27}},"574":{"start":{"line":1095,"column":20},"end":{"line":1095,"column":27}},"575":{"start":{"line":1096,"column":19},"end":{"line":1096,"column":21}},"576":{"start":{"line":1097,"column":4},"end":{"line":1099,"column":7}},"577":{"start":{"line":1098,"column":8},"end":{"line":1098,"column":30}},"578":{"start":{"line":1100,"column":17},"end":{"line":1105,"column":5}},"579":{"start":{"line":1106,"column":4},"end":{"line":1123,"column":119}},"580":{"start":{"line":1107,"column":20},"end":{"line":1114,"column":10}},"581":{"start":{"line":1115,"column":8},"end":{"line":1122,"column":9}},"582":{"start":{"line":1116,"column":12},"end":{"line":1116,"column":53}},"583":{"start":{"line":1117,"column":12},"end":{"line":1117,"column":52}},"584":{"start":{"line":1119,"column":25},"end":{"line":1119,"column":41}},"585":{"start":{"line":1120,"column":12},"end":{"line":1120,"column":67}},"586":{"start":{"line":1121,"column":12},"end":{"line":1121,"column":46}},"587":{"start":{"line":1123,"column":18},"end":{"line":1123,"column":72}},"588":{"start":{"line":1123,"column":73},"end":{"line":1123,"column":117}},"589":{"start":{"line":1127,"column":0},"end":{"line":1152,"column":3}},"590":{"start":{"line":1128,"column":4},"end":{"line":1128,"column":23}},"591":{"start":{"line":1129,"column":23},"end":{"line":1129,"column":67}},"592":{"start":{"line":1130,"column":20},"end":{"line":1130,"column":76}},"593":{"start":{"line":1131,"column":4},"end":{"line":1131,"column":116}},"594":{"start":{"line":1131,"column":20},"end":{"line":1131,"column":70}},"595":{"start":{"line":1131,"column":71},"end":{"line":1131,"column":106}},"596":{"start":{"line":1131,"column":107},"end":{"line":1131,"column":114}},"597":{"start":{"line":1132,"column":4},"end":{"line":1132,"column":114}},"598":{"start":{"line":1132,"column":22},"end":{"line":1132,"column":68}},"599":{"start":{"line":1132,"column":69},"end":{"line":1132,"column":104}},"600":{"start":{"line":1132,"column":105},"end":{"line":1132,"column":112}},"601":{"start":{"line":1133,"column":4},"end":{"line":1151,"column":159}},"602":{"start":{"line":1134,"column":20},"end":{"line":1141,"column":10}},"603":{"start":{"line":1142,"column":8},"end":{"line":1150,"column":9}},"604":{"start":{"line":1143,"column":12},"end":{"line":1143,"column":65}},"605":{"start":{"line":1144,"column":12},"end":{"line":1144,"column":53}},"606":{"start":{"line":1145,"column":12},"end":{"line":1145,"column":67}},"607":{"start":{"line":1147,"column":25},"end":{"line":1147,"column":41}},"608":{"start":{"line":1148,"column":12},"end":{"line":1148,"column":77}},"609":{"start":{"line":1149,"column":12},"end":{"line":1149,"column":47}},"610":{"start":{"line":1151,"column":18},"end":{"line":1151,"column":75}},"611":{"start":{"line":1151,"column":76},"end":{"line":1151,"column":121}},"612":{"start":{"line":1151,"column":122},"end":{"line":1151,"column":157}},"613":{"start":{"line":1155,"column":0},"end":{"line":1159,"column":3}},"614":{"start":{"line":1156,"column":16},"end":{"line":1156,"column":72}},"615":{"start":{"line":1157,"column":17},"end":{"line":1157,"column":113}},"616":{"start":{"line":1158,"column":4},"end":{"line":1158,"column":81}},"617":{"start":{"line":1161,"column":0},"end":{"line":1165,"column":3}},"618":{"start":{"line":1162,"column":16},"end":{"line":1162,"column":72}},"619":{"start":{"line":1163,"column":17},"end":{"line":1163,"column":102}},"620":{"start":{"line":1164,"column":4},"end":{"line":1164,"column":77}},"621":{"start":{"line":1168,"column":0},"end":{"line":1172,"column":1}},"622":{"start":{"line":1169,"column":4},"end":{"line":1169,"column":22}},"623":{"start":{"line":1171,"column":4},"end":{"line":1171,"column":19}},"624":{"start":{"line":1175,"column":0},"end":{"line":1175,"column":26}},"625":{"start":{"line":1176,"column":0},"end":{"line":1176,"column":16}},"626":{"start":{"line":1179,"column":20},"end":{"line":1179,"column":59}},"627":{"start":{"line":1180,"column":25},"end":{"line":1180,"column":69}},"628":{"start":{"line":1182,"column":0},"end":{"line":1185,"column":3}},"629":{"start":{"line":1183,"column":4},"end":{"line":1183,"column":24}},"630":{"start":{"line":1184,"column":4},"end":{"line":1184,"column":46}},"631":{"start":{"line":1187,"column":0},"end":{"line":1191,"column":3}},"632":{"start":{"line":1188,"column":4},"end":{"line":1190,"column":5}},"633":{"start":{"line":1189,"column":8},"end":{"line":1189,"column":50}},"634":{"start":{"line":1199,"column":4},"end":{"line":1199,"column":63}},"635":{"start":{"line":1200,"column":4},"end":{"line":1200,"column":44}},"636":{"start":{"line":1201,"column":18},"end":{"line":1201,"column":81}},"637":{"start":{"line":1202,"column":4},"end":{"line":1202,"column":36}},"638":{"start":{"line":1202,"column":15},"end":{"line":1202,"column":36}},"639":{"start":{"line":1205,"column":0},"end":{"line":1207,"column":3}},"640":{"start":{"line":1206,"column":4},"end":{"line":1206,"column":72}},"641":{"start":{"line":1206,"column":44},"end":{"line":1206,"column":70}},"642":{"start":{"line":1210,"column":19},"end":{"line":1210,"column":61}},"643":{"start":{"line":1211,"column":0},"end":{"line":1211,"column":23}},"644":{"start":{"line":1218,"column":15},"end":{"line":1218,"column":56}},"645":{"start":{"line":1219,"column":4},"end":{"line":1219,"column":94}},"646":{"start":{"line":1219,"column":12},"end":{"line":1219,"column":94}},"647":{"start":{"line":1229,"column":4},"end":{"line":1229,"column":49}},"648":{"start":{"line":1229,"column":42},"end":{"line":1229,"column":49}},"649":{"start":{"line":1230,"column":4},"end":{"line":1230,"column":35}},"650":{"start":{"line":1231,"column":4},"end":{"line":1231,"column":55}},"651":{"start":{"line":1232,"column":4},"end":{"line":1232,"column":33}},"652":{"start":{"line":1233,"column":23},"end":{"line":1233,"column":30}},"653":{"start":{"line":1234,"column":4},"end":{"line":1242,"column":5}},"654":{"start":{"line":1235,"column":8},"end":{"line":1235,"column":18}},"655":{"start":{"line":1236,"column":8},"end":{"line":1238,"column":9}},"656":{"start":{"line":1237,"column":12},"end":{"line":1237,"column":81}},"657":{"start":{"line":1237,"column":39},"end":{"line":1237,"column":55}},"658":{"start":{"line":1237,"column":56},"end":{"line":1237,"column":77}},"659":{"start":{"line":1239,"column":11},"end":{"line":1242,"column":5}},"660":{"start":{"line":1240,"column":8},"end":{"line":1240,"column":31}},"661":{"start":{"line":1241,"column":8},"end":{"line":1241,"column":37}},"662":{"start":{"line":1241,"column":24},"end":{"line":1241,"column":37}},"663":{"start":{"line":1245,"column":0},"end":{"line":1247,"column":3}},"664":{"start":{"line":1246,"column":4},"end":{"line":1246,"column":80}},"665":{"start":{"line":1246,"column":44},"end":{"line":1246,"column":78}},"666":{"start":{"line":1250,"column":16},"end":{"line":1250,"column":103}},"667":{"start":{"line":1251,"column":0},"end":{"line":1251,"column":36}},"668":{"start":{"line":1251,"column":13},"end":{"line":1251,"column":36}},"669":{"start":{"line":1252,"column":0},"end":{"line":1252,"column":29}},"670":{"start":{"line":1255,"column":0},"end":{"line":1257,"column":3}},"671":{"start":{"line":1256,"column":4},"end":{"line":1256,"column":75}},"672":{"start":{"line":1256,"column":44},"end":{"line":1256,"column":73}},"673":{"start":{"line":1258,"column":0},"end":{"line":1258,"column":27}},"674":{"start":{"line":1260,"column":0},"end":{"line":1272,"column":1}},"675":{"start":{"line":1261,"column":4},"end":{"line":1261,"column":14}},"676":{"start":{"line":1262,"column":7},"end":{"line":1272,"column":1}},"677":{"start":{"line":1264,"column":4},"end":{"line":1264,"column":27}},"678":{"start":{"line":1265,"column":4},"end":{"line":1268,"column":7}},"679":{"start":{"line":1266,"column":8},"end":{"line":1266,"column":33}},"680":{"start":{"line":1267,"column":8},"end":{"line":1267,"column":29}},"681":{"start":{"line":1270,"column":4},"end":{"line":1270,"column":28}},"682":{"start":{"line":1271,"column":4},"end":{"line":1271,"column":46}},"683":{"start":{"line":1275,"column":21},"end":{"line":1275,"column":60}},"684":{"start":{"line":1276,"column":18},"end":{"line":1276,"column":55}},"685":{"start":{"line":1277,"column":25},"end":{"line":1277,"column":70}},"686":{"start":{"line":1278,"column":18},"end":{"line":1278,"column":22}},"687":{"start":{"line":1285,"column":4},"end":{"line":1317,"column":5}},"688":{"start":{"line":1286,"column":20},"end":{"line":1286,"column":76}},"689":{"start":{"line":1288,"column":27},"end":{"line":1288,"column":48}},"690":{"start":{"line":1289,"column":23},"end":{"line":1289,"column":70}},"691":{"start":{"line":1290,"column":21},"end":{"line":1290,"column":45}},"692":{"start":{"line":1291,"column":8},"end":{"line":1294,"column":9}},"693":{"start":{"line":1291,"column":21},"end":{"line":1291,"column":22}},"694":{"start":{"line":1293,"column":12},"end":{"line":1293,"column":80}},"695":{"start":{"line":1296,"column":23},"end":{"line":1296,"column":47}},"696":{"start":{"line":1297,"column":8},"end":{"line":1297,"column":31}},"697":{"start":{"line":1300,"column":23},"end":{"line":1300,"column":47}},"698":{"start":{"line":1301,"column":8},"end":{"line":1301,"column":33}},"699":{"start":{"line":1302,"column":8},"end":{"line":1302,"column":38}},"700":{"start":{"line":1303,"column":8},"end":{"line":1303,"column":29}},"701":{"start":{"line":1305,"column":21},"end":{"line":1305,"column":37}},"702":{"start":{"line":1306,"column":8},"end":{"line":1306,"column":30}},"703":{"start":{"line":1308,"column":8},"end":{"line":1308,"column":31}},"704":{"start":{"line":1309,"column":8},"end":{"line":1309,"column":29}},"705":{"start":{"line":1310,"column":8},"end":{"line":1310,"column":38}},"706":{"start":{"line":1311,"column":8},"end":{"line":1311,"column":23}},"707":{"start":{"line":1314,"column":8},"end":{"line":1314,"column":43}},"708":{"start":{"line":1314,"column":31},"end":{"line":1314,"column":42}},"709":{"start":{"line":1325,"column":4},"end":{"line":1325,"column":23}},"710":{"start":{"line":1325,"column":13},"end":{"line":1325,"column":23}},"711":{"start":{"line":1326,"column":15},"end":{"line":1326,"column":26}},"712":{"start":{"line":1329,"column":4},"end":{"line":1329,"column":82}},"713":{"start":{"line":1331,"column":4},"end":{"line":1331,"column":57}},"714":{"start":{"line":1333,"column":4},"end":{"line":1333,"column":58}},"715":{"start":{"line":1334,"column":4},"end":{"line":1334,"column":57}},"716":{"start":{"line":1335,"column":4},"end":{"line":1335,"column":56}},"717":{"start":{"line":1336,"column":4},"end":{"line":1336,"column":55}},"718":{"start":{"line":1337,"column":4},"end":{"line":1337,"column":54}},"719":{"start":{"line":1338,"column":4},"end":{"line":1338,"column":53}},"720":{"start":{"line":1340,"column":4},"end":{"line":1340,"column":78}},"721":{"start":{"line":1341,"column":4},"end":{"line":1341,"column":65}},"722":{"start":{"line":1342,"column":4},"end":{"line":1342,"column":53}},"723":{"start":{"line":1344,"column":4},"end":{"line":1349,"column":7}},"724":{"start":{"line":1345,"column":22},"end":{"line":1345,"column":60}},"725":{"start":{"line":1345,"column":51},"end":{"line":1345,"column":59}},"726":{"start":{"line":1346,"column":8},"end":{"line":1346,"column":61}},"727":{"start":{"line":1346,"column":29},"end":{"line":1346,"column":48}},"728":{"start":{"line":1346,"column":51},"end":{"line":1346,"column":61}},"729":{"start":{"line":1347,"column":20},"end":{"line":1347,"column":24}},"730":{"start":{"line":1348,"column":8},"end":{"line":1348,"column":90}},"731":{"start":{"line":1348,"column":39},"end":{"line":1348,"column":69}},"732":{"start":{"line":1350,"column":4},"end":{"line":1353,"column":7}},"733":{"start":{"line":1351,"column":8},"end":{"line":1351,"column":78}},"734":{"start":{"line":1351,"column":40},"end":{"line":1351,"column":78}},"735":{"start":{"line":1352,"column":8},"end":{"line":1352,"column":21}},"736":{"start":{"line":1355,"column":4},"end":{"line":1355,"column":54}},"737":{"start":{"line":1356,"column":4},"end":{"line":1356,"column":53}},"738":{"start":{"line":1357,"column":4},"end":{"line":1357,"column":64}},"739":{"start":{"line":1359,"column":4},"end":{"line":1359,"column":46}},"740":{"start":{"line":1361,"column":4},"end":{"line":1361,"column":44}},"741":{"start":{"line":1362,"column":4},"end":{"line":1362,"column":39}},"742":{"start":{"line":1363,"column":4},"end":{"line":1363,"column":33}},"743":{"start":{"line":1365,"column":4},"end":{"line":1365,"column":44}},"744":{"start":{"line":1367,"column":4},"end":{"line":1367,"column":16}},"745":{"start":{"line":1375,"column":21},"end":{"line":1375,"column":70}},"746":{"start":{"line":1378,"column":46},"end":{"line":1378,"column":60}},"747":{"start":{"line":1379,"column":20},"end":{"line":1385,"column":30}},"748":{"start":{"line":1386,"column":19},"end":{"line":1386,"column":76}},"749":{"start":{"line":1387,"column":22},"end":{"line":1387,"column":50}},"750":{"start":{"line":1388,"column":20},"end":{"line":1388,"column":66}},"751":{"start":{"line":1389,"column":4},"end":{"line":1389,"column":72}},"752":{"start":{"line":1393,"column":18},"end":{"line":1393,"column":182}},"753":{"start":{"line":1394,"column":4},"end":{"line":1394,"column":55}},"754":{"start":{"line":1396,"column":4},"end":{"line":1407,"column":19}},"755":{"start":{"line":1415,"column":16},"end":{"line":1415,"column":57}},"756":{"start":{"line":1416,"column":4},"end":{"line":1416,"column":21}},"757":{"start":{"line":1416,"column":14},"end":{"line":1416,"column":21}},"758":{"start":{"line":1418,"column":19},"end":{"line":1418,"column":67}},"759":{"start":{"line":1419,"column":4},"end":{"line":1433,"column":7}},"760":{"start":{"line":1420,"column":25},"end":{"line":1420,"column":45}},"761":{"start":{"line":1421,"column":8},"end":{"line":1432,"column":11}},"762":{"start":{"line":1422,"column":25},"end":{"line":1422,"column":66}},"763":{"start":{"line":1423,"column":28},"end":{"line":1423,"column":52}},"764":{"start":{"line":1424,"column":25},"end":{"line":1428,"column":13}},"765":{"start":{"line":1429,"column":12},"end":{"line":1431,"column":13}},"766":{"start":{"line":1430,"column":16},"end":{"line":1430,"column":66}},"767":{"start":{"line":1440,"column":22},"end":{"line":1440,"column":39}},"768":{"start":{"line":1441,"column":4},"end":{"line":1441,"column":26}},"769":{"start":{"line":1444,"column":4},"end":{"line":1450,"column":5}},"770":{"start":{"line":1445,"column":8},"end":{"line":1445,"column":40}},"771":{"start":{"line":1446,"column":8},"end":{"line":1446,"column":50}},"772":{"start":{"line":1447,"column":8},"end":{"line":1447,"column":43}},"773":{"start":{"line":1448,"column":8},"end":{"line":1448,"column":27}},"774":{"start":{"line":1449,"column":8},"end":{"line":1449,"column":15}},"775":{"start":{"line":1453,"column":4},"end":{"line":1456,"column":7}},"776":{"start":{"line":1454,"column":8},"end":{"line":1454,"column":38}},"777":{"start":{"line":1455,"column":8},"end":{"line":1455,"column":48}},"778":{"start":{"line":1459,"column":4},"end":{"line":1459,"column":33}},"779":{"start":{"line":1460,"column":4},"end":{"line":1460,"column":45}},"780":{"start":{"line":1461,"column":4},"end":{"line":1461,"column":28}},"781":{"start":{"line":1464,"column":4},"end":{"line":1467,"column":5}},"782":{"start":{"line":1465,"column":8},"end":{"line":1465,"column":20}},"783":{"start":{"line":1466,"column":8},"end":{"line":1466,"column":15}},"784":{"start":{"line":1470,"column":19},"end":{"line":1470,"column":55}},"785":{"start":{"line":1471,"column":18},"end":{"line":1471,"column":52}},"786":{"start":{"line":1472,"column":18},"end":{"line":1472,"column":52}},"787":{"start":{"line":1473,"column":23},"end":{"line":1473,"column":72}},"788":{"start":{"line":1474,"column":23},"end":{"line":1474,"column":55}},"789":{"start":{"line":1476,"column":4},"end":{"line":1480,"column":5}},"790":{"start":{"line":1477,"column":8},"end":{"line":1477,"column":105}},"791":{"start":{"line":1478,"column":8},"end":{"line":1478,"column":40}},"792":{"start":{"line":1479,"column":8},"end":{"line":1479,"column":15}},"793":{"start":{"line":1483,"column":4},"end":{"line":1483,"column":126}},"794":{"start":{"line":1484,"column":4},"end":{"line":1484,"column":36}},"795":{"start":{"line":1487,"column":4},"end":{"line":1515,"column":7}},"796":{"start":{"line":1499,"column":15},"end":{"line":1499,"column":23}},"797":{"start":{"line":1501,"column":8},"end":{"line":1501,"column":46}},"798":{"start":{"line":1501,"column":39},"end":{"line":1501,"column":46}},"799":{"start":{"line":1502,"column":8},"end":{"line":1509,"column":9}},"800":{"start":{"line":1503,"column":12},"end":{"line":1504,"column":76}},"801":{"start":{"line":1505,"column":12},"end":{"line":1505,"column":35}},"802":{"start":{"line":1507,"column":12},"end":{"line":1508,"column":94}},"803":{"start":{"line":1512,"column":8},"end":{"line":1512,"column":46}},"804":{"start":{"line":1512,"column":39},"end":{"line":1512,"column":46}},"805":{"start":{"line":1513,"column":8},"end":{"line":1513,"column":113}},"806":{"start":{"line":1514,"column":8},"end":{"line":1514,"column":67}},"807":{"start":{"line":1519,"column":16},"end":{"line":1519,"column":20}},"808":{"start":{"line":1522,"column":19},"end":{"line":1522,"column":55}},"809":{"start":{"line":1523,"column":18},"end":{"line":1523,"column":52}},"810":{"start":{"line":1524,"column":18},"end":{"line":1524,"column":52}},"811":{"start":{"line":1526,"column":4},"end":{"line":1530,"column":5}},"812":{"start":{"line":1527,"column":8},"end":{"line":1527,"column":105}},"813":{"start":{"line":1528,"column":8},"end":{"line":1528,"column":40}},"814":{"start":{"line":1529,"column":8},"end":{"line":1529,"column":15}},"815":{"start":{"line":1532,"column":4},"end":{"line":1532,"column":128}},"816":{"start":{"line":1533,"column":4},"end":{"line":1533,"column":36}},"817":{"start":{"line":1535,"column":4},"end":{"line":1552,"column":7}},"818":{"start":{"line":1540,"column":15},"end":{"line":1540,"column":23}},"819":{"start":{"line":1542,"column":8},"end":{"line":1546,"column":9}},"820":{"start":{"line":1543,"column":12},"end":{"line":1544,"column":94}},"821":{"start":{"line":1545,"column":12},"end":{"line":1545,"column":19}},"822":{"start":{"line":1547,"column":8},"end":{"line":1547,"column":84}},"823":{"start":{"line":1548,"column":8},"end":{"line":1548,"column":29}},"824":{"start":{"line":1551,"column":8},"end":{"line":1551,"column":147}},"825":{"start":{"line":1556,"column":4},"end":{"line":1556,"column":27}},"826":{"start":{"line":1556,"column":20},"end":{"line":1556,"column":27}},"827":{"start":{"line":1557,"column":14},"end":{"line":1557,"column":52}},"828":{"start":{"line":1558,"column":16},"end":{"line":1558,"column":37}},"829":{"start":{"line":1560,"column":15},"end":{"line":1560,"column":55}},"830":{"start":{"line":1562,"column":4},"end":{"line":1568,"column":5}},"831":{"start":{"line":1562,"column":17},"end":{"line":1562,"column":18}},"832":{"start":{"line":1563,"column":21},"end":{"line":1563,"column":43}},"833":{"start":{"line":1564,"column":19},"end":{"line":1564,"column":38}},"834":{"start":{"line":1565,"column":8},"end":{"line":1565,"column":156}},"835":{"start":{"line":1565,"column":123},"end":{"line":1565,"column":133}},"836":{"start":{"line":1566,"column":8},"end":{"line":1566,"column":80}},"837":{"start":{"line":1567,"column":8},"end":{"line":1567,"column":141}},"838":{"start":{"line":1570,"column":4},"end":{"line":1570,"column":150}},"839":{"start":{"line":1570,"column":117},"end":{"line":1570,"column":127}},"840":{"start":{"line":1571,"column":4},"end":{"line":1571,"column":21}},"841":{"start":{"line":1572,"column":4},"end":{"line":1572,"column":168}},"842":{"start":{"line":1573,"column":4},"end":{"line":1573,"column":97}},"843":{"start":{"line":1575,"column":4},"end":{"line":1575,"column":38}},"844":{"start":{"line":1578,"column":17},"end":{"line":1578,"column":53}},"845":{"start":{"line":1579,"column":4},"end":{"line":1579,"column":49}},"846":{"start":{"line":1579,"column":14},"end":{"line":1579,"column":49}},"847":{"start":{"line":1582,"column":20},"end":{"line":1582,"column":56}},"848":{"start":{"line":1583,"column":18},"end":{"line":1583,"column":56}},"849":{"start":{"line":1584,"column":19},"end":{"line":1584,"column":54}},"850":{"start":{"line":1584,"column":25},"end":{"line":1584,"column":54}},"851":{"start":{"line":1585,"column":4},"end":{"line":1585,"column":46}},"852":{"start":{"line":1586,"column":4},"end":{"line":1586,"column":83}},"853":{"start":{"line":1586,"column":47},"end":{"line":1586,"column":79}},"854":{"start":{"line":1586,"column":70},"end":{"line":1586,"column":79}},"855":{"start":{"line":1587,"column":4},"end":{"line":1587,"column":18}},"856":{"start":{"line":1591,"column":4},"end":{"line":1591,"column":45}},"857":{"start":{"line":1591,"column":38},"end":{"line":1591,"column":45}},"858":{"start":{"line":1592,"column":14},"end":{"line":1592,"column":52}},"859":{"start":{"line":1595,"column":20},"end":{"line":1595,"column":56}},"860":{"start":{"line":1596,"column":18},"end":{"line":1596,"column":56}},"861":{"start":{"line":1597,"column":4},"end":{"line":1597,"column":41}},"862":{"start":{"line":1597,"column":17},"end":{"line":1597,"column":41}},"863":{"start":{"line":1598,"column":4},"end":{"line":1598,"column":37}},"864":{"start":{"line":1598,"column":15},"end":{"line":1598,"column":37}},"865":{"start":{"line":1601,"column":17},"end":{"line":1601,"column":53}},"866":{"start":{"line":1602,"column":4},"end":{"line":1606,"column":5}},"867":{"start":{"line":1603,"column":8},"end":{"line":1603,"column":83}},"868":{"start":{"line":1604,"column":8},"end":{"line":1604,"column":94}},"869":{"start":{"line":1605,"column":8},"end":{"line":1605,"column":43}},"870":{"start":{"line":1608,"column":4},"end":{"line":1638,"column":7}},"871":{"start":{"line":1618,"column":15},"end":{"line":1618,"column":23}},"872":{"start":{"line":1620,"column":22},"end":{"line":1620,"column":37}},"873":{"start":{"line":1621,"column":25},"end":{"line":1621,"column":76}},"874":{"start":{"line":1623,"column":8},"end":{"line":1623,"column":78}},"875":{"start":{"line":1624,"column":8},"end":{"line":1624,"column":33}},"876":{"start":{"line":1625,"column":8},"end":{"line":1625,"column":28}},"877":{"start":{"line":1627,"column":8},"end":{"line":1631,"column":9}},"878":{"start":{"line":1628,"column":12},"end":{"line":1628,"column":32}},"879":{"start":{"line":1630,"column":12},"end":{"line":1630,"column":33}},"880":{"start":{"line":1634,"column":8},"end":{"line":1634,"column":124}},"881":{"start":{"line":1635,"column":8},"end":{"line":1635,"column":28}},"882":{"start":{"line":1636,"column":8},"end":{"line":1637,"column":34}},"883":{"start":{"line":1636,"column":36},"end":{"line":1636,"column":56}},"884":{"start":{"line":1637,"column":13},"end":{"line":1637,"column":34}},"885":{"start":{"line":1642,"column":4},"end":{"line":1642,"column":27}},"886":{"start":{"line":1642,"column":20},"end":{"line":1642,"column":27}},"887":{"start":{"line":1643,"column":18},"end":{"line":1643,"column":33}},"888":{"start":{"line":1644,"column":16},"end":{"line":1644,"column":18}},"889":{"start":{"line":1646,"column":4},"end":{"line":1650,"column":88}},"890":{"start":{"line":1646,"column":23},"end":{"line":1646,"column":36}},"891":{"start":{"line":1646,"column":37},"end":{"line":1646,"column":99}},"892":{"start":{"line":1647,"column":9},"end":{"line":1650,"column":88}},"893":{"start":{"line":1647,"column":28},"end":{"line":1647,"column":41}},"894":{"start":{"line":1647,"column":42},"end":{"line":1647,"column":95}},"895":{"start":{"line":1648,"column":9},"end":{"line":1650,"column":88}},"896":{"start":{"line":1648,"column":27},"end":{"line":1648,"column":40}},"897":{"start":{"line":1648,"column":41},"end":{"line":1648,"column":91}},"898":{"start":{"line":1649,"column":9},"end":{"line":1650,"column":88}},"899":{"start":{"line":1649,"column":27},"end":{"line":1649,"column":40}},"900":{"start":{"line":1649,"column":41},"end":{"line":1649,"column":96}},"901":{"start":{"line":1650,"column":11},"end":{"line":1650,"column":24}},"902":{"start":{"line":1650,"column":25},"end":{"line":1650,"column":86}},"903":{"start":{"line":1652,"column":15},"end":{"line":1652,"column":55}},"904":{"start":{"line":1653,"column":4},"end":{"line":1659,"column":5}},"905":{"start":{"line":1653,"column":17},"end":{"line":1653,"column":18}},"906":{"start":{"line":1654,"column":18},"end":{"line":1654,"column":40}},"907":{"start":{"line":1655,"column":19},"end":{"line":1655,"column":38}},"908":{"start":{"line":1656,"column":8},"end":{"line":1656,"column":100}},"909":{"start":{"line":1657,"column":8},"end":{"line":1657,"column":80}},"910":{"start":{"line":1658,"column":8},"end":{"line":1658,"column":137}},"911":{"start":{"line":1660,"column":4},"end":{"line":1660,"column":21}},"912":{"start":{"line":1661,"column":4},"end":{"line":1661,"column":97}},"913":{"start":{"line":1664,"column":19},"end":{"line":1664,"column":55}},"914":{"start":{"line":1665,"column":18},"end":{"line":1665,"column":52}},"915":{"start":{"line":1666,"column":26},"end":{"line":1666,"column":124}},"916":{"start":{"line":1667,"column":4},"end":{"line":1667,"column":68}},"917":{"start":{"line":1669,"column":4},"end":{"line":1669,"column":38}},"918":{"start":{"line":1670,"column":4},"end":{"line":1670,"column":27}},"919":{"start":{"line":1672,"column":17},"end":{"line":1672,"column":53}},"920":{"start":{"line":1673,"column":4},"end":{"line":1673,"column":49}},"921":{"start":{"line":1673,"column":14},"end":{"line":1673,"column":49}},"922":{"start":{"line":1676,"column":0},"end":{"line":1678,"column":3}},"923":{"start":{"line":1677,"column":4},"end":{"line":1677,"column":64}},"924":{"start":{"line":1677,"column":40},"end":{"line":1677,"column":62}},"925":{"start":{"line":1681,"column":0},"end":{"line":1707,"column":1}},"926":{"start":{"line":1682,"column":4},"end":{"line":1706,"column":6}},"927":{"start":{"line":1692,"column":24},"end":{"line":1692,"column":39}},"928":{"start":{"line":1693,"column":29},"end":{"line":1693,"column":49}},"929":{"start":{"line":1694,"column":30},"end":{"line":1694,"column":47}},"930":{"start":{"line":1695,"column":24},"end":{"line":1695,"column":39}},"931":{"start":{"line":1696,"column":25},"end":{"line":1696,"column":37}},"932":{"start":{"line":1697,"column":28},"end":{"line":1697,"column":47}},"933":{"start":{"line":1698,"column":29},"end":{"line":1698,"column":45}},"934":{"start":{"line":1699,"column":27},"end":{"line":1699,"column":45}},"935":{"start":{"line":1700,"column":28},"end":{"line":1700,"column":43}},"936":{"start":{"line":1701,"column":29},"end":{"line":1701,"column":49}},"937":{"start":{"line":1702,"column":30},"end":{"line":1702,"column":47}},"938":{"start":{"line":1703,"column":37},"end":{"line":1703,"column":65}},"939":{"start":{"line":1704,"column":38},"end":{"line":1704,"column":63}}},"fnMap":{"0":{"name":"(anonymous_0)","decl":{"start":{"line":21,"column":4},"end":{"line":21,"column":5}},"loc":{"start":{"line":21,"column":35},"end":{"line":32,"column":5}},"line":21},"1":{"name":"(anonymous_1)","decl":{"start":{"line":33,"column":4},"end":{"line":33,"column":5}},"loc":{"start":{"line":33,"column":32},"end":{"line":33,"column":73}},"line":33},"2":{"name":"(anonymous_2)","decl":{"start":{"line":34,"column":4},"end":{"line":34,"column":5}},"loc":{"start":{"line":34,"column":32},"end":{"line":34,"column":73}},"line":34},"3":{"name":"(anonymous_3)","decl":{"start":{"line":35,"column":4},"end":{"line":35,"column":5}},"loc":{"start":{"line":35,"column":33},"end":{"line":35,"column":75}},"line":35},"4":{"name":"t","decl":{"start":{"line":172,"column":9},"end":{"line":172,"column":10}},"loc":{"start":{"line":172,"column":16},"end":{"line":175,"column":1}},"line":172},"5":{"name":"applyLanguage","decl":{"start":{"line":177,"column":9},"end":{"line":177,"column":22}},"loc":{"start":{"line":177,"column":29},"end":{"line":192,"column":1}},"line":177},"6":{"name":"(anonymous_6)","decl":{"start":{"line":181,"column":53},"end":{"line":181,"column":54}},"loc":{"start":{"line":181,"column":59},"end":{"line":185,"column":5}},"line":181},"7":{"name":"showPlayIcon","decl":{"start":{"line":234,"column":9},"end":{"line":234,"column":21}},"loc":{"start":{"line":234,"column":28},"end":{"line":238,"column":1}},"line":234},"8":{"name":"fetchItunesCached","decl":{"start":{"line":248,"column":15},"end":{"line":248,"column":32}},"loc":{"start":{"line":248,"column":40},"end":{"line":261,"column":1}},"line":248},"9":{"name":"fetchArtwork","decl":{"start":{"line":273,"column":15},"end":{"line":273,"column":27}},"loc":{"start":{"line":273,"column":43},"end":{"line":292,"column":1}},"line":273},"10":{"name":"updateTrack","decl":{"start":{"line":303,"column":9},"end":{"line":303,"column":20}},"loc":{"start":{"line":303,"column":43},"end":{"line":325,"column":1}},"line":303},"11":{"name":"pushHistory","decl":{"start":{"line":334,"column":9},"end":{"line":334,"column":20}},"loc":{"start":{"line":334,"column":43},"end":{"line":339,"column":1}},"line":334},"12":{"name":"renderHistory","decl":{"start":{"line":351,"column":15},"end":{"line":351,"column":28}},"loc":{"start":{"line":351,"column":31},"end":{"line":381,"column":1}},"line":351},"13":{"name":"(anonymous_13)","decl":{"start":{"line":370,"column":38},"end":{"line":370,"column":39}},"loc":{"start":{"line":370,"column":43},"end":{"line":380,"column":5}},"line":370},"14":{"name":"escHtml","decl":{"start":{"line":388,"column":9},"end":{"line":388,"column":16}},"loc":{"start":{"line":388,"column":22},"end":{"line":390,"column":1}},"line":388},"15":{"name":"getFilteredHistory","decl":{"start":{"line":397,"column":9},"end":{"line":397,"column":27}},"loc":{"start":{"line":397,"column":30},"end":{"line":407,"column":1}},"line":397},"16":{"name":"(anonymous_16)","decl":{"start":{"line":398,"column":26},"end":{"line":398,"column":27}},"loc":{"start":{"line":398,"column":31},"end":{"line":406,"column":5}},"line":398},"17":{"name":"parseID3Frames","decl":{"start":{"line":416,"column":9},"end":{"line":416,"column":23}},"loc":{"start":{"line":416,"column":29},"end":{"line":442,"column":1}},"line":416},"18":{"name":"handleMetadataFields","decl":{"start":{"line":451,"column":9},"end":{"line":451,"column":29}},"loc":{"start":{"line":451,"column":38},"end":{"line":465,"column":1}},"line":451},"19":{"name":"setupMetadataTextTracks","decl":{"start":{"line":473,"column":9},"end":{"line":473,"column":32}},"loc":{"start":{"line":473,"column":35},"end":{"line":496,"column":1}},"line":473},"20":{"name":"onCueChange","decl":{"start":{"line":474,"column":13},"end":{"line":474,"column":24}},"loc":{"start":{"line":474,"column":27},"end":{"line":483,"column":5}},"line":474},"21":{"name":"attachTrack","decl":{"start":{"line":485,"column":13},"end":{"line":485,"column":24}},"loc":{"start":{"line":485,"column":32},"end":{"line":490,"column":5}},"line":485},"22":{"name":"(anonymous_22)","decl":{"start":{"line":492,"column":50},"end":{"line":492,"column":51}},"loc":{"start":{"line":492,"column":55},"end":{"line":492,"column":75}},"line":492},"23":{"name":"initHls","decl":{"start":{"line":505,"column":9},"end":{"line":505,"column":16}},"loc":{"start":{"line":505,"column":19},"end":{"line":572,"column":1}},"line":505},"24":{"name":"(anonymous_24)","decl":{"start":{"line":512,"column":39},"end":{"line":512,"column":40}},"loc":{"start":{"line":512,"column":52},"end":{"line":529,"column":5}},"line":512},"25":{"name":"(anonymous_25)","decl":{"start":{"line":520,"column":46},"end":{"line":520,"column":47}},"loc":{"start":{"line":521,"column":16},"end":{"line":521,"column":80}},"line":521},"26":{"name":"(anonymous_26)","decl":{"start":{"line":532,"column":45},"end":{"line":532,"column":46}},"loc":{"start":{"line":532,"column":58},"end":{"line":540,"column":5}},"line":532},"27":{"name":"(anonymous_27)","decl":{"start":{"line":534,"column":29},"end":{"line":534,"column":30}},"loc":{"start":{"line":534,"column":39},"end":{"line":539,"column":9}},"line":534},"28":{"name":"(anonymous_28)","decl":{"start":{"line":543,"column":36},"end":{"line":543,"column":37}},"loc":{"start":{"line":543,"column":42},"end":{"line":545,"column":5}},"line":543},"29":{"name":"(anonymous_29)","decl":{"start":{"line":548,"column":36},"end":{"line":548,"column":37}},"loc":{"start":{"line":548,"column":42},"end":{"line":559,"column":5}},"line":548},"30":{"name":"(anonymous_30)","decl":{"start":{"line":561,"column":29},"end":{"line":561,"column":30}},"loc":{"start":{"line":561,"column":42},"end":{"line":571,"column":5}},"line":561},"31":{"name":"togglePlay","decl":{"start":{"line":580,"column":9},"end":{"line":580,"column":19}},"loc":{"start":{"line":580,"column":22},"end":{"line":595,"column":1}},"line":580},"32":{"name":"(anonymous_32)","decl":{"start":{"line":586,"column":27},"end":{"line":586,"column":28}},"loc":{"start":{"line":586,"column":33},"end":{"line":589,"column":9}},"line":586},"33":{"name":"formatTime","decl":{"start":{"line":603,"column":9},"end":{"line":603,"column":19}},"loc":{"start":{"line":603,"column":23},"end":{"line":608,"column":1}},"line":603},"34":{"name":"(anonymous_34)","decl":{"start":{"line":610,"column":34},"end":{"line":610,"column":35}},"loc":{"start":{"line":610,"column":40},"end":{"line":610,"column":61}},"line":610},"35":{"name":"(anonymous_35)","decl":{"start":{"line":611,"column":34},"end":{"line":611,"column":35}},"loc":{"start":{"line":611,"column":40},"end":{"line":611,"column":81}},"line":611},"36":{"name":"(anonymous_36)","decl":{"start":{"line":612,"column":37},"end":{"line":612,"column":38}},"loc":{"start":{"line":612,"column":43},"end":{"line":618,"column":1}},"line":612},"37":{"name":"(anonymous_37)","decl":{"start":{"line":621,"column":35},"end":{"line":621,"column":36}},"loc":{"start":{"line":621,"column":41},"end":{"line":629,"column":1}},"line":621},"38":{"name":"(anonymous_38)","decl":{"start":{"line":631,"column":34},"end":{"line":631,"column":35}},"loc":{"start":{"line":631,"column":40},"end":{"line":636,"column":1}},"line":631},"39":{"name":"fetchTrackRatings","decl":{"start":{"line":645,"column":15},"end":{"line":645,"column":32}},"loc":{"start":{"line":645,"column":42},"end":{"line":654,"column":1}},"line":645},"40":{"name":"checkIfRated","decl":{"start":{"line":662,"column":15},"end":{"line":662,"column":27}},"loc":{"start":{"line":662,"column":37},"end":{"line":669,"column":1}},"line":662},"41":{"name":"updateRatingUI","decl":{"start":{"line":676,"column":15},"end":{"line":676,"column":29}},"loc":{"start":{"line":676,"column":32},"end":{"line":689,"column":1}},"line":676},"42":{"name":"submitRating","decl":{"start":{"line":697,"column":15},"end":{"line":697,"column":27}},"loc":{"start":{"line":697,"column":35},"end":{"line":719,"column":1}},"line":697},"43":{"name":"(anonymous_43)","decl":{"start":{"line":721,"column":35},"end":{"line":721,"column":36}},"loc":{"start":{"line":721,"column":41},"end":{"line":721,"column":56}},"line":721},"44":{"name":"(anonymous_44)","decl":{"start":{"line":722,"column":35},"end":{"line":722,"column":36}},"loc":{"start":{"line":722,"column":41},"end":{"line":722,"column":56}},"line":722},"45":{"name":"getArtworkUrl","decl":{"start":{"line":730,"column":9},"end":{"line":730,"column":22}},"loc":{"start":{"line":730,"column":25},"end":{"line":735,"column":1}},"line":730},"46":{"name":"getShareText","decl":{"start":{"line":742,"column":9},"end":{"line":742,"column":21}},"loc":{"start":{"line":742,"column":24},"end":{"line":752,"column":1}},"line":742},"47":{"name":"(anonymous_47)","decl":{"start":{"line":754,"column":68},"end":{"line":754,"column":69}},"loc":{"start":{"line":754,"column":74},"end":{"line":757,"column":1}},"line":754},"48":{"name":"(anonymous_48)","decl":{"start":{"line":759,"column":67},"end":{"line":759,"column":68}},"loc":{"start":{"line":759,"column":73},"end":{"line":762,"column":1}},"line":759},"49":{"name":"(anonymous_49)","decl":{"start":{"line":764,"column":68},"end":{"line":764,"column":69}},"loc":{"start":{"line":764,"column":74},"end":{"line":767,"column":1}},"line":764},"50":{"name":"(anonymous_50)","decl":{"start":{"line":769,"column":67},"end":{"line":769,"column":68}},"loc":{"start":{"line":769,"column":73},"end":{"line":772,"column":1}},"line":769},"51":{"name":"(anonymous_51)","decl":{"start":{"line":774,"column":67},"end":{"line":774,"column":68}},"loc":{"start":{"line":774,"column":73},"end":{"line":777,"column":1}},"line":774},"52":{"name":"(anonymous_52)","decl":{"start":{"line":779,"column":66},"end":{"line":779,"column":67}},"loc":{"start":{"line":779,"column":72},"end":{"line":782,"column":1}},"line":779},"53":{"name":"getRecentlyPlayedText","decl":{"start":{"line":791,"column":9},"end":{"line":791,"column":30}},"loc":{"start":{"line":791,"column":33},"end":{"line":805,"column":1}},"line":791},"54":{"name":"(anonymous_54)","decl":{"start":{"line":794,"column":31},"end":{"line":794,"column":32}},"loc":{"start":{"line":794,"column":41},"end":{"line":803,"column":5}},"line":794},"55":{"name":"(anonymous_55)","decl":{"start":{"line":807,"column":73},"end":{"line":807,"column":74}},"loc":{"start":{"line":807,"column":79},"end":{"line":811,"column":1}},"line":807},"56":{"name":"(anonymous_56)","decl":{"start":{"line":813,"column":72},"end":{"line":813,"column":73}},"loc":{"start":{"line":813,"column":78},"end":{"line":817,"column":1}},"line":813},"57":{"name":"(anonymous_57)","decl":{"start":{"line":820,"column":50},"end":{"line":820,"column":51}},"loc":{"start":{"line":820,"column":57},"end":{"line":827,"column":1}},"line":820},"58":{"name":"(anonymous_58)","decl":{"start":{"line":821,"column":34},"end":{"line":821,"column":35}},"loc":{"start":{"line":821,"column":40},"end":{"line":826,"column":5}},"line":821},"59":{"name":"(anonymous_59)","decl":{"start":{"line":822,"column":58},"end":{"line":822,"column":59}},"loc":{"start":{"line":822,"column":63},"end":{"line":822,"column":91}},"line":822},"60":{"name":"(anonymous_60)","decl":{"start":{"line":829,"column":65},"end":{"line":829,"column":66}},"loc":{"start":{"line":829,"column":72},"end":{"line":832,"column":1}},"line":829},"61":{"name":"fetchMetadata","decl":{"start":{"line":844,"column":15},"end":{"line":844,"column":28}},"loc":{"start":{"line":844,"column":31},"end":{"line":926,"column":1}},"line":844},"62":{"name":"(anonymous_62)","decl":{"start":{"line":875,"column":48},"end":{"line":875,"column":49}},"loc":{"start":{"line":875,"column":54},"end":{"line":879,"column":17}},"line":875},"63":{"name":"(anonymous_63)","decl":{"start":{"line":893,"column":54},"end":{"line":893,"column":55}},"loc":{"start":{"line":893,"column":59},"end":{"line":893,"column":83}},"line":893},"64":{"name":"(anonymous_64)","decl":{"start":{"line":894,
[...]
":19},"end":{"line":1522,"column":55}},"type":"cond-expr","locations":[{"start":{"line":1522,"column":30},"end":{"line":1522,"column":50}},{"start":{"line":1522,"column":53},"end":{"line":1522,"column":55}}],"line":1522},"206":{"loc":{"start":{"line":1523,"column":18},"end":{"line":1523,"column":52}},"type":"cond-expr","locations":[{"start":{"line":1523,"column":28},"end":{"line":1523,"column":47}},{"start":{"line":1523,"column":50},"end":{"line":1523,"column":52}}],"line":1523},"207":{"loc":{"start":{"line":1524,"column":18},"end":{"line":1524,"column":52}},"type":"cond-expr","locations":[{"start":{"line":1524,"column":28},"end":{"line":1524,"column":47}},{"start":{"line":1524,"column":50},"end":{"line":1524,"column":52}}],"line":1524},"208":{"loc":{"start":{"line":1526,"column":4},"end":{"line":1530,"column":5}},"type":"if","locations":[{"start":{"line":1526,"column":4},"end":{"line":1530,"column":5}},{"start":{},"end":{}}],"line":1526},"209":{"loc":{"start":{"line":1526,"column":8},"end":{"line":1526,"column":81}},"type":"binary-expr","locations":[{"start":{"line":1526,"column":8},"end":{"line":1526,"column":15}},{"start":{"line":1526,"column":19},"end":{"line":1526,"column":44}},{"start":{"line":1526,"column":48},"end":{"line":1526,"column":54}},{"start":{"line":1526,"column":58},"end":{"line":1526,"column":81}}],"line":1526},"210":{"loc":{"start":{"line":1538,"column":63},"end":{"line":1538,"column":101}},"type":"binary-expr","locations":[{"start":{"line":1538,"column":63},"end":{"line":1538,"column":88}},{"start":{"line":1538,"column":92},"end":{"line":1538,"column":101}}],"line":1538},"211":{"loc":{"start":{"line":1542,"column":8},"end":{"line":1546,"column":9}},"type":"if","locations":[{"start":{"line":1542,"column":8},"end":{"line":1546,"column":9}},{"start":{},"end":{}}],"line":1542},"212":{"loc":{"start":{"line":1542,"column":12},"end":{"line":1542,"column":70}},"type":"binary-expr","locations":[{"start":{"line":1542,"column":12},"end":{"line":1542,"column":20}},{"start":{"line":1542,"column":24},"end":{"line":1542,"column":39}},{"start":{"line":1542,"column":43},"end":{"line":1542,"column":70}}],"line":1542},"213":{"loc":{"start":{"line":1544,"column":24},"end":{"line":1544,"column":83}},"type":"binary-expr","locations":[{"start":{"line":1544,"column":24},"end":{"line":1544,"column":34}},{"start":{"line":1544,"column":38},"end":{"line":1544,"column":83}}],"line":1544},"214":{"loc":{"start":{"line":1556,"column":4},"end":{"line":1556,"column":27}},"type":"if","locations":[{"start":{"line":1556,"column":4},"end":{"line":1556,"column":27}},{"start":{},"end":{}}],"line":1556},"215":{"loc":{"start":{"line":1567,"column":59},"end":{"line":1567,"column":82}},"type":"cond-expr","locations":[{"start":{"line":1567,"column":74},"end":{"line":1567,"column":77}},{"start":{"line":1567,"column":80},"end":{"line":1567,"column":82}}],"line":1567},"216":{"loc":{"start":{"line":1579,"column":4},"end":{"line":1579,"column":49}},"type":"if","locations":[{"start":{"line":1579,"column":4},"end":{"line":1579,"column":49}},{"start":{},"end":{}}],"line":1579},"217":{"loc":{"start":{"line":1586,"column":47},"end":{"line":1586,"column":79}},"type":"if","locations":[{"start":{"line":1586,"column":47},"end":{"line":1586,"column":79}},{"start":{},"end":{}}],"line":1586},"218":{"loc":{"start":{"line":1591,"column":4},"end":{"line":1591,"column":45}},"type":"if","locations":[{"start":{"line":1591,"column":4},"end":{"line":1591,"column":45}},{"start":{},"end":{}}],"line":1591},"219":{"loc":{"start":{"line":1591,"column":8},"end":{"line":1591,"column":36}},"type":"binary-expr","locations":[{"start":{"line":1591,"column":8},"end":{"line":1591,"column":18}},{"start":{"line":1591,"column":22},"end":{"line":1591,"column":36}}],"line":1591},"220":{"loc":{"start":{"line":1597,"column":4},"end":{"line":1597,"column":41}},"type":"if","locations":[{"start":{"line":1597,"column":4},"end":{"line":1597,"column":41}},{"start":{},"end":{}}],"line":1597},"221":{"loc":{"start":{"line":1598,"column":4},"end":{"line":1598,"column":37}},"type":"if","locations":[{"start":{"line":1598,"column":4},"end":{"line":1598,"column":37}},{"start":{},"end":{}}],"line":1598},"222":{"loc":{"start":{"line":1602,"column":4},"end":{"line":1606,"column":5}},"type":"if","locations":[{"start":{"line":1602,"column":4},"end":{"line":1606,"column":5}},{"start":{},"end":{}}],"line":1602},"223":{"loc":{"start":{"line":1620,"column":22},"end":{"line":1620,"column":37}},"type":"binary-expr","locations":[{"start":{"line":1620,"column":22},"end":{"line":1620,"column":32}},{"start":{"line":1620,"column":36},"end":{"line":1620,"column":37}}],"line":1620},"224":{"loc":{"start":{"line":1621,"column":25},"end":{"line":1621,"column":76}},"type":"binary-expr","locations":[{"start":{"line":1621,"column":25},"end":{"line":1621,"column":38}},{"start":{"line":1621,"column":43},"end":{"line":1621,"column":75}}],"line":1621},"225":{"loc":{"start":{"line":1621,"column":43},"end":{"line":1621,"column":75}},"type":"cond-expr","locations":[{"start":{"line":1621,"column":55},"end":{"line":1621,"column":65}},{"start":{"line":1621,"column":68},"end":{"line":1621,"column":75}}],"line":1621},"226":{"loc":{"start":{"line":1627,"column":8},"end":{"line":1631,"column":9}},"type":"if","locations":[{"start":{"line":1627,"column":8},"end":{"line":1631,"column":9}},{"start":{"line":1629,"column":15},"end":{"line":1631,"column":9}}],"line":1627},"227":{"loc":{"start":{"line":1636,"column":8},"end":{"line":1637,"column":34}},"type":"if","locations":[{"start":{"line":1636,"column":8},"end":{"line":1637,"column":34}},{"start":{"line":1637,"column":13},"end":{"line":1637,"column":34}}],"line":1636},"228":{"loc":{"start":{"line":1642,"column":4},"end":{"line":1642,"column":27}},"type":"if","locations":[{"start":{"line":1642,"column":4},"end":{"line":1642,"column":27}},{"start":{},"end":{}}],"line":1642},"229":{"loc":{"start":{"line":1646,"column":4},"end":{"line":1650,"column":88}},"type":"if","locations":[{"start":{"line":1646,"column":4},"end":{"line":1650,"column":88}},{"start":{"line":1647,"column":9},"end":{"line":1650,"column":88}}],"line":1646},"230":{"loc":{"start":{"line":1647,"column":9},"end":{"line":1650,"column":88}},"type":"if","locations":[{"start":{"line":1647,"column":9},"end":{"line":1650,"column":88}},{"start":{"line":1648,"column":9},"end":{"line":1650,"column":88}}],"line":1647},"231":{"loc":{"start":{"line":1648,"column":9},"end":{"line":1650,"column":88}},"type":"if","locations":[{"start":{"line":1648,"column":9},"end":{"line":1650,"column":88}},{"start":{"line":1649,"column":9},"end":{"line":1650,"column":88}}],"line":1648},"232":{"loc":{"start":{"line":1649,"column":9},"end":{"line":1650,"column":88}},"type":"if","locations":[{"start":{"line":1649,"column":9},"end":{"line":1650,"column":88}},{"start":{"line":1650,"column":9},"end":{"line":1650,"column":88}}],"line":1649},"233":{"loc":{"start":{"line":1658,"column":59},"end":{"line":1658,"column":82}},"type":"cond-expr","locations":[{"start":{"line":1658,"column":74},"end":{"line":1658,"column":77}},{"start":{"line":1658,"column":80},"end":{"line":1658,"column":82}}],"line":1658},"234":{"loc":{"start":{"line":1664,"column":19},"end":{"line":1664,"column":55}},"type":"cond-expr","locations":[{"start":{"line":1664,"column":30},"end":{"line":1664,"column":50}},{"start":{"line":1664,"column":53},"end":{"line":1664,"column":55}}],"line":1664},"235":{"loc":{"start":{"line":1665,"column":18},"end":{"line":1665,"column":52}},"type":"cond-expr","locations":[{"start":{"line":1665,"column":28},"end":{"line":1665,"column":47}},{"start":{"line":1665,"column":50},"end":{"line":1665,"column":52}}],"line":1665},"236":{"loc":{"start":{"line":1673,"column":4},"end":{"line":1673,"column":49}},"type":"if","locations":[{"start":{"line":1673,"column":4},"end":{"line":1673,"column":49}},{"start":{},"end":{}}],"line":1673},"237":{"loc":{"start":{"line":1681,"column":0},"end":{"line":1707,"column":1}},"type":"if","locations":[{"start":{"line":1681,"column":0},"end":{"line":1707,"column":1}},{"start":{},"end":{}}],"line":1681},"238":{"loc":{"start":{"line":1681,"column":4},"end":{"line":1681,"column":51}},"type":"binary-expr","locations":[{"start":{"line":1681,"column":4},"end":{"line":1681,"column":33}},{"start":{"line":1681,"column":37},"end":{"line":1681,"column":51}}],"line":1681}},"s":{"0":1,"1":18,"2":18,"3":2,"4":16,"5":15,"6":1,"7":1,"8":15,"9":2,"10":1,"11":1,"12":1,"13":1,"14":1,"15":1,"16":1,"17":1,"18":1,"19":1,"20":1,"21":1,"22":1,"23":1,"24":1,"25":1,"26":37,"27":1,"28":1,"29":1,"30":0,"31":0,"32":0,"33":0,"34":1,"35":1,"36":0,"37":1,"38":1,"39":1,"40":1,"41":1,"42":1,"43":1,"44":1,"45":1,"46":1,"47":1,"48":1,"49":1,"50":1,"51":1,"52":1,"53":1,"54":1,"55":1,"56":1,"57":1,"58":1,"59":1,"60":1,"61":1,"62":1,"63":1,"64":1,"65":1,"66":1,"67":1,"68":1,"69":1,"70":1,"71":12,"72":12,"73":12,"74":1,"75":19,"76":19,"77":19,"78":19,"79":2,"80":2,"81":1,"82":18,"83":15,"84":15,"85":15,"86":0,"87":15,"88":12,"89":12,"90":10,"91":2,"92":2,"93":2,"94":2,"95":8,"96":8,"97":2,"98":2,"99":2,"100":9,"101":9,"102":1,"103":8,"104":1,"105":1,"106":1,"107":1,"108":8,"109":8,"110":8,"111":8,"112":8,"113":8,"114":8,"115":28,"116":1,"117":27,"118":27,"119":5,"120":27,"121":1,"122":1,"123":1,"124":39,"125":2,"126":2,"127":37,"128":37,"129":36,"130":36,"131":1,"132":37,"133":37,"134":1,"135":1,"136":36,"137":137,"138":137,"139":137,"140":137,"141":137,"142":301,"143":52,"144":538,"145":530,"146":8,"147":8,"148":8,"149":4,"150":4,"151":1,"152":3,"153":1,"154":2,"155":9,"156":9,"157":1,"158":8,"159":8,"160":1,"161":7,"162":7,"163":7,"164":7,"165":6,"166":6,"167":6,"168":0,"169":6,"170":5,"171":5,"172":5,"173":5,"174":5,"175":5,"176":5,"177":6,"178":7,"179":5,"180":5,"181":5,"182":5,"183":3,"184":2,"185":1,"186":0,"187":0,"188":0,"189":0,"190":0,"191":0,"192":0,"193":0,"194":0,"195":0,"196":0,"197":0,"198":0,"199":1,"200":0,"201":1,"202":1,"203":0,"204":4,"205":3,"206":3,"207":4,"208":4,"209":4,"210":4,"211":3,"212":3,"213":3,"214":3,"215":2,"216":2,"217":3,"218":2,"219":2,"220":2,"221":2,"222":4,"223":2,"224":1,"225":1,"226":1,"227":1,"228":1,"229":4,"230":1,"231":4,"232":2,"233":2,"234":1,"235":1,"236":1,"237":1,"238":1,"239":1,"240":1,"241":1,"242":1,"243":4,"244":2,"245":1,"246":1,"247":1,"248":1,"249":1,"250":1,"251":3,"252":2,"253":2,"254":2,"255":2,"256":2,"257":1,"258":1,"259":1,"260":1,"261":1,"262":7,"263":3,"264":4,"265":4,"266":4,"267":1,"268":0,"269":1,"270":0,"271":0,"272":1,"273":1,"274":1,"275":1,"276":1,"277":1,"278":2,"279":2,"280":1,"281":1,"282":1,"283":1,"284":1,"285":3,"286":3,"287":3,"288":3,"289":17,"290":17,"291":15,"292":1,"293":14,"294":14,"295":14,"296":14,"297":2,"298":14,"299":14,"300":12,"301":1,"302":11,"303":11,"304":2,"305":2,"306":10,"307":10,"308":10,"309":10,"310":10,"311":10,"312":10,"313":10,"314":10,"315":5,"316":5,"317":5,"318":4,"319":3,"320":3,"321":3,"322":3,"323":1,"324":1,"325":1,"326":1,"327":1,"328":1,"329":1,"330":0,"331":1,"332":0,"333":1,"334":7,"335":7,"336":1,"337":6,"338":5,"339":5,"340":5,"341":5,"342":5,"343":5,"344":4,"345":5,"346":5,"347":5,"348":5,"349":1,"350":1,"351":1,"352":1,"353":1,"354":1,"355":1,"356":1,"357":1,"358":1,"359":1,"360":1,"361":1,"362":1,"363":1,"364":1,"365":1,"366":1,"367":8,"368":8,"369":3,"370":5,"371":6,"372":6,"373":1,"374":6,"375":6,"376":6,"377":1,"378":6,"379":5,"380":1,"381":2,"382":2,"383":1,"384":1,"385":1,"386":2,"387":2,"388":1,"389":1,"390":1,"391":1,"392":1,"393":1,"394":1,"395":1,"396":1,"397":1,"398":1,"399":1,"400":1,"401":12,"402":12,"403":11,"404":1,"405":10,"406":10,"407":10,"408":10,"409":10,"410":6,"411":6,"412":6,"413":6,"414":6,"415":2,"416":0,"417":2,"418":2,"419":2,"420":2,"421":2,"422":1,"423":1,"424":1,"425":10,"426":10,"427":10,"428":50,"429":50,"430":50,"431":5,"432":10,"433":4,"434":5,"435":4,"436":1,"437":4,"438":4,"439":1,"440":1,"441":4,"442":5,"443":1,"444":4,"445":4,"446":5,"447":4,"448":0,"449":4,"450":0,"451":4,"452":4,"453":5,"454":1,"455":4,"456":4,"457":3,"458":1,"459":1,"460":1,"461":10,"462":1,"463":1,"464":1,"465":1,"466":1,"467":1,"468":1,"469":1,"470":1,"471":3,"472":3,"473":2,"474":1,"475":1,"476":1,"477":1,"478":1,"479":1,"480":2,"481":2,"482":1,"483":1,"484":1,"485":1,"486":1,"487":1,"488":1,"489":1,"490":1,"491":1,"492":1,"493":1,"494":1,"495":1,"496":1,"497":7,"498":7,"499":7,"500":7,"501":14,"502":14,"503":14,"504":14,"505":14,"506":1,"507":16,"508":16,"509":16,"510":16,"511":1,"512":15,"513":15,"514":14,"515":14,"516":13,"517":13,"518":13,"519":13,"520":13,"521":1,"522":1,"523":1,"524":1,"525":4,"526":4,"527":4,"528":4,"529":4,"530":1,"531":1,"532":3,"533":3,"534":2,"535":2,"536":1,"537":1,"538":1,"539":1,"540":1,"541":1,"542":1,"543":3,"544":2,"545":0,"546":3,"547":3,"548":3,"549":3,"550":3,"551":3,"552":3,"553":15,"554":2,"555":13,"556":13,"557":12,"558":2,"559":1,"560":1,"561":1,"562":10,"563":10,"564":10,"565":10,"566":10,"567":12,"568":10,"569":30,"570":1,"571":1,"572":4,"573":4,"574":1,"575":3,"576":3,"577":0,"578":3,"579":3,"580":3,"581":2,"582":1,"583":1,"584":1,"585":1,"586":1,"587":1,"588":1,"589":1,"590":4,"591":4,"592":4,"593":4,"594":1,"595":1,"596":1,"597":3,"598":0,"599":0,"600":0,"601":3,"602":3,"603":2,"604":1,"605":1,"606":1,"607":1,"608":1,"609":1,"610":1,"611":1,"612":1,"613":1,"614":2,"615":2,"616":2,"617":1,"618":1,"619":1,"620":1,"621":1,"622":0,"623":1,"624":1,"625":1,"626":1,"627":1,"628":1,"629":3,"630":3,"631":1,"632":21,"633":21,"634":3,"635":3,"636":3,"637":3,"638":3,"639":1,"640":2,"641":0,"642":1,"643":1,"644":9,"645":9,"646":9,"647":6,"648":1,"649":5,"650":5,"651":5,"652":5,"653":5,"654":3,"655":3,"656":2,"657":1,"658":1,"659":2,"660":2,"661":2,"662":1,"663":1,"664":2,"665":0,"666":1,"667":1,"668":1,"669":1,"670":1,"671":0,"672":0,"673":1,"674":1,"675":1,"676":0,"677":0,"678":0,"679":0,"680":0,"681":0,"682":0,"683":1,"684":1,"685":1,"686":1,"687":0,"688":0,"689":0,"690":0,"691":0,"692":0,"693":0,"694":0,"695":0,"696":0,"697":0,"698":0,"699":0,"700":0,"701":0,"702":0,"703":0,"704":0,"705":0,"706":0,"707":0,"708":0,"709":17,"710":3,"711":14,"712":14,"713":14,"714":14,"715":14,"716":14,"717":14,"718":14,"719":14,"720":14,"721":14,"722":14,"723":14,"724":0,"725":0,"726":0,"727":0,"728":0,"729":0,"730":0,"731":0,"732":14,"733":0,"734":0,"735":0,"736":14,"737":14,"738":14,"739":14,"740":14,"741":14,"742":14,"743":14,"744":14,"745":1,"746":2,"747":2,"748":2,"749":2,"750":2,"751":2,"752":5,"753":5,"754":5,"755":0,"756":0,"757":0,"758":0,"759":0,"760":0,"761":0,"762":0,"763":0,"764":0,"765":0,"766":0,"767":0,"768":0,"769":0,"770":0,"771":0,"772":0,"773":0,"774":0,"775":0,"776":0,"777":0,"778":0,"779":0,"780":0,"781":0,"782":0,"783":0,"784":0,"785":0,"786":0,"787":0,"788":0,"789":0,"790":0,"791":0,"792":0,"793":0,"794":0,"795":0,"796":0,"797":0,"798":0,"799":0,"800":0,"801":0,"802":0,"803":0,"804":0,"805":0,"806":0,"807":1,"808":0,"809":0,"810":0,"811":0,"812":0,"813":0,"814":0,"815":0,"816":0,"817":0,"818":0,"819":0,"820":0,"821":0,"822":0,"823":0,"824":0,"825":0,"826":0,"827":0,"828":0,"829":0,"830":0,"831":0,"832":0,"833":0,"834":0,"835":0,"836":0,"837":0,"838":0,"839":0,"840":0,"841":0,"842":0,"843":0,"844":0,"845":0,"846":0,"847":0,"848":0,"849":0,"850":0,"851":0,"852":0,"853":0,"854":0,"855":0,"856":0,"857":0,"858":0,"859":0,"860":0,"861":0,"862":0,"863":0,"864":0,"865":0,"866":0,"867":0,"868":0,"869":0,"870":0,"871":0,"872":0,"873":0,"874":0,"875":0,"876":0,"877":0,"878":0,"879":0,"880":0,"881":0,"882":0,"883":0,"884":0,"885":0,"886":0,"887":0,"888":0,"889":0,"890":0,"891":0,"892":0,"893":0,"894":0,"895":0,"896":0,"897":0,"898":0,"899":0,"900":0,"901":0,"902":0,"903":0,"904":0,"905":0,"906":0,"907":0,"908":0,"909":0,"910":0,"911":0,"912":0,"913":0,"914":0,"915":0,"916":0,"917":0,"918":0,"919":0,"920":0,"921":0,"922":1,"923":7,"924":0,"925":1,"926":1,"927":73,"928":1,"929":18,"930":8,"931":19,"932":1,"933":38,"934":2,"935":28,"936":2,"937":24,"938":3,"939":15},"f":{"0":18,"1":1,"2":15,"3":2,"4":37,"5":1,"6":0,"7":12,"8":19,"9":12,"10":9,"11":28,"12":39,"13":137,"14":301,"15":52,"16":538,"17":9,"18":5,"19":1,"20":0,"21":0,"22":0,"23":4,"24":3,"25":3,"26":2,"27":1,"28":1,"29":2,"30":2,"31":3,"32":1,"33":7,"34":0,"35":0,"36":1,"37":2,"38":3,"39":17,"40":14,"41":10,"42":5,"43":0,"44":0,"45":7,"46":5,"47":1,"48":1,"49":1,"50":1,"51":1,"52":1,"53":8,"54":6,"55":2,"56":2,"57":1,"58":1,"59":1,"60":1,"61":12,"62":1,"63":5,"64":1,"65":1,"66":5,"67":5,"68":0,"69":5,"70":3,"71":2,"72":1,"73":7,"74":14,"75":16,"76":4,"77":3,"78":0,"79":15,"80":12,"81":30,"82":4,"83":0,"84":4,"85":2,"86":1,"87":3,"88":21,"89":3,"90":2,"91":0,"92":9,"93":6,"94":1,"95":2,"96":0,"97":0,"98":0,"99":0,"100":0,"101":0,"102":17,"103":0,"104":0,"105":0,"106":0,"107":0,"108":2,"109":5,"110":0,"111":0,"112":0,"113":0,"114":0,"115":0,"116":0,"117":0,"118":0,"119":0,"120":0,"121":0,"122":0,"123":0,"124":0,"125":0,"126":0,"127":0,"128":0,"129":0,"130":0,"131":0,"132":7,"133":0,"134":73,"135":1,"136":18,"137":8,"138":19,"139":1,"140":38,"141":2,"142":28,"143":2,"144":24,"145":3,"146":15},"b":{"0":[2,16],"1":[15,1],"2":[0],"3":[0],"4":[0],"5":[1,1],"6":[1,1],"7":[37,0,0],"8":[37,0],"9":[0,0],"10":[0,1],"11":[1,0],"12":[1,0],"13":[8,4],"14":[1,11],"15":[3,9],"16":[2,17],"17":[1,1],"18":[2,8],"19":[10,9],"20":[1,1],"21":[1,8],"22":[1,7],"23":[1,0],"24":[8,0],"25":[8,0],"26":[8,0],"27":[1,27],"28":[28,1],"29":[27,25],"30":[2,37],"31":[36,0],"32":[1,36],"33":[1,136],"34":[5,132],"35":[301,2],"36":[530,8],"37":[4,4],"38":[1,3],"39":[1,2],"40":[1,8],"41":[1,7],"42":[0,6],"43":[6,6],"44":[5,1],"45":[6,6],"46":[2,3],"47":[1,2],"48":[1,1],"49":[5,0],"50":[5,3],"51":[5,3],"52":[5,3],"53":[3,2],"54":[5,3],"55":[3,1],"56":[3,1],"57":[3,2],"58":[1,1],"59":[0,0],"60":[0,0],"61":[0,0],"62":[0,0],"63":[0,0,0],"64":[0,0],"65":[3,1],"66":[2,1],"67":[3,3],"68":[1,1],"69":[3,3],"70":[2,0],"71":[1,1],"72":[1,0],"73":[2,2],"74":[1,1],"75":[1,0],"76":[1,0],"77":[1,0],"78":[1,0],"79":[1,1],"80":[1,0],"81":[2,1],"82":[3,4],"83":[7,5],"84":[0,0],"85":[1,0],"86":[1,1],"87":[0,1],"88":[1,1],"89":[2,2],"90":[2,1],"91":[2,1],"92":[1,14],"93":[2,12],"94":[2,12],"95":[1,11],"96":[1,9],"97":[3,1],"98":[2,1],"99":[1,0],"100":[1,6],"101":[4,1],"102":[5,0],"103":[3,5],"104":[1,5],"105":[1,5],"106":[6,2,1],"107":[1,1],"108":[1,1],"109":[1,10],"110":[10,4],"111":[10,4],"112":[10,9],"113":[6,4],"114":[10,4],"115":[6,0],"116":[6,0],"117":[6,5],"118":[2,4],"119":[6,6],"120":[0,2],"121":[2,0],"122":[2,2,2],"123":[5,45],"124":[50,45],"125":[5,0],"126":[5,0],"127":[4,6],"128":[1,0],"129":[1,4],"130":[5,5],"131":[1,4],"132":[1,2],"133":[3,3,1],"134":[1,0],"135":[1,9],"136":[10,9],"137":[1,0],"138":[1,0],"139":[1,0],"140":[2,1],"141":[1,1],"142":[1,1],"143":[1,15],"144":[16,15],"145":[13,1],"146":[1,0],"147":[1,3],"148":[4,3],"149":[1,1],"150":[1,0],"151":[2,1],"152":[2,13],"153":[2,10],"154":[1,1],"155":[10,8],"156":[10,8],"157":[10,8],"158":[10,8],"159":[1,3],"160":[1,1],"161":[1,0],"162":[1,3],"163":[0,3],"164":[1,1],"165":[1,0],"166":[1,1],"167":[1,0],"168":[0,1],"169":[1,0],"170":[21,0],"171":[3,0],"172":[1,1],"173":[9,0],"174":[1,5],"175":[3,2],"176":[2,1],"177":[2,0],"178":[1,1],"179":[1,0],"180":[1,0],"181":[0,0],"182":[0,0],"183":[3,14],"184":[0,0],"185":[0,0],"186":[0,2],"187":[5,0],"188":[0,0],"189":[0,0],"190":[0,0],"191":[0,0],"192":[0,0],"193":[0,0],"194":[0,0],"195":[0,0],"196":[0,0],"197":[0,0],"198":[0,0],"199":[0,0,0,0],"200":[0,0],"201":[0,0],"202":[0,0],"203":[0,0],"204":[0,0],"205":[0,0],"206":[0,0],"207":[0,0],"208":[0,0],"209":[0,0,0,0],"210":[0,0],"211":[0,0],"212":[0,0,0],"213":[0,0],"214":[0,0],"215":[0,0],"216":[0,0],"217":[0,0],"218":[0,0],"219":[0,0],"220":[0,0],"221":[0,0],"222":[0,0],"223":[0,0],"224":[0,0],"225":[0,0],"226":[0,0],"227":[0,0],"228":[0,0],"229":[0,0],"230":[0,0],"231":[0,0],"232":[0,0],"233":[0,0],"234":[0,0],"235":[0,0],"236":[0,0],"237":[1,0],"238":[1,1]},"_coverageSchema":"1a1c01bbd47fc00a2c39e90264f33305004495a9","hash":"38f55c21e7fd5c208e79891e3002249d7dc37afa"}
}
