{"/Users/marcelogomesmarques/Projects/CloudeCode/radiocalico/static/js/player.js": {"path":"/Users/marcelogomesmarques/Projects/CloudeCode/radiocalico/static/js/player.js","statementMap":{"0":{"start":{"line":20,"column":12},"end":{"line":36,"column":1}},"1":{"start":{"line":22,"column":22},"end":{"line":28,"column":9}},"2":{"start":{"line":29,"column":8},"end":{"line":31,"column":48}},"3":{"start":{"line":29,"column":31},"end":{"line":29,"column":68}},"4":{"start":{"line":30,"column":13},"end":{"line":31,"column":48}},"5":{"start":{"line":30,"column":35},"end":{"line":30,"column":71}},"6":{"start":{"line":31,"column":13},"end":{"line":31,"column":48}},"7":{"start":{"line":33,"column":34},"end":{"line":33,"column":71}},"8":{"start":{"line":34,"column":34},"end":{"line":34,"column":71}},"9":{"start":{"line":35,"column":35},"end":{"line":35,"column":73}},"10":{"start":{"line":38,"column":19},"end":{"line":38,"column":72}},"11":{"start":{"line":39,"column":22},"end":{"line":42,"column":1}},"12":{"start":{"line":43,"column":27},"end":{"line":43,"column":78}},"13":{"start":{"line":44,"column":21},"end":{"line":44,"column":76}},"14":{"start":{"line":45,"column":29},"end":{"line":45,"column":33}},"15":{"start":{"line":46,"column":20},"end":{"line":46,"column":22}},"16":{"start":{"line":47,"column":26},"end":{"line":47,"column":30}},"17":{"start":{"line":48,"column":25},"end":{"line":48,"column":30}},"18":{"start":{"line":49,"column":24},"end":{"line":49,"column":26}},"19":{"start":{"line":50,"column":21},"end":{"line":50,"column":30}},"20":{"start":{"line":51,"column":27},"end":{"line":51,"column":36}},"21":{"start":{"line":52,"column":29},"end":{"line":52,"column":30}},"22":{"start":{"line":53,"column":24},"end":{"line":53,"column":26}},"23":{"start":{"line":56,"column":19},"end":{"line":56,"column":51}},"24":{"start":{"line":57,"column":19},"end":{"line":57,"column":54}},"25":{"start":{"line":58,"column":19},"end":{"line":58,"column":54}},"26":{"start":{"line":59,"column":19},"end":{"line":59,"column":52}},"27":{"start":{"line":60,"column":19},"end":{"line":60,"column":54}},"28":{"start":{"line":61,"column":19},"end":{"line":61,"column":52}},"29":{"start":{"line":62,"column":19},"end":{"line":62,"column":51}},"30":{"start":{"line":63,"column":19},"end":{"line":63,"column":51}},"31":{"start":{"line":64,"column":19},"end":{"line":64,"column":53}},"32":{"start":{"line":65,"column":19},"end":{"line":65,"column":55}},"33":{"start":{"line":66,"column":19},"end":{"line":66,"column":53}},"34":{"start":{"line":67,"column":19},"end":{"line":67,"column":55}},"35":{"start":{"line":68,"column":19},"end":{"line":68,"column":61}},"36":{"start":{"line":69,"column":22},"end":{"line":69,"column":62}},"37":{"start":{"line":70,"column":22},"end":{"line":70,"column":64}},"38":{"start":{"line":72,"column":19},"end":{"line":72,"column":55}},"39":{"start":{"line":73,"column":19},"end":{"line":73,"column":56}},"40":{"start":{"line":74,"column":19},"end":{"line":74,"column":55}},"41":{"start":{"line":75,"column":19},"end":{"line":75,"column":54}},"42":{"start":{"line":76,"column":19},"end":{"line":76,"column":55}},"43":{"start":{"line":79,"column":17},"end":{"line":79,"column":22}},"44":{"start":{"line":80,"column":17},"end":{"line":80,"column":22}},"45":{"start":{"line":81,"column":17},"end":{"line":81,"column":21}},"46":{"start":{"line":82,"column":19},"end":{"line":82,"column":23}},"47":{"start":{"line":83,"column":20},"end":{"line":83,"column":24}},"48":{"start":{"line":84,"column":20},"end":{"line":84,"column":24}},"49":{"start":{"line":85,"column":25},"end":{"line":85,"column":29}},"50":{"start":{"line":86,"column":22},"end":{"line":86,"column":26}},"51":{"start":{"line":87,"column":20},"end":{"line":87,"column":21}},"52":{"start":{"line":88,"column":17},"end":{"line":88,"column":19}},"53":{"start":{"line":96,"column":4},"end":{"line":96,"column":63}},"54":{"start":{"line":97,"column":4},"end":{"line":97,"column":63}},"55":{"start":{"line":98,"column":4},"end":{"line":98,"column":63}},"56":{"start":{"line":102,"column":28},"end":{"line":102,"column":47}},"57":{"start":{"line":110,"column":21},"end":{"line":110,"column":41}},"58":{"start":{"line":111,"column":4},"end":{"line":117,"column":45}},"59":{"start":{"line":112,"column":23},"end":{"line":112,"column":53}},"60":{"start":{"line":113,"column":8},"end":{"line":116,"column":9}},"61":{"start":{"line":114,"column":33},"end":{"line":114,"column":51}},"62":{"start":{"line":115,"column":12},"end":{"line":115,"column":67}},"63":{"start":{"line":115,"column":55},"end":{"line":115,"column":67}},"64":{"start":{"line":118,"column":16},"end":{"line":118,"column":116}},"65":{"start":{"line":119,"column":17},"end":{"line":119,"column":33}},"66":{"start":{"line":120,"column":4},"end":{"line":120,"column":111}},"67":{"start":{"line":120,"column":10},"end":{"line":120,"column":83}},"68":{"start":{"line":121,"column":4},"end":{"line":121,"column":16}},"69":{"start":{"line":135,"column":4},"end":{"line":152,"column":5}},"70":{"start":{"line":136,"column":21},"end":{"line":136,"column":66}},"71":{"start":{"line":137,"column":8},"end":{"line":147,"column":9}},"72":{"start":{"line":138,"column":27},"end":{"line":138,"column":42}},"73":{"start":{"line":140,"column":24},"end":{"line":140,"column":77}},"74":{"start":{"line":141,"column":12},"end":{"line":141,"column":105}},"75":{"start":{"line":143,"column":12},"end":{"line":143,"column":90}},"76":{"start":{"line":145,"column":12},"end":{"line":145,"column":77}},"77":{"start":{"line":146,"column":12},"end":{"line":146,"column":33}},"78":{"start":{"line":149,"column":8},"end":{"line":149,"column":63}},"79":{"start":{"line":150,"column":8},"end":{"line":150,"column":73}},"80":{"start":{"line":151,"column":8},"end":{"line":151,"column":29}},"81":{"start":{"line":165,"column":16},"end":{"line":165,"column":36}},"82":{"start":{"line":166,"column":4},"end":{"line":166,"column":37}},"83":{"start":{"line":166,"column":30},"end":{"line":166,"column":37}},"84":{"start":{"line":169,"column":4},"end":{"line":174,"column":5}},"85":{"start":{"line":170,"column":24},"end":{"line":170,"column":49}},"86":{"start":{"line":171,"column":18},"end":{"line":171,"column":52}},"87":{"start":{"line":172,"column":18},"end":{"line":172,"column":53}},"88":{"start":{"line":173,"column":8},"end":{"line":173,"column":53}},"89":{"start":{"line":176,"column":4},"end":{"line":176,"column":23}},"90":{"start":{"line":177,"column":4},"end":{"line":177,"column":31}},"91":{"start":{"line":178,"column":4},"end":{"line":178,"column":52}},"92":{"start":{"line":179,"column":4},"end":{"line":179,"column":51}},"93":{"start":{"line":180,"column":4},"end":{"line":180,"column":40}},"94":{"start":{"line":182,"column":4},"end":{"line":182,"column":32}},"95":{"start":{"line":185,"column":4},"end":{"line":185,"column":21}},"96":{"start":{"line":196,"column":4},"end":{"line":196,"column":34}},"97":{"start":{"line":196,"column":27},"end":{"line":196,"column":34}},"98":{"start":{"line":197,"column":4},"end":{"line":197,"column":59}},"99":{"start":{"line":198,"column":4},"end":{"line":198,"column":55}},"100":{"start":{"line":198,"column":41},"end":{"line":198,"column":55}},"101":{"start":{"line":199,"column":4},"end":{"line":199,"column":20}},"102":{"start":{"line":202,"column":17},"end":{"line":202,"column":22}},"103":{"start":{"line":203,"column":19},"end":{"line":203,"column":20}},"104":{"start":{"line":204,"column":18},"end":{"line":204,"column":20}},"105":{"start":{"line":213,"column":4},"end":{"line":216,"column":5}},"106":{"start":{"line":214,"column":8},"end":{"line":214,"column":73}},"107":{"start":{"line":215,"column":8},"end":{"line":215,"column":15}},"108":{"start":{"line":219,"column":4},"end":{"line":222,"column":77}},"109":{"start":{"line":220,"column":20},"end":{"line":220,"column":55}},"110":{"start":{"line":221,"column":8},"end":{"line":221,"column":51}},"111":{"start":{"line":221,"column":20},"end":{"line":221,"column":51}},"112":{"start":{"line":222,"column":18},"end":{"line":222,"column":75}},"113":{"start":{"line":224,"column":21},"end":{"line":224,"column":41}},"114":{"start":{"line":226,"column":4},"end":{"line":229,"column":5}},"115":{"start":{"line":227,"column":8},"end":{"line":227,"column":78}},"116":{"start":{"line":228,"column":8},"end":{"line":228,"column":15}},"117":{"start":{"line":231,"column":4},"end":{"line":241,"column":16}},"118":{"start":{"line":232,"column":20},"end":{"line":232,"column":46}},"119":{"start":{"line":233,"column":18},"end":{"line":233,"column":34}},"120":{"start":{"line":234,"column":22},"end":{"line":236,"column":16}},"121":{"start":{"line":237,"column":26},"end":{"line":239,"column":16}},"122":{"start":{"line":240,"column":8},"end":{"line":240,"column":156}},"123":{"start":{"line":250,"column":4},"end":{"line":250,"column":132}},"124":{"start":{"line":259,"column":4},"end":{"line":267,"column":7}},"125":{"start":{"line":260,"column":8},"end":{"line":260,"column":46}},"126":{"start":{"line":260,"column":34},"end":{"line":260,"column":46}},"127":{"start":{"line":261,"column":20},"end":{"line":261,"column":46}},"128":{"start":{"line":262,"column":18},"end":{"line":262,"column":34}},"129":{"start":{"line":263,"column":8},"end":{"line":263,"column":29}},"130":{"start":{"line":263,"column":16},"end":{"line":263,"column":29}},"131":{"start":{"line":264,"column":8},"end":{"line":264,"column":52}},"132":{"start":{"line":264,"column":33},"end":{"line":264,"column":52}},"133":{"start":{"line":265,"column":8},"end":{"line":265,"column":57}},"134":{"start":{"line":265,"column":35},"end":{"line":265,"column":57}},"135":{"start":{"line":266,"column":8},"end":{"line":266,"column":20}},"136":{"start":{"line":278,"column":19},"end":{"line":278,"column":21}},"137":{"start":{"line":279,"column":4},"end":{"line":279,"column":39}},"138":{"start":{"line":279,"column":25},"end":{"line":279,"column":39}},"139":{"start":{"line":280,"column":16},"end":{"line":280,"column":59}},"140":{"start":{"line":281,"column":4},"end":{"line":281,"column":37}},"141":{"start":{"line":281,"column":23},"end":{"line":281,"column":37}},"142":{"start":{"line":283,"column":20},"end":{"line":283,"column":76}},"143":{"start":{"line":284,"column":14},"end":{"line":284,"column":16}},"144":{"start":{"line":285,"column":16},"end":{"line":285,"column":51}},"145":{"start":{"line":287,"column":4},"end":{"line":301,"column":5}},"146":{"start":{"line":288,"column":19},"end":{"line":288,"column":84}},"147":{"start":{"line":289,"column":19},"end":{"line":289,"column":91}},"148":{"start":{"line":290,"column":8},"end":{"line":290,"column":50}},"149":{"start":{"line":290,"column":44},"end":{"line":290,"column":50}},"150":{"start":{"line":292,"column":8},"end":{"line":299,"column":9}},"151":{"start":{"line":293,"column":24},"end":{"line":293,"column":37}},"152":{"start":{"line":294,"column":25},"end":{"line":294,"column":59}},"153":{"start":{"line":295,"column":29},"end":{"line":295,"column":111}},"154":{"start":{"line":296,"column":22},"end":{"line":296,"column":60}},"155":{"start":{"line":297,"column":12},"end":{"line":297,"column":48}},"156":{"start":{"line":298,"column":12},"end":{"line":298,"column":38}},"157":{"start":{"line":298,"column":21},"end":{"line":298,"column":38}},"158":{"start":{"line":300,"column":8},"end":{"line":300,"column":23}},"159":{"start":{"line":302,"column":4},"end":{"line":302,"column":18}},"160":{"start":{"line":313,"column":19},"end":{"line":313,"column":41}},"161":{"start":{"line":314,"column":19},"end":{"line":314,"column":41}},"162":{"start":{"line":315,"column":19},"end":{"line":315,"column":41}},"163":{"start":{"line":317,"column":4},"end":{"line":325,"column":5}},"164":{"start":{"line":318,"column":8},"end":{"line":322,"column":10}},"165":{"start":{"line":323,"column":11},"end":{"line":325,"column":5}},"166":{"start":{"line":324,"column":8},"end":{"line":324,"column":36}},"167":{"start":{"line":336,"column":21},"end":{"line":336,"column":36}},"168":{"start":{"line":337,"column":8},"end":{"line":337,"column":42}},"169":{"start":{"line":337,"column":35},"end":{"line":337,"column":42}},"170":{"start":{"line":338,"column":23},"end":{"line":338,"column":25}},"171":{"start":{"line":339,"column":8},"end":{"line":342,"column":9}},"172":{"start":{"line":339,"column":21},"end":{"line":339,"column":22}},"173":{"start":{"line":340,"column":22},"end":{"line":340,"column":35}},"174":{"start":{"line":341,"column":12},"end":{"line":341,"column":67}},"175":{"start":{"line":341,"column":28},"end":{"line":341,"column":67}},"176":{"start":{"line":343,"column":8},"end":{"line":343,"column":37}},"177":{"start":{"line":347,"column":8},"end":{"line":350,"column":9}},"178":{"start":{"line":348,"column":12},"end":{"line":348,"column":34}},"179":{"start":{"line":349,"column":12},"end":{"line":349,"column":61}},"180":{"start":{"line":353,"column":4},"end":{"line":353,"column":77}},"181":{"start":{"line":353,"column":55},"end":{"line":353,"column":75}},"182":{"start":{"line":354,"column":4},"end":{"line":356,"column":5}},"183":{"start":{"line":354,"column":17},"end":{"line":354,"column":18}},"184":{"start":{"line":355,"column":8},"end":{"line":355,"column":41}},"185":{"start":{"line":367,"column":4},"end":{"line":367,"column":43}},"186":{"start":{"line":367,"column":15},"end":{"line":367,"column":29}},"187":{"start":{"line":367,"column":30},"end":{"line":367,"column":41}},"188":{"start":{"line":369,"column":4},"end":{"line":369,"column":73}},"189":{"start":{"line":370,"column":4},"end":{"line":370,"column":31}},"190":{"start":{"line":371,"column":4},"end":{"line":371,"column":27}},"191":{"start":{"line":373,"column":4},"end":{"line":390,"column":7}},"192":{"start":{"line":374,"column":8},"end":{"line":374,"column":26}},"193":{"start":{"line":375,"column":8},"end":{"line":375,"column":33}},"194":{"start":{"line":376,"column":8},"end":{"line":376,"column":29}},"195":{"start":{"line":379,"column":8},"end":{"line":389,"column":9}},"196":{"start":{"line":380,"column":32},"end":{"line":380,"column":81}},"197":{"start":{"line":381,"column":24},"end":{"line":383,"column":13}},"198":{"start":{"line":382,"column":16},"end":{"line":382,"column":80}},"199":{"start":{"line":384,"column":12},"end":{"line":388,"column":13}},"200":{"start":{"line":385,"column":16},"end":{"line":385,"column":39}},"201":{"start":{"line":386,"column":16},"end":{"line":386,"column":36}},"202":{"start":{"line":387,"column":16},"end":{"line":387,"column":36}},"203":{"start":{"line":393,"column":4},"end":{"line":401,"column":7}},"204":{"start":{"line":394,"column":8},"end":{"line":394,"column":34}},"205":{"start":{"line":394,"column":27},"end":{"line":394,"column":34}},"206":{"start":{"line":395,"column":8},"end":{"line":400,"column":11}},"207":{"start":{"line":396,"column":12},"end":{"line":399,"column":13}},"208":{"start":{"line":397,"column":31},"end":{"line":397,"column":58}},"209":{"start":{"line":398,"column":16},"end":{"line":398,"column":45}},"210":{"start":{"line":404,"column":4},"end":{"line":406,"column":7}},"211":{"start":{"line":405,"column":8},"end":{"line":405,"column":31}},"212":{"start":{"line":409,"column":4},"end":{"line":420,"column":7}},"213":{"start":{"line":410,"column":22},"end":{"line":410,"column":64}},"214":{"start":{"line":411,"column":8},"end":{"line":419,"column":9}},"215":{"start":{"line":412,"column":26},"end":{"line":412,"column":28}},"216":{"start":{"line":413,"column":12},"end":{"line":413,"column":77}},"217":{"start":{"line":413,"column":34},"end":{"line":413,"column":77}},"218":{"start":{"line":414,"column":12},"end":{"line":414,"column":89}},"219":{"start":{"line":414,"column":34},"end":{"line":414,"column":89}},"220":{"start":{"line":415,"column":12},"end":{"line":418,"column":13}},"221":{"start":{"line":416,"column":32},"end":{"line":416,"column":73}},"222":{"start":{"line":417,"column":16},"end":{"line":417,"column":89}},"223":{"start":{"line":417,"column":29},"end":{"line":417,"column":89}},"224":{"start":{"line":422,"column":4},"end":{"line":432,"column":7}},"225":{"start":{"line":423,"column":8},"end":{"line":431,"column":9}},"226":{"start":{"line":424,"column":12},"end":{"line":424,"column":33}},"227":{"start":{"line":425,"column":12},"end":{"line":425,"column":28}},"228":{"start":{"line":426,"column":12},"end":{"line":426,"column":28}},"229":{"start":{"line":427,"column":26},"end":{"line":427,"column":104}},"230":{"start":{"line":428,"column":12},"end":{"line":430,"column":13}},"231":{"start":{"line":429,"column":16},"end":{"line":429,"column":43}},"232":{"start":{"line":442,"column":4},"end":{"line":455,"column":5}},"233":{"start":{"line":443,"column":8},"end":{"line":443,"column":23}},"234":{"start":{"line":444,"column":8},"end":{"line":444,"column":32}},"235":{"start":{"line":445,"column":8},"end":{"line":445,"column":50}},"236":{"start":{"line":446,"column":8},"end":{"line":446,"column":29}},"237":{"start":{"line":447,"column":8},"end":{"line":450,"column":11}},"238":{"start":{"line":448,"column":12},"end":{"line":448,"column":28}},"239":{"start":{"line":449,"column":12},"end":{"line":449,"column":33}},"240":{"start":{"line":452,"column":8},"end":{"line":452,"column":24}},"241":{"start":{"line":453,"column":8},"end":{"line":453,"column":22}},"242":{"start":{"line":454,"column":8},"end":{"line":454,"column":29}},"243":{"start":{"line":465,"column":4},"end":{"line":465,"column":45}},"244":{"start":{"line":465,"column":31},"end":{"line":465,"column":45}},"245":{"start":{"line":466,"column":14},"end":{"line":466,"column":32}},"246":{"start":{"line":467,"column":16},"end":{"line":467,"column":62}},"247":{"start":{"line":468,"column":4},"end":{"line":468,"column":25}},"248":{"start":{"line":471,"column":0},"end":{"line":471,"column":63}},"249":{"start":{"line":471,"column":40},"end":{"line":471,"column":61}},"250":{"start":{"line":472,"column":0},"end":{"line":472,"column":83}},"251":{"start":{"line":472,"column":42},"end":{"line":472,"column":79}},"252":{"start":{"line":472,"column":55},"end":{"line":472,"column":79}},"253":{"start":{"line":473,"column":0},"end":{"line":479,"column":3}},"254":{"start":{"line":474,"column":4},"end":{"line":478,"column":5}},"255":{"start":{"line":475,"column":24},"end":{"line":475,"column":59}},"256":{"start":{"line":476,"column":22},"end":{"line":476,"column":72}},"257":{"start":{"line":477,"column":8},"end":{"line":477,"column":66}},"258":{"start":{"line":482,"column":0},"end":{"line":490,"column":3}},"259":{"start":{"line":483,"column":4},"end":{"line":483,"column":46}},"260":{"start":{"line":484,"column":4},"end":{"line":489,"column":5}},"261":{"start":{"line":485,"column":8},"end":{"line":485,"column":22}},"262":{"start":{"line":486,"column":8},"end":{"line":486,"column":28}},"263":{"start":{"line":487,"column":8},"end":{"line":487,"column":36}},"264":{"start":{"line":488,"column":8},"end":{"line":488,"column":40}},"265":{"start":{"line":492,"column":0},"end":{"line":497,"column":3}},"266":{"start":{"line":493,"column":4},"end":{"line":493,"column":19}},"267":{"start":{"line":494,"column":4},"end":{"line":494,"column":24}},"268":{"start":{"line":495,"column":4},"end":{"line":495,"column":49}},"269":{"start":{"line":496,"column":4},"end":{"line":496,"column":53}},"270":{"start":{"line":507,"column":4},"end":{"line":514,"column":75}},"271":{"start":{"line":508,"column":20},"end":{"line":508,"column":55}},"272":{"start":{"line":509,"column":8},"end":{"line":509,"column":28}},"273":{"start":{"line":509,"column":21},"end":{"line":509,"column":28}},"274":{"start":{"line":510,"column":24},"end":{"line":510,"column":40}},"275":{"start":{"line":511,"column":18},"end":{"line":511,"column":34}},"276":{"start":{"line":512,"column":8},"end":{"line":512,"column":52}},"277":{"start":{"line":513,"column":8},"end":{"line":513,"column":55}},"278":{"start":{"line":514,"column":18},"end":{"line":514,"column":73}},"279":{"start":{"line":524,"column":4},"end":{"line":529,"column":88}},"280":{"start":{"line":525,"column":20},"end":{"line":525,"column":92}},"281":{"start":{"line":526,"column":8},"end":{"line":526,"column":34}},"282":{"start":{"line":526,"column":21},"end":{"line":526,"column":34}},"283":{"start":{"line":527,"column":21},"end":{"line":527,"column":37}},"284":{"start":{"line":528,"column":8},"end":{"line":528,"column":26}},"285":{"start":{"line":529,"column":18},"end":{"line":529,"column":72}},"286":{"start":{"line":529,"column":73},"end":{"line":529,"column":86}},"287":{"start":{"line":538,"column":20},"end":{"line":538,"column":70}},"288":{"start":{"line":539,"column":25},"end":{"line":539,"column":52}},"289":{"start":{"line":540,"column":4},"end":{"line":540,"column":51}},"290":{"start":{"line":541,"column":4},"end":{"line":541,"column":53}},"291":{"start":{"line":542,"column":4},"end":{"line":542,"column":68}},"292":{"start":{"line":543,"column":4},"end":{"line":543,"column":31}},"293":{"start":{"line":553,"column":20},"end":{"line":553,"column":70}},"294":{"start":{"line":554,"column":4},"end":{"line":573,"column":5}},"295":{"start":{"line":555,"column":20},"end":{"line":559,"column":10}},"296":{"start":{"line":560,"column":8},"end":{"line":569,"column":9}},"297":{"start":{"line":561,"column":12},"end":{"line":561,"column":42}},"298":{"start":{"line":562,"column":12},"end":{"line":562,"column":44}},"299":{"start":{"line":563,"column":12},"end":{"line":563,"column":68}},"300":{"start":{"line":564,"column":12},"end":{"line":564,"column":39}},"301":{"start":{"line":565,"column":15},"end":{"line":569,"column":9}},"302":{"start":{"line":566,"column":12},"end":{"line":566,"column":42}},"303":{"start":{"line":567,"column":12},"end":{"line":567,"column":44}},"304":{"start":{"line":568,"column":12},"end":{"line":568,"column":60}},"305":{"start":{"line":571,"column":8},"end":{"line":571,"column":63}},"306":{"start":{"line":572,"column":8},"end":{"line":572,"column":53}},"307":{"start":{"line":576,"column":0},"end":{"line":576,"column":58}},"308":{"start":{"line":576,"column":41},"end":{"line":576,"column":56}},"309":{"start":{"line":577,"column":0},"end":{"line":577,"column":58}},"310":{"start":{"line":577,"column":41},"end":{"line":577,"column":56}},"311":{"start":{"line":578,"column":0},"end":{"line":578,"column":46}},"312":{"start":{"line":586,"column":16},"end":{"line":586,"column":46}},"313":{"start":{"line":587,"column":4},"end":{"line":587,"column":24}},"314":{"start":{"line":587,"column":14},"end":{"line":587,"column":24}},"315":{"start":{"line":589,"column":4},"end":{"line":589,"column":61}},"316":{"start":{"line":598,"column":19},"end":{"line":598,"column":39}},"317":{"start":{"line":599,"column":19},"end":{"line":599,"column":38}},"318":{"start":{"line":600,"column":19},"end":{"line":600,"column":38}},"319":{"start":{"line":601,"column":19},"end":{"line":601,"column":34}},"320":{"start":{"line":602,"column":15},"end":{"line":602,"column":53}},"321":{"start":{"line":603,"column":4},"end":{"line":603,"column":37}},"322":{"start":{"line":603,"column":15},"end":{"line":603,"column":37}},"323":{"start":{"line":604,"column":4},"end":{"line":604,"column":32}},"324":{"start":{"line":605,"column":4},"end":{"line":605,"column":53}},"325":{"start":{"line":605,"column":16},"end":{"line":605,"column":53}},"326":{"start":{"line":606,"column":4},"end":{"line":606,"column":16}},"327":{"start":{"line":609,"column":0},"end":{"line":612,"column":3}},"328":{"start":{"line":610,"column":17},"end":{"line":610,"column":51}},"329":{"start":{"line":611,"column":4},"end":{"line":611,"column":69}},"330":{"start":{"line":614,"column":0},"end":{"line":617,"column":3}},"331":{"start":{"line":615,"column":17},"end":{"line":615,"column":51}},"332":{"start":{"line":616,"column":4},"end":{"line":616,"column":81}},"333":{"start":{"line":619,"column":0},"end":{"line":622,"column":3}},"334":{"start":{"line":620,"column":17},"end":{"line":620,"column":51}},"335":{"start":{"line":621,"column":4},"end":{"line":621,"column":77}},"336":{"start":{"line":624,"column":0},"end":{"line":627,"column":3}},"337":{"start":{"line":625,"column":18},"end":{"line":625,"column":86}},"338":{"start":{"line":626,"column":4},"end":{"line":626,"column":82}},"339":{"start":{"line":629,"column":0},"end":{"line":632,"column":3}},"340":{"start":{"line":630,"column":18},"end":{"line":630,"column":86}},"341":{"start":{"line":631,"column":4},"end":{"line":631,"column":85}},"342":{"start":{"line":634,"column":0},"end":{"line":637,"column":3}},"343":{"start":{"line":635,"column":18},"end":{"line":635,"column":86}},"344":{"start":{"line":636,"column":4},"end":{"line":636,"column":93}},"345":{"start":{"line":647,"column":21},"end":{"line":647,"column":41}},"346":{"start":{"line":648,"column":4},"end":{"line":648,"column":36}},"347":{"start":{"line":648,"column":26},"end":{"line":648,"column":36}},"348":{"start":{"line":649,"column":18},"end":{"line":658,"column":6}},"349":{"start":{"line":650,"column":19},"end":{"line":650,"column":56}},"350":{"start":{"line":651,"column":8},"end":{"line":651,"column":45}},"351":{"start":{"line":651,"column":21},"end":{"line":651,"column":45}},"352":{"start":{"line":652,"column":20},"end":{"line":652,"column":46}},"353":{"start":{"line":653,"column":18},"end":{"line":653,"column":34}},"354":{"start":{"line":654,"column":8},"end":{"line":656,"column":9}},"355":{"start":{"line":655,"column":12},"end":{"line":655,"column":66}},"356":{"start":{"line":657,"column":8},"end":{"line":657,"column":20}},"357":{"start":{"line":659,"column":4},"end":{"line":659,"column":67}},"358":{"start":{"line":662,"column":0},"end":{"line":666,"column":3}},"359":{"start":{"line":663,"column":17},"end":{"line":663,"column":40}},"360":{"start":{"line":664,"column":4},"end":{"line":664,"column":22}},"361":{"start":{"line":664,"column":15},"end":{"line":664,"column":22}},"362":{"start":{"line":665,"column":4},"end":{"line":665,"column":89}},"363":{"start":{"line":668,"column":0},"end":{"line":672,"column":3}},"364":{"start":{"line":669,"column":17},"end":{"line":669,"column":40}},"365":{"start":{"line":670,"column":4},"end":{"line":670,"column":22}},"366":{"start":{"line":670,"column":15},"end":{"line":670,"column":22}},"367":{"start":{"line":671,"column":4},"end":{"line":671,"column":101}},"368":{"start":{"line":675,"column":0},"end":{"line":682,"column":3}},"369":{"start":{"line":676,"column":4},"end":{"line":681,"column":7}},"370":{"start":{"line":677,"column":8},"end":{"line":677,"column":93}},"371":{"start":{"line":677,"column":63},"end":{"line":677,"column":91}},"372":{"start":{"line":678,"column":8},"end":{"line":678,"column":36}},"373":{"start":{"line":679,"column":8},"end":{"line":679,"column":40}},"374":{"start":{"line":680,"column":8},"end":{"line":680,"column":24}},"375":{"start":{"line":684,"column":0},"end":{"line":687,"column":3}},"376":{"start":{"line":685,"column":4},"end":{"line":685,"column":48}},"377":{"start":{"line":686,"column":4},"end":{"line":686,"column":20}},"378":{"start":{"line":690,"column":24},"end":{"line":690,"column":25}},"379":{"start":{"line":700,"column":4},"end":{"line":780,"column":80}},"380":{"start":{"line":701,"column":20},"end":{"line":701,"column":68}},"381":{"start":{"line":702,"column":8},"end":{"line":702,"column":28}},"382":{"start":{"line":702,"column":21},"end":{"line":702,"column":28}},"383":{"start":{"line":703,"column":18},"end":{"line":703,"column":34}},"384":{"start":{"line":704,"column":23},"end":{"line":704,"column":39}},"385":{"start":{"line":705,"column":23},"end":{"line":705,"column":39}},"386":{"start":{"line":706,"column":23},"end":{"line":706,"column":39}},"387":{"start":{"line":708,"column":8},"end":{"line":736,"column":9}},"388":{"start":{"line":712,"column":30},"end":{"line":712,"column":54}},"389":{"start":{"line":713,"column":30},"end":{"line":713,"column":53}},"390":{"start":{"line":714,"column":30},"end":{"line":714,"column":42}},"391":{"start":{"line":715,"column":27},"end":{"line":715,"column":53}},"392":{"start":{"line":718,"column":12},"end":{"line":735,"column":13}},"393":{"start":{"line":720,"column":16},"end":{"line":720,"column":73}},"394":{"start":{"line":720,"column":40},"end":{"line":720,"column":73}},"395":{"start":{"line":722,"column":16},"end":{"line":722,"column":41}},"396":{"start":{"line":725,"column":31},"end":{"line":725,"column":51}},"397":{"start":{"line":726,"column":16},"end":{"line":728,"column":17}},"398":{"start":{"line":727,"column":20},"end":{"line":727,"column":70}},"399":{"start":{"line":730,"column":16},"end":{"line":734,"column":36}},"400":{"start":{"line":731,"column":20},"end":{"line":731,"column":46}},"401":{"start":{"line":732,"column":20},"end":{"line":732,"column":43}},"402":{"start":{"line":733,"column":20},"end":{"line":733,"column":63}},"403":{"start":{"line":740,"column":28},"end":{"line":740,"column":30}},"404":{"start":{"line":741,"column":8},"end":{"line":745,"column":9}},"405":{"start":{"line":741,"column":21},"end":{"line":741,"column":22}},"406":{"start":{"line":742,"column":23},"end":{"line":742,"column":44}},"407":{"start":{"line":743,"column":23},"end":{"line":743,"column":43}},"408":{"start":{"line":744,"column":12},"end":{"line":744,"column":93}},"409":{"start":{"line":744,"column":26},"end":{"line":744,"column":93}},"410":{"start":{"line":746,"column":8},"end":{"line":770,"column":9}},"411":{"start":{"line":748,"column":30},"end":{"line":748,"column":85}},"412":{"start":{"line":748,"column":59},"end":{"line":748,"column":83}},"413":{"start":{"line":749,"column":25},"end":{"line":749,"column":86}},"414":{"start":{"line":749,"column":45},"end":{"line":749,"column":85}},"415":{"start":{"line":751,"column":29},"end":{"line":751,"column":31}},"416":{"start":{"line":752,"column":12},"end":{"line":752,"column":97}},"417":{"start":{"line":752,"column":35},"end":{"line":752,"column":93}},"418":{"start":{"line":752,"column":48},"end":{"line":752,"column":93}},"419":{"start":{"line":753,"column":12},"end":{"line":753,"column":140}},"420":{"start":{"line":753,"column":39},"end":{"line":753,"column":136}},"421":{"start":{"line":753,"column":91},"end":{"line":753,"column":136}},"422":{"start":{"line":754,"column":12},"end":{"line":754,"column":31}},"423":{"start":{"line":755,"column":12},"end":{"line":755,"column":54}},"424":{"start":{"line":755,"column":37},"end":{"line":755,"column":52}},"425":{"start":{"line":756,"column":12},"end":{"line":756,"column":47}},"426":{"start":{"line":756,"column":30},"end":{"line":756,"column":45}},"427":{"start":{"line":757,"column":12},"end":{"line":757,"column":63}},"428":{"start":{"line":757,"column":49},"end":{"line":757,"column":63}},"429":{"start":{"line":758,"column":12},"end":{"line":758,"column":28}},"430":{"start":{"line":760,"column":12},"end":{"line":769,"column":15}},"431":{"start":{"line":761,"column":16},"end":{"line":761,"column":36}},"432":{"start":{"line":761,"column":29},"end":{"line":761,"column":36}},"433":{"start":{"line":762,"column":16},"end":{"line":768,"column":85}},"434":{"start":{"line":763,"column":33},"end":{"line":763,"column":82}},"435":{"start":{"line":764,"column":20},"end":{"line":767,"column":21}},"436":{"start":{"line":765,"column":24},"end":{"line":765,"column":82}},"437":{"start":{"line":766,"column":24},"end":{"line":766,"column":40}},"438":{"start":{"line":768,"column":30},"end":{"line":768,"column":83}},"439":{"start":{"line":773,"column":8},"end":{"line":779,"column":9}},"440":{"start":{"line":774,"column":26},"end":{"line":774,"column":28}},"441":{"start":{"line":775,"column":12},"end":{"line":775,"column":65}},"442":{"start":{"line":775,"column":32},"end":{"line":775,"column":65}},"443":{"start":{"line":776,"column":12},"end":{"line":776,"column":87}},"444":{"start":{"line":776,"column":32},"end":{"line":776,"column":87}},"445":{"start":{"line":777,"column":28},"end":{"line":777,"column":69}},"446":{"start":{"line":778,"column":12},"end":{"line":778,"column":78}},"447":{"start":{"line":778,"column":25},"end":{"line":778,"column":78}},"448":{"start":{"line":780,"column":20},"end":{"line":780,"column":78}},"449":{"start":{"line":788,"column":16},"end":{"line":788,"column":26}},"450":{"start":{"line":789,"column":4},"end":{"line":789,"column":63}},"451":{"start":{"line":789,"column":56},"end":{"line":789,"column":63}},"452":{"start":{"line":790,"column":4},"end":{"line":790,"column":28}},"453":{"start":{"line":791,"column":4},"end":{"line":791,"column":20}},"454":{"start":{"line":795,"column":22},"end":{"line":795,"column":57}},"455":{"start":{"line":796,"column":22},"end":{"line":796,"column":55}},"456":{"start":{"line":797,"column":22},"end":{"line":797,"column":63}},"457":{"start":{"line":798,"column":22},"end":{"line":798,"column":61}},"458":{"start":{"line":803,"column":25},"end":{"line":803,"column":54}},"459":{"start":{"line":803,"column":55},"end":{"line":803,"column":91}},"460":{"start":{"line":808,"column":25},"end":{"line":808,"column":57}},"461":{"start":{"line":808,"column":58},"end":{"line":808,"column":97}},"462":{"start":{"line":810,"column":0},"end":{"line":810,"column":46}},"463":{"start":{"line":811,"column":0},"end":{"line":811,"column":51}},"464":{"start":{"line":812,"column":0},"end":{"line":812,"column":53}},"465":{"start":{"line":815,"column":17},"end":{"line":815,"column":57}},"466":{"start":{"line":816,"column":17},"end":{"line":816,"column":57}},"467":{"start":{"line":818,"column":22},"end":{"line":818,"column":60}},"468":{"start":{"line":819,"column":22},"end":{"line":819,"column":63}},"469":{"start":{"line":820,"column":22},"end":{"line":820,"column":58}},"470":{"start":{"line":821,"column":22},"end":{"line":821,"column":62}},"471":{"start":{"line":822,"column":22},"end":{"line":822,"column":61}},"472":{"start":{"line":823,"column":22},"end":{"line":823,"column":65}},"473":{"start":{"line":824,"column":23},"end":{"line":824,"column":65}},"474":{"start":{"line":826,"column":23},"end":{"line":826,"column":65}},"475":{"start":{"line":833,"column":4},"end":{"line":833,"column":38}},"476":{"start":{"line":834,"column":4},"end":{"line":834,"column":42}},"477":{"start":{"line":835,"column":4},"end":{"line":835,"column":42}},"478":{"start":{"line":836,"column":4},"end":{"line":836,"column":38}},"479":{"start":{"line":844,"column":4},"end":{"line":844,"column":42}},"480":{"start":{"line":845,"column":4},"end":{"line":845,"column":38}},"481":{"start":{"line":846,"column":4},"end":{"line":846,"column":38}},"482":{"start":{"line":847,"column":4},"end":{"line":847,"column":62}},"483":{"start":{"line":848,"column":4},"end":{"line":848,"column":18}},"484":{"start":{"line":852,"column":0},"end":{"line":874,"column":3}},"485":{"start":{"line":853,"column":4},"end":{"line":853,"column":23}},"486":{"start":{"line":854,"column":21},"end":{"line":854,"column":74}},"487":{"start":{"line":855,"column":21},"end":{"line":855,"column":67}},"488":{"start":{"line":856,"column":4},"end":{"line":856,"column":39}},"489":{"start":{"line":856,"column":32},"end":{"line":856,"column":39}},"490":{"start":{"line":857,"column":4},"end":{"line":873,"column":115}},"491":{"start":{"line":858,"column":20},"end":{"line":862,"column":10}},"492":{"start":{"line":863,"column":21},"end":{"line":863,"column":37}},"493":{"start":{"line":864,"column":8},"end":{"line":872,"column":9}},"494":{"start":{"line":865,"column":12},"end":{"line":865,"column":35}},"495":{"start":{"line":866,"column":12},"end":{"line":866,"column":33}},"496":{"start":{"line":867,"column":12},"end":{"line":867,"column":56}},"497":{"start":{"line":868,"column":12},"end":{"line":868,"column":54}},"498":{"start":{"line":869,"column":12},"end":{"line":869,"column":30}},"499":{"start":{"line":871,"column":12},"end":{"line":871,"column":68}},"500":{"start":{"line":873,"column":18},"end":{"line":873,"column":65}},"501":{"start":{"line":873,"column":66},"end":{"line":873,"column":113}},"502":{"start":{"line":877,"column":0},"end":{"line":901,"column":3}},"503":{"start":{"line":878,"column":4},"end":{"line":878,"column":23}},"504":{"start":{"line":879,"column":4},"end":{"line":879,"column":24}},"505":{"start":{"line":880,"column":21},"end":{"line":880,"column":74}},"506":{"start":{"line":881,"column":21},"end":{"line":881,"column":67}},"507":{"start":{"line":882,"column":4},"end":{"line":882,"column":93}},"508":{"start":{"line":882,"column":34},"end":{"line":882,"column":83}},"509":{"start":{"line":882,"column":84},"end":{"line":882,"column":91}},"510":{"start":{"line":883,"column":4},"end":{"line":900,"column":5}},"511":{"start":{"line":884,"column":20},"end":{"line":888,"column":10}},"512":{"start":{"line":889,"column":21},"end":{"line":889,"column":37}},"513":{"start":{"line":890,"column":8},"end":{"line":896,"column":9}},"514":{"start":{"line":891,"column":12},"end":{"line":891,"column":72}},"515":{"start":{"line":892,"column":12},"end":{"line":892,"column":55}},"516":{"start":{"line":894,"column":12},"end":{"line":894,"column":75}},"517":{"start":{"line":895,"column":12},"end":{"line":895,"column":49}},"518":{"start":{"line":898,"column":8},"end":{"line":898,"column":61}},"519":{"start":{"line":899,"column":8},"end":{"line":899,"column":65}},"520":{"start":{"line":904,"column":0},"end":{"line":912,"column":3}},"521":{"start":{"line":905,"column":4},"end":{"line":905,"column":21}},"522":{"start":{"line":906,"column":4},"end":{"line":906,"column":21}},"523":{"start":{"line":907,"column":4},"end":{"line":907,"column":40}},"524":{"start":{"line":908,"column":4},"end":{"line":908,"column":39}},"525":{"start":{"line":909,"column":4},"end":{"line":909,"column":56}},"526":{"start":{"line":910,"column":4},"end":{"line":910,"column":56}},"527":{"start":{"line":911,"column":4},"end":{"line":911,"column":19}},"528":{"start":{"line":922,"column":4},"end":{"line":922,"column":27}},"529":{"start":{"line":922,"column":20},"end":{"line":922,"column":27}},"530":{"start":{"line":923,"column":4},"end":{"line":940,"column":74}},"531":{"start":{"line":924,"column":20},"end":{"line":926,"column":10}},"532":{"start":{"line":927,"column":8},"end":{"line":930,"column":9}},"533":{"start":{"line":928,"column":12},"end":{"line":928,"column":63}},"534":{"start":{"line":928,"column":38},"end":{"line":928,"column":53}},"535":{"start":{"line":928,"column":54},"end":{"line":928,"column":61}},"536":{"start":{"line":929,"column":12},"end":{"line":929,"column":19}},"537":{"start":{"line":931,"column":18},"end":{"line":931,"column":34}},"538":{"start":{"line":932,"column":8},"end":{"line":932,"column":77}},"539":{"start":{"line":933,"column":8},"end":{"line":933,"column":74}},"540":{"start":{"line":934,"column":8},"end":{"line":934,"column":74}},"541":{"start":{"line":936,"column":23},"end":{"line":936,"column":85}},"542":{"start":{"line":936,"column":60},"end":{"line":936,"column":68}},"543":{"start":{"line":937,"column":8},"end":{"line":939,"column":11}},"544":{"start":{"line":938,"column":12},"end":{"line":938,"column":51}},"545":{"start":{"line":940,"column":18},"end":{"line":940,"column":72}},"546":{"start":{"line":944,"column":0},"end":{"line":975,"column":3}},"547":{"start":{"line":945,"column":4},"end":{"line":945,"column":23}},"548":{"start":{"line":946,"column":4},"end":{"line":946,"column":27}},"549":{"start":{"line":946,"column":20},"end":{"line":946,"column":27}},"550":{"start":{"line":947,"column":19},"end":{"line":947,"column":21}},"551":{"start":{"line":948,"column":4},"end":{"line":950,"column":7}},"552":{"start":{"line":949,"column":8},"end":{"line":949,"column":30}},"553":{"start":{"line":951,"column":17},"end":{"line":956,"column":5}},"554":{"start":{"line":957,"column":4},"end":{"line":974,"column":119}},"555":{"start":{"line":958,"column":20},"end":{"line":965,"column":10}},"556":{"start":{"line":966,"column":8},"end":{"line":973,"column":9}},"557":{"start":{"line":967,"column":12},"end":{"line":967,"column":53}},"558":{"start":{"line":968,"column":12},"end":{"line":968,"column":52}},"559":{"start":{"line":970,"column":25},"end":{"line":970,"column":41}},"560":{"start":{"line":971,"column":12},"end":{"line":971,"column":67}},"561":{"start":{"line":972,"column":12},"end":{"line":972,"column":46}},"562":{"start":{"line":974,"column":18},"end":{"line":974,"column":72}},"563":{"start":{"line":974,"column":73},"end":{"line":974,"column":117}},"564":{"start":{"line":978,"column":0},"end":{"line":1003,"column":3}},"565":{"start":{"line":979,"column":4},"end":{"line":979,"column":23}},"566":{"start":{"line":980,"column":23},"end":{"line":980,"column":67}},"567":{"start":{"line":981,"column":20},"end":{"line":981,"column":76}},"568":{"start":{"line":982,"column":4},"end":{"line":982,"column":116}},"569":{"start":{"line":982,"column":20},"end":{"line":982,"column":70}},"570":{"start":{"line":982,"column":71},"end":{"line":982,"column":106}},"571":{"start":{"line":982,"column":107},"end":{"line":982,"column":114}},"572":{"start":{"line":983,"column":4},"end":{"line":983,"column":114}},"573":{"start":{"line":983,"column":22},"end":{"line":983,"column":68}},"574":{"start":{"line":983,"column":69},"end":{"line":983,"column":104}},"575":{"start":{"line":983,"column":105},"end":{"line":983,"column":112}},"576":{"start":{"line":984,"column":4},"end":{"line":1002,"column":159}},"577":{"start":{"line":985,"column":20},"end":{"line":992,"column":10}},"578":{"start":{"line":993,"column":8},"end":{"line":1001,"column":9}},"579":{"start":{"line":994,"column":12},"end":{"line":994,"column":65}},"580":{"start":{"line":995,"column":12},"end":{"line":995,"column":53}},"581":{"start":{"line":996,"column":12},"end":{"line":996,"column":67}},"582":{"start":{"line":998,"column":25},"end":{"line":998,"column":41}},"583":{"start":{"line":999,"column":12},"end":{"line":999,"column":77}},"584":{"start":{"line":1000,"column":12},"end":{"line":1000,"column":47}},"585":{"start":{"line":1002,"column":18},"end":{"line":1002,"column":75}},"586":{"start":{"line":1002,"column":76},"end":{"line":1002,"column":121}},"587":{"start":{"line":1002,"column":122},"end":{"line":1002,"column":157}},"588":{"start":{"line":1006,"column":0},"end":{"line":1010,"column":3}},"589":{"start":{"line":1007,"column":16},"end":{"line":1007,"column":72}},"590":{"start":{"line":1008,"column":17},"end":{"line":1008,"column":113}},"591":{"start":{"line":1009,"column":4},"end":{"line":1009,"column":81}},"592":{"start":{"line":1012,"column":0},"end":{"line":1016,"column":3}},"593":{"start":{"line":1013,"column":16},"end":{"line":1013,"column":72}},"594":{"start":{"line":1014,"column":17},"end":{"line":1014,"column":102}},"595":{"start":{"line":1015,"column":4},"end":{"line":1015,"column":77}},"596":{"start":{"line":1019,"column":0},"end":{"line":1023,"column":1}},"597":{"start":{"line":1020,"column":4},"end":{"line":1020,"column":22}},"598":{"start":{"line":1022,"column":4},"end":{"line":1022,"column":19}},"599":{"start":{"line":1026,"column":0},"end":{"line":1026,"column":26}},"600":{"start":{"line":1027,"column":0},"end":{"line":1027,"column":16}},"601":{"start":{"line":1030,"column":20},"end":{"line":1030,"column":59}},"602":{"start":{"line":1031,"column":25},"end":{"line":1031,"column":69}},"603":{"start":{"line":1033,"column":0},"end":{"line":1036,"column":3}},"604":{"start":{"line":1034,"column":4},"end":{"line":1034,"column":24}},"605":{"start":{"line":1035,"column":4},"end":{"line":1035,"column":46}},"606":{"start":{"line":1038,"column":0},"end":{"line":1042,"column":3}},"607":{"start":{"line":1039,"column":4},"end":{"line":1041,"column":5}},"608":{"start":{"line":1040,"column":8},"end":{"line":1040,"column":50}},"609":{"start":{"line":1050,"column":4},"end":{"line":1050,"column":63}},"610":{"start":{"line":1051,"column":4},"end":{"line":1051,"column":44}},"611":{"start":{"line":1052,"column":18},"end":{"line":1052,"column":81}},"612":{"start":{"line":1053,"column":4},"end":{"line":1053,"column":36}},"613":{"start":{"line":1053,"column":15},"end":{"line":1053,"column":36}},"614":{"start":{"line":1056,"column":0},"end":{"line":1058,"column":3}},"615":{"start":{"line":1057,"column":4},"end":{"line":1057,"column":72}},"616":{"start":{"line":1057,"column":44},"end":{"line":1057,"column":70}},"617":{"start":{"line":1061,"column":19},"end":{"line":1061,"column":61}},"618":{"start":{"line":1062,"column":0},"end":{"line":1062,"column":23}},"619":{"start":{"line":1069,"column":15},"end":{"line":1069,"column":56}},"620":{"start":{"line":1070,"column":4},"end":{"line":1070,"column":86}},"621":{"start":{"line":1070,"column":12},"end":{"line":1070,"column":86}},"622":{"start":{"line":1080,"column":4},"end":{"line":1080,"column":49}},"623":{"start":{"line":1080,"column":42},"end":{"line":1080,"column":49}},"624":{"start":{"line":1081,"column":4},"end":{"line":1081,"column":35}},"625":{"start":{"line":1082,"column":4},"end":{"line":1082,"column":55}},"626":{"start":{"line":1083,"column":4},"end":{"line":1083,"column":33}},"627":{"start":{"line":1084,"column":23},"end":{"line":1084,"column":30}},"628":{"start":{"line":1085,"column":4},"end":{"line":1093,"column":5}},"629":{"start":{"line":1086,"column":8},"end":{"line":1086,"column":18}},"630":{"start":{"line":1087,"column":8},"end":{"line":1089,"column":9}},"631":{"start":{"line":1088,"column":12},"end":{"line":1088,"column":81}},"632":{"start":{"line":1088,"column":39},"end":{"line":1088,"column":55}},"633":{"start":{"line":1088,"column":56},"end":{"line":1088,"column":77}},"634":{"start":{"line":1090,"column":11},"end":{"line":1093,"column":5}},"635":{"start":{"line":1091,"column":8},"end":{"line":1091,"column":31}},"636":{"start":{"line":1092,"column":8},"end":{"line":1092,"column":37}},"637":{"start":{"line":1092,"column":24},"end":{"line":1092,"column":37}},"638":{"start":{"line":1096,"column":0},"end":{"line":1098,"column":3}},"639":{"start":{"line":1097,"column":4},"end":{"line":1097,"column":80}},"640":{"start":{"line":1097,"column":44},"end":{"line":1097,"column":78}},"641":{"start":{"line":1101,"column":16},"end":{"line":1101,"column":103}},"642":{"start":{"line":1102,"column":0},"end":{"line":1102,"column":36}},"643":{"start":{"line":1102,"column":13},"end":{"line":1102,"column":36}},"644":{"start":{"line":1103,"column":0},"end":{"line":1103,"column":29}},"645":{"start":{"line":1105,"column":0},"end":{"line":1117,"column":1}},"646":{"start":{"line":1106,"column":4},"end":{"line":1106,"column":14}},"647":{"start":{"line":1107,"column":7},"end":{"line":1117,"column":1}},"648":{"start":{"line":1109,"column":4},"end":{"line":1109,"column":27}},"649":{"start":{"line":1110,"column":4},"end":{"line":1113,"column":7}},"650":{"start":{"line":1111,"column":8},"end":{"line":1111,"column":33}},"651":{"start":{"line":1112,"column":8},"end":{"line":1112,"column":29}},"652":{"start":{"line":1115,"column":4},"end":{"line":1115,"column":28}},"653":{"start":{"line":1116,"column":4},"end":{"line":1116,"column":46}},"654":{"start":{"line":1120,"column":0},"end":{"line":1146,"column":1}},"655":{"start":{"line":1121,"column":4},"end":{"line":1145,"column":6}},"656":{"start":{"line":1131,"column":24},"end":{"line":1131,"column":39}},"657":{"start":{"line":1132,"column":29},"end":{"line":1132,"column":49}},"658":{"start":{"line":1133,"column":30},"end":{"line":1133,"column":47}},"659":{"start":{"line":1134,"column":24},"end":{"line":1134,"column":39}},"660":{"start":{"line":1135,"column":25},"end":{"line":1135,"column":37}},"661":{"start":{"line":1136,"column":28},"end":{"line":1136,"column":47}},"662":{"start":{"line":1137,"column":29},"end":{"line":1137,"column":45}},"663":{"start":{"line":1138,"column":27},"end":{"line":1138,"column":45}},"664":{"start":{"line":1139,"column":28},"end":{"line":1139,"column":43}},"665":{"start":{"line":1140,"column":29},"end":{"line":1140,"column":49}},"666":{"start":{"line":1141,"column":30},"end":{"line":1141,"column":47}},"667":{"start":{"line":1142,"column":37},"end":{"line":1142,"column":65}},"668":{"start":{"line":1143,"column":38},"end":{"line":1143,"column":63}}},"fnMap":{"0":{"name":"(anonymous_0)","decl":{"start":{"line":21,"column":4},"end":{"line":21,"column":5}},"loc":{"start":{"line":21,"column":35},"end":{"line":32,"column":5}},"line":21},"1":{"name":"(anonymous_1)","decl":{"start":{"line":33,"column":4},"end":{"line":33,"column":5}},"loc":{"start":{"line":33,"column":32},"end":{"line":33,"column":73}},"line":33},"2":{"name":"(anonymous_2)","decl":{"start":{"line":34,"column":4},"end":{"line":34,"column":5}},"loc":{"start":{"line":34,"column":32},"end":{"line":34,"column":73}},"line":34},"3":{"name":"(anonymous_3)","decl":{"start":{"line":35,"column":4},"end":{"line":35,"column":5}},"loc":{"start":{"line":35,"column":33},"end":{"line":35,"column":75}},"line":35},"4":{"name":"showPlayIcon","decl":{"start":{"line":95,"column":9},"end":{"line":95,"column":21}},"loc":{"start":{"line":95,"column":28},"end":{"line":99,"column":1}},"line":95},"5":{"name":"fetchItunesCached","decl":{"start":{"line":109,"column":15},"end":{"line":109,"column":32}},"loc":{"start":{"line":109,"column":40},"end":{"line":122,"column":1}},"line":109},"6":{"name":"fetchArtwork","decl":{"start":{"line":134,"column":15},"end":{"line":134,"column":27}},"loc":{"start":{"line":134,"column":43},"end":{"line":153,"column":1}},"line":134},"7":{"name":"updateTrack","decl":{"start":{"line":164,"column":9},"end":{"line":164,"column":20}},"loc":{"start":{"line":164,"column":43},"end":{"line":186,"column":1}},"line":164},"8":{"name":"pushHistory","decl":{"start":{"line":195,"column":9},"end":{"line":195,"column":20}},"loc":{"start":{"line":195,"column":43},"end":{"line":200,"column":1}},"line":195},"9":{"name":"renderHistory","decl":{"start":{"line":212,"column":15},"end":{"line":212,"column":28}},"loc":{"start":{"line":212,"column":31},"end":{"line":242,"column":1}},"line":212},"10":{"name":"(anonymous_10)","decl":{"start":{"line":231,"column":38},"end":{"line":231,"column":39}},"loc":{"start":{"line":231,"column":43},"end":{"line":241,"column":5}},"line":231},"11":{"name":"escHtml","decl":{"start":{"line":249,"column":9},"end":{"line":249,"column":16}},"loc":{"start":{"line":249,"column":22},"end":{"line":251,"column":1}},"line":249},"12":{"name":"getFilteredHistory","decl":{"start":{"line":258,"column":9},"end":{"line":258,"column":27}},"loc":{"start":{"line":258,"column":30},"end":{"line":268,"column":1}},"line":258},"13":{"name":"(anonymous_13)","decl":{"start":{"line":259,"column":49},"end":{"line":259,"column":50}},"loc":{"start":{"line":259,"column":54},"end":{"line":267,"column":5}},"line":259},"14":{"name":"parseID3Frames","decl":{"start":{"line":277,"column":9},"end":{"line":277,"column":23}},"loc":{"start":{"line":277,"column":29},"end":{"line":303,"column":1}},"line":277},"15":{"name":"handleMetadataFields","decl":{"start":{"line":312,"column":9},"end":{"line":312,"column":29}},"loc":{"start":{"line":312,"column":38},"end":{"line":326,"column":1}},"line":312},"16":{"name":"setupMetadataTextTracks","decl":{"start":{"line":334,"column":9},"end":{"line":334,"column":32}},"loc":{"start":{"line":334,"column":35},"end":{"line":357,"column":1}},"line":334},"17":{"name":"onCueChange","decl":{"start":{"line":335,"column":13},"end":{"line":335,"column":24}},"loc":{"start":{"line":335,"column":27},"end":{"line":344,"column":5}},"line":335},"18":{"name":"attachTrack","decl":{"start":{"line":346,"column":13},"end":{"line":346,"column":24}},"loc":{"start":{"line":346,"column":32},"end":{"line":351,"column":5}},"line":346},"19":{"name":"(anonymous_19)","decl":{"start":{"line":353,"column":50},"end":{"line":353,"column":51}},"loc":{"start":{"line":353,"column":55},"end":{"line":353,"column":75}},"line":353},"20":{"name":"initHls","decl":{"start":{"line":366,"column":9},"end":{"line":366,"column":16}},"loc":{"start":{"line":366,"column":19},"end":{"line":433,"column":1}},"line":366},"21":{"name":"(anonymous_21)","decl":{"start":{"line":373,"column":39},"end":{"line":373,"column":40}},"loc":{"start":{"line":373,"column":52},"end":{"line":390,"column":5}},"line":373},"22":{"name":"(anonymous_22)","decl":{"start":{"line":381,"column":46},"end":{"line":381,"column":47}},"loc":{"start":{"line":382,"column":16},"end":{"line":382,"column":80}},"line":382},"23":{"name":"(anonymous_23)","decl":{"start":{"line":393,"column":45},"end":{"line":393,"column":46}},"loc":{"start":{"line":393,"column":58},"end":{"line":401,"column":5}},"line":393},"24":{"name":"(anonymous_24)","decl":{"start":{"line":395,"column":29},"end":{"line":395,"column":30}},"loc":{"start":{"line":395,"column":39},"end":{"line":400,"column":9}},"line":395},"25":{"name":"(anonymous_25)","decl":{"start":{"line":404,"column":36},"end":{"line":404,"column":37}},"loc":{"start":{"line":404,"column":42},"end":{"line":406,"column":5}},"line":404},"26":{"name":"(anonymous_26)","decl":{"start":{"line":409,"column":36},"end":{"line":409,"column":37}},"loc":{"start":{"line":409,"column":42},"end":{"line":420,"column":5}},"line":409},"27":{"name":"(anonymous_27)","decl":{"start":{"line":422,"column":29},"end":{"line":422,"column":30}},"loc":{"start":{"line":422,"column":42},"end":{"line":432,"column":5}},"line":422},"28":{"name":"togglePlay","decl":{"start":{"line":441,"column":9},"end":{"line":441,"column":19}},"loc":{"start":{"line":441,"column":22},"end":{"line":456,"column":1}},"line":441},"29":{"name":"(anonymous_29)","decl":{"start":{"line":447,"column":27},"end":{"line":447,"column":28}},"loc":{"start":{"line":447,"column":33},"end":{"line":450,"column":9}},"line":447},"30":{"name":"formatTime","decl":{"start":{"line":464,"column":9},"end":{"line":464,"column":19}},"loc":{"start":{"line":464,"column":23},"end":{"line":469,"column":1}},"line":464},"31":{"name":"(anonymous_31)","decl":{"start":{"line":471,"column":34},"end":{"line":471,"column":35}},"loc":{"start":{"line":471,"column":40},"end":{"line":471,"column":61}},"line":471},"32":{"name":"(anonymous_32)","decl":{"start":{"line":472,"column":34},"end":{"line":472,"column":35}},"loc":{"start":{"line":472,"column":40},"end":{"line":472,"column":81}},"line":472},"33":{"name":"(anonymous_33)","decl":{"start":{"line":473,"column":37},"end":{"line":473,"column":38}},"loc":{"start":{"line":473,"column":43},"end":{"line":479,"column":1}},"line":473},"34":{"name":"(anonymous_34)","decl":{"start":{"line":482,"column":35},"end":{"line":482,"column":36}},"loc":{"start":{"line":482,"column":41},"end":{"line":490,"column":1}},"line":482},"35":{"name":"(anonymous_35)","decl":{"start":{"line":492,"column":34},"end":{"line":492,"column":35}},"loc":{"start":{"line":492,"column":40},"end":{"line":497,"column":1}},"line":492},"36":{"name":"fetchTrackRatings","decl":{"start":{"line":506,"column":15},"end":{"line":506,"column":32}},"loc":{"start":{"line":506,"column":42},"end":{"line":515,"column":1}},"line":506},"37":{"name":"checkIfRated","decl":{"start":{"line":523,"column":15},"end":{"line":523,"column":27}},"loc":{"start":{"line":523,"column":37},"end":{"line":530,"column":1}},"line":523},"38":{"name":"updateRatingUI","decl":{"start":{"line":537,"column":15},"end":{"line":537,"column":29}},"loc":{"start":{"line":537,"column":32},"end":{"line":544,"column":1}},"line":537},"39":{"name":"submitRating","decl":{"start":{"line":552,"column":15},"end":{"line":552,"column":27}},"loc":{"start":{"line":552,"column":35},"end":{"line":574,"column":1}},"line":552},"40":{"name":"(anonymous_40)","decl":{"start":{"line":576,"column":35},"end":{"line":576,"column":36}},"loc":{"start":{"line":576,"column":41},"end":{"line":576,"column":56}},"line":576},"41":{"name":"(anonymous_41)","decl":{"start":{"line":577,"column":35},"end":{"line":577,"column":36}},"loc":{"start":{"line":577,"column":41},"end":{"line":577,"column":56}},"line":577},"42":{"name":"getArtworkUrl","decl":{"start":{"line":585,"column":9},"end":{"line":585,"column":22}},"loc":{"start":{"line":585,"column":25},"end":{"line":590,"column":1}},"line":585},"43":{"name":"getShareText","decl":{"start":{"line":597,"column":9},"end":{"line":597,"column":21}},"loc":{"start":{"line":597,"column":24},"end":{"line":607,"column":1}},"line":597},"44":{"name":"(anonymous_44)","decl":{"start":{"line":609,"column":68},"end":{"line":609,"column":69}},"loc":{"start":{"line":609,"column":74},"end":{"line":612,"column":1}},"line":609},"45":{"name":"(anonymous_45)","decl":{"start":{"line":614,"column":67},"end":{"line":614,"column":68}},"loc":{"start":{"line":614,"column":73},"end":{"line":617,"column":1}},"line":614},"46":{"name":"(anonymous_46)","decl":{"start":{"line":619,"column":68},"end":{"line":619,"column":69}},"loc":{"start":{"line":619,"column":74},"end":{"line":622,"column":1}},"line":619},"47":{"name":"(anonymous_47)","decl":{"start":{"line":624,"column":67},"end":{"line":624,"column":68}},"loc":{"start":{"line":624,"column":73},"end":{"line":627,"column":1}},"line":624},"48":{"name":"(anonymous_48)","decl":{"start":{"line":629,"column":67},"end":{"line":629,"column":68}},"loc":{"start":{"line":629,"column":73},"end":{"line":632,"column":1}},"line":629},"49":{"name":"(anonymous_49)","decl":{"start":{"line":634,"column":66},"end":{"line":634,"column":67}},"loc":{"start":{"line":634,"column":72},"end":{"line":637,"column":1}},"line":634},"50":{"name":"getRecentlyPlayedText","decl":{"start":{"line":646,"column":9},"end":{"line":646,"column":30}},"loc":{"start":{"line":646,"column":33},"end":{"line":660,"column":1}},"line":646},"51":{"name":"(anonymous_51)","decl":{"start":{"line":649,"column":31},"end":{"line":649,"column":32}},"loc":{"start":{"line":649,"column":41},"end":{"line":658,"column":5}},"line":649},"52":{"name":"(anonymous_52)","decl":{"start":{"line":662,"column":73},"end":{"line":662,"column":74}},"loc":{"start":{"line":662,"column":79},"end":{"line":666,"column":1}},"line":662},"53":{"name":"(anonymous_53)","decl":{"start":{"line":668,"column":72},"end":{"line":668,"column":73}},"loc":{"start":{"line":668,"column":78},"end":{"line":672,"column":1}},"line":668},"54":{"name":"(anonymous_54)","decl":{"start":{"line":675,"column":50},"end":{"line":675,"column":51}},"loc":{"start":{"line":675,"column":57},"end":{"line":682,"column":1}},"line":675},"55":{"name":"(anonymous_55)","decl":{"start":{"line":676,"column":34},"end":{"line":676,"column":35}},"loc":{"start":{"line":676,"column":40},"end":{"line":681,"column":5}},"line":676},"56":{"name":"(anonymous_56)","decl":{"start":{"line":677,"column":58},"end":{"line":677,"column":59}},"loc":{"start":{"line":677,"column":63},"end":{"line":677,"column":91}},"line":677},"57":{"name":"(anonymous_57)","decl":{"start":{"line":684,"column":65},"end":{"line":684,"column":66}},"loc":{"start":{"line":684,"column":72},"end":{"line":687,"column":1}},"line":684},"58":{"name":"fetchMetadata","decl":{"start":{"line":699,"column":15},"end":{"line":699,"column":28}},"loc":{"start":{"line":699,"column":31},"end":{"line":781,"column":1}},"line":699},"59":{"name":"(anonymous_59)","decl":{"start":{"line":730,"column":48},"end":{"line":730,"column":49}},"loc":{"start":{"line":730,"column":54},"end":{"line":734,"column":17}},"line":730},"60":{"name":"(anonymous_60)","decl":{"start":{"line":748,"column":54},"end":{"line":748,"column":55}},"loc":{"start":{"line":748,"column":59},"end":{"line":748,"column":83}},"line":748},"61":{"name":"(anonymous_61)","decl":{"start":{"line":749,"column":40},"end":{"line":749,"column":41}},"loc":{"start":{"line":749,"column":45},"end":{"line":749,"column":85}},"line":749},"62":{"name":"(anonymous_62)","decl":{"start":{"line":752,"column":28},"end":{"line":752,"column":29}},"loc":{"start":{"line":752,"column":33},"end":{"line":752,"column":95}},"line":752},"63":{"name":"(anonymous_63)","decl":{"start":{"line":753,"column":32},"end":{"line":753,"column":33}},"loc":{"start":{"line":753,"column":37},"end":{"line":753,"column":138}},"line":753},"64":{"name":"(anonymous_64)","decl":{"start":{"line":755,"column":32},"end":{"line":755,"column":33}},"loc":{"start":{"line":755,"column":37},"end":{"line":755,"column":52}},"line":755},"65":{"name":"(anonymous_65)","decl":{"start":{"line":756,"column":25},"end":{"line":756,"column":26}},"loc":{"start":{"line":756,"column":30},"end":{"line":756,"column":45}},"line":756},"66":{"name":"(anonymous_66)","decl":{"start":{"line":760,"column":28},"end":{"line":760,"column":29}},"loc":{"start":{"line":760,"column":46},"end":{"line":769,"column":13}},"line":760},"67":{"name":"triggerMetadataFetch","decl":{"start":{"line":787,"column":9},"end":{"line":787,"column":29}},"loc":{"start":{"line":787,"column":32},"end":{"line":792,"column":1}},"line":787},"68":{"name":"openDrawer","decl":{"start":{"line":803,"column":9},"end":{"line":803,"column":19}},"loc":{"start":{"line":803,"column":23},"end":{"line":803,"column":93}},"line":803},"69":{"name":"closeDrawer","decl":{"start":{"line":808,"column":9},"end":{"line":808,"column":20}},"loc":{"start":{"line":808,"column":23},"end":{"line":808,"column":99}},"line":808},"70":{"name":"showAuthView","decl":{"start":{"line":832,"column":9},"end":{"line":832,"column":21}},"loc":{"start":{"line":832,"column":24},"end":{"line":837,"column":1}},"line":832},"71":{"name":"showProfileView","decl":{"start":{"line":843,"column":9},"end":{"line":843,"column":24}},"loc":{"start":{"line":843,"column":27},"end":{"line":849,"column":1}},"line":843},"72":{"name":"(anonymous_72)","decl":{"start":{"line":852,"column":36},"end":{"line":852,"column":37}},"loc":{"start":{"line":852,"column":49},"end":{"line":874,"column":1}},"line":852},"73":{"name":"(anonymous_73)","decl":{"start":{"line":877,"column":66},"end":{"line":877,"column":67}},"loc":{"start":{"line":877,"column":79},"end":{"line":901,"column":1}},"line":877},"74":{"name":"(anonymous_74)","decl":{"start":{"line":904,"column":64},"end":{"line":904,"column":65}},"loc":{"start":{"line":904,"column":70},"end":{"line":912,"column":1}},"line":904},"75":{"name":"loadProfile","decl":{"start":{"line":921,"column":15},"end":{"line":921,"column":26}},"loc":{"start":{"line":921,"column":29},"end":{"line":941,"column":1}},"line":921},"76":{"name":"(anonymous_76)","decl":{"start":{"line":936,"column":55},"end":{"line":936,"column":56}},"loc":{"start":{"line":936,"column":60},"end":{"line":936,"column":68}},"line":936},"77":{"name":"(anonymous_77)","decl":{"start":{"line":937,"column":80},"end":{"line":937,"column":81}},"loc":{"start":{"line":937,"column":86},"end":{"line":939,"column":9}},"line":937},"78":{"name":"(anonymous_78)","decl":{"start":{"line":944,"column":39},"end":{"line":944,"column":40}},"loc":{"start":{"line":944,"column":52},"end":{"line":975,"column":1}},"line":944},"79":{"name":"(anonymous_79)","decl":{"start":{"line":948,"column":84},"end":{"line":948,"column":85}},"loc":{"start":{"line":948,"column":90},"end":{"line":950,"column":5}},"line":948},"80":{"name":"(anonymous_80)","decl":{"start":{"line":978,"column":68},"end":{"line":978,"column":69}},"loc":{"start":{"line":978,"column":81},"end":{"line":1003,"column":1}},"line":978},"81":{"name":"(anonymous_81)","decl":{"start":{"line":1006,"column":70},"end":{"line":1006,"column":71}},"loc":{"start":{"line":1006,"column":76},"end":{"line":1010,"column":1}},"line":1006},"82":{"name":"(anonymous_82)","decl":{"start":{"line":1012,"column":71},"end":{"line":1012,"column":72}},"loc":{"start":{"line":1012,"column":77},"end":{"line":1016,"column":1}},"line":1012},"83":{"name":"(anonymous_83)","decl":{"start":{"line":1033,"column":38},"end":{"line":1033,"column":39}},"loc":{"start":{"line":1033,"column":45},"end":{"line":1036,"column":1}},"line":1033},"84":{"name":"(anonymous_84)","decl":{"start":{"line":1038,"column":35},"end":{"line":1038,"column":36}},"loc":{"start":{"line":1038,"column":42},"end":{"line":1042,"column":1}},"line":1038},"85":{"name":"applyTheme","decl":{"start":{"line":1049,"column":9},"end":{"line":1049,"column":19}},"loc":{"start":{"line":1049,"column":27},"end":{"line":1054,"column":1}},"line":1049},"86":{"name":"(anonymous_86)","decl":{"start":{"line":1056,"column":57},"end":{"line":1056,"column":58}},"loc":{"start":{"line":1056,"column":66},"end":{"line":1058,"column":1}},"line":1056},"87":{"name":"(anonymous_87)","decl":{"start":{"line":1057,"column":37},"end":{"line":1057,"column":38}},"loc":{"start":{"line":1057,"column":44},"end":{"line":1057,"column":70}},"line":1057},"88":{"name":"updateStreamQualityDisplay","decl":{"start":{"line":1068,"column":9},"end":{"line":1068,"column":35}},"loc":{"start":{"line":1068,"column":38},"end":{"line":1071,"column":1}},"line":1068},"89":{"name":"applyStreamQuality","decl":{"start":{"line":1079,"column":9},"end":{"line":1079,"column":27}},"loc":{"start":{"line":1079,"column":37},"end":{"line":1094,"column":1}},"line":1079},"90":{"name":"(anonymous_90)","decl":{"start":{"line":1088,"column":31},"end":{"line":1088,"column":32}},"loc":{"start":{"line":1088,"column":37},"end":{"line":1088,"column":79}},"line":1088},"91":{"name":"(anonymous_91)","decl":{"start":{"line":1096,"column":66},"end":{"line":1096,"column":67}},"loc":{"start":{"line":1096,"column":75},"end":{"line":1098,"column":1}},"line":1096},"92":{"name":"(anonymous_92)","decl":{"start":{"line":1097,"column":37},"end":{"line":1097,"column":38}},"loc":{"start":{"line":1097,"column":44},"end":{"line":1097,"column":78}},"line":1097},"93":{"name":"(anonymous_93)","decl":{"start":{"line":1110,"column":45},"end":{"line":1110,"column":46}},"loc":{"start":{"line":1110,"column":51},"end":{"line":1113,"column":5}},"line":1110},"94":{"name":"(anonymous_94)","decl":{"start":{"line":1131,"column":8},"end":{"line":1131,"column":9}},"loc":{"start":{"line":1131,"column":22},"end":{"line":1131,"column":41}},"line":1131},"95":{"name":"(anonymous_95)","decl":{"start":{"line":1132,"column":8},"end":{"line":1132,"column":9}},"loc":{"start":{"line":1132,"column":27},"end":{"line":1132,"column":51}},"line":1132},"96":{"name":"(anonymous_96)","decl":{"start":{"line":1133,"column":8},"end":{"line":1133,"column":9}},"loc":{"start":{"line":1133,"column":28},"end":{"line":1133,"column":49}},"line":1133},"97":{"name":"(anonymous_97)","decl":{"start":{"line":1134,"column":8},"end":{"line":1134,"column":9}},"loc":{"start":{"line":1134,"column":22},"end":{"line":1134,"column":41}},"line":1134},"98":{"name":"(anonymous_98)","decl":{"start":{"line":1135,"column":8},"end":{"line":1135,"column":9}},"loc":{"start":{"line":1135,"column":23},"end":{"line":1135,"column":39}},"line":1135},"99":{"name":"(anonymous_99)","decl":{"start":{"line":1136,"column":8},"end":{"line":1136,"column":9}},"loc":{"start":{"line":1136,"column":26},"end":{"line":1136,"column":49}},"line":1136},"100":{"name":"(anonymous_100)","decl":{"start":{"line":1137,"column":8},"end":{"line":1137,"column":9}},"loc":{"start":{"line":1137,"column":27},"end":{"line":1137,"column":47}},"line":1137},"101":{"name":"(anonymous_101)","decl":{"start":{"line":1138,"column":8},"end":{"line":1138,"column":9}},"loc":{"start":{"line":1138,"column":25},"end":{"line":1138,"column":47}},"line":1138},"102":{"name":"(anonymous_102)","decl":{"start":{"line":1139,"column":8},"end":{"line":1139,"column":9}},"loc":{"start":{"line":1139,"column":26},"end":{"line":1139,"column":45}},"line":1139},"103":{"name":"(anonymous_103)","decl":{"start":{"line":1140,"column":8},"end":{"line":1140,"column":9}},"loc":{"start":{"line":1140,"column":27},"end":{"line":1140,"column":51}},"line":1140},"104":{"name":"(anonymous_104)","decl":{"start":{"line":1141,"column":8},"end":{"line":1141,"column":9}},"loc":{"start":{"line":1141,"column":28},"end":{"line":1141,"column":49}},"line":1141},"105":{"name":"(anonymous_105)","decl":{"start":{"line":1142,"column":8},"end":{"line":1142,"column":9}},"loc":{"start":{"line":1142,"column":35},"end":{"line":1142,"column":67}},"line":1142},"106":{"name":"(anonymous_106)","decl":{"start":{"line":1143,"column":8},"end":{"line":1143,"column":9}},"loc":{"start":{"line":1143,"column":36},"end":{"line":1143,"column":65}},"line":1143}},"branchMap":{"0":{"loc":{"start":{"line":29,"column":8},"end":{"line":31,"column":48}},"type":"if","locations":[{"start":{"line":29,"column":8},"end":{"line":31,"column":48}},{"start":{"line":30,"column":13},"end":{"line":31,"column":48}}],"line":29},"1":{"loc":{"start":{"line":30,"column":13},"end":{"line":31,"column":48}},"type":"if","locations":[{"start":{"line":30,"column":13},"end":{"line":31,"column":48}},{"start":{"line":31,"column":13},"end":{"line":31,"column":48}}],"line":30},"2":{"loc":{"start":{"line":33,"column":18},"end":{"line":33,"column":30}},"type":"default-arg","locations":[{"start":{"line":33,"column":28},"end":{"line":33,"column":30}}],"line":33},"3":{"loc":{"start":{"line":34,"column":18},"end":{"line":34,"column":30}},"type":"default-arg","locations":[{"start":{"line":34,"column":28},"end":{"line":34,"column":30}}],"line":34},"4":{"loc":{"start":{"line":35,"column":19},"end":{"line":35,"column":31}},"type":"default-arg","locations":[{"start":{"line":35,"column":29},"end":{"line":35,"column":31}}],"line":35},"5":{"loc":{"start":{"line":43,"column":27},"end":{"line":43,"column":78}},"type":"binary-expr","locations":[{"start":{"line":43,"column":27},"end":{"line":43,"column":68}},{"start":{"line":43,"column":72},"end":{"line":43,"column":78}}],"line":43},"6":{"loc":{"start":{"line":96,"column":30},"end":{"line":96,"column":62}},"type":"cond-expr","locations":[{"start":{"line":96,"column":51},"end":{"line":96,"column":53}},{"start":{"line":96,"column":56},"end":{"line":96,"column":62}}],"line":96},"7":{"loc":{"start":{"line":97,"column":30},"end":{"line":97,"column":62}},"type":"cond-expr","locations":[{"start":{"line":97,"column":51},"end":{"line":97,"column":53}},{"start":{"line":97,"column":56},"end":{"line":97,"column":62}}],"line":97},"8":{"loc":{"start":{"line":98,"column":30},"end":{"line":98,"column":62}},"type":"cond-expr","locations":[{"start":{"line":98,"column":51},"end":{"line":98,"column":53}},{"start":{"line":98,"column":56},"end":{"line":98,"column":62}}],"line":98},"9":{"loc":{"start":{"line":113,"column":8},"end":{"line":116,"column":9}},"type":"if","locations":[{"start":{"line":113,"column":8},"end":{"line":116,"column":9}},{"start":{},"end":{}}],"line":113},"10":{"loc":{"start":{"line":115,"column":12},"end":{"line":115,"column":67}},"type":"if","locations":[{"start":{"line":115,"column":12},"end":{"line":115,"column":67}},{"start":{},"end":{}}],"line":115},"11":{"loc":{"start":{"line":137,"column":8},"end":{"line":147,"column":9}},"type":"if","locations":[{"start":{"line":137,"column":8},"end":{"line":147,"column":9}},{"start":{"line":144,"column":15},"end":{"line":147,"column":9}}],"line":137},"12":{"loc":{"start":{"line":137,"column":12},"end":{"line":137,"column":51}},"type":"binary-expr","locations":[{"start":{"line":137,"column":12},"end":{"line":137,"column":24}},{"start":{"line":137,"column":28},"end":{"line":137,"column":51}}],"line":137},"13":{"loc":{"start":{"line":143,"column":28},"end":{"line":143,"column":89}},"type":"cond-expr","locations":[{"start":{"line":143,"column":53},"end":{"line":143,"column":82}},{"start":{"line":143,"column":85},"end":{"line":143,"column":89}}],"line":143},"14":{"loc":{"start":{"line":166,"column":4},"end":{"line":166,"column":37}},"type":"if","locations":[{"start":{"line":166,"column":4},"end":{"line":166,"column":37}},{"start":{},"end":{}}],"line":166},"15":{"loc":{"start":{"line":169,"column":4},"end":{"line":174,"column":5}},"type":"if","locations":[{"start":{"line":169,"column":4},"end":{"line":174,"column":5}},{"start":{},"end":{}}],"line":169},"16":{"loc":{"start":{"line":173,"column":26},"end":{"line":173,"column":51}},"type":"binary-expr","locations":[{"start":{"line":173,"column":26},"end":{"line":173,"column":45}},{"start":{"line":173,"column":49},"end":{"line":173,"column":51}}],"line":173},"17":{"loc":{"start":{"line":178,"column":27},"end":{"line":178,"column":51}},"type":"binary-expr","locations":[{"start":{"line":178,"column":27},"end":{"line":178,"column":33}},{"start":{"line":178,"column":37},"end":{"line":178,"column":51}}],"line":178},"18":{"loc":{"start":{"line":179,"column":27},"end":{"line":179,"column":50}},"type":"binary-expr","locations":[{"start":{"line":179,"column":27},"end":{"line":179,"column":32}},{"start":{"line":179,"column":37},"end":{"line":179,"column":50}}],"line":179},"19":{"loc":{"start":{"line":180,"column":27},"end":{"line":180,"column":39}},"type":"binary-expr","locations":[{"start":{"line":180,"column":27},"end":{"line":180,"column":32}},{"start":{"line":180,"column":37},"end":{"line":180,"column":39}}],"line":180},"20":{"loc":{"start":{"line":196,"column":4},"end":{"line":196,"column":34}},"type":"if","locations":[{"start":{"line":196,"column":4},"end":{"line":196,"column":34}},{"start":{},"end":{}}],"line":196},"21":{"loc":{"start":{"line":196,"column":8},"end":{"line":196,"column":25}},"type":"binary-expr","locations":[{"start":{"line":196,"column":8},"end":{"line":196,"column":15}},{"start":{"line":196,"column":19},"end":{"line":196,"column":25}}],"line":196},"22":{"loc":{"start":{"line":197,"column":44},"end":{"line":197,"column":55}},"type":"binary-expr","locations":[{"start":{"line":197,"column":44},"end":{"line":197,"column":49}},{"start":{"line":197,"column":53},"end":{"line":197,"column":55}}],"line":197},"23":{"loc":{"start":{"line":213,"column":4},"end":{"line":216,"column":5}},"type":"if","locations":[{"start":{"line":213,"column":4},"end":{"line":216,"column":5}},{"start":{},"end":{}}],"line":213},"24":{"loc":{"start":{"line":221,"column":8},"end":{"line":221,"column":51}},"type":"if","locations":[{"start":{"line":221,"column":8},"end":{"line":221,"column":51}},{"start":{},"end":{}}],"line":221},"25":{"loc":{"start":{"line":226,"column":4},"end":{"line":229,"column":5}},"type":"if","locations":[{"start":{"line":226,"column":4},"end":{"line":229,"column":5}},{"start":{},"end":{}}],"line":226},"26":{"loc":{"start":{"line":234,"column":22},"end":{"line":236,"column":16}},"type":"cond-expr","locations":[{"start":{"line":235,"column":14},"end":{"line":235,"column":94}},{"start":{"line":236,"column":14},"end":{"line":236,"column":16}}],"line":234},"27":{"loc":{"start":{"line":237,"column":26},"end":{"line":239,"column":16}},"type":"cond-expr","locations":[{"start":{"line":238,"column":14},"end":{"line":238,"column":70}},{"start":{"line":239,"column":14},"end":{"line":239,"column":16}}],"line":237},"28":{"loc":{"start":{"line":250,"column":12},"end":{"line":250,"column":21}},"type":"binary-expr","locations":[{"start":{"line":250,"column":12},"end":{"line":250,"column":15}},{"start":{"line":250,"column":19},"end":{"line":250,"column":21}}],"line":250},"29":{"loc":{"start":{"line":260,"column":8},"end":{"line":260,"column":46}},"type":"if","locations":[{"start":{"line":260,"column":8},"end":{"line":260,"column":46}},{"start":{},"end":{}}],"line":260},"30":{"loc":{"start":{"line":263,"column":8},"end":{"line":263,"column":29}},"type":"if","locations":[{"start":{"line":263,"column":8},"end":{"line":263,"column":29}},{"start":{},"end":{}}],"line":263},"31":{"loc":{"start":{"line":264,"column":8},"end":{"line":264,"column":52}},"type":"if","locations":[{"start":{"line":264,"column":8},"end":{"line":264,"column":52}},{"start":{},"end":{}}],"line":264},"32":{"loc":{"start":{"line":265,"column":8},"end":{"line":265,"column":57}},"type":"if","locations":[{"start":{"line":265,"column":8},"end":{"line":265,"column":57}},{"start":{},"end":{}}],"line":265},"33":{"loc":{"start":{"line":279,"column":4},"end":{"line":279,"column":39}},"type":"if","locations":[{"start":{"line":279,"column":4},"end":{"line":279,"column":39}},{"start":{},"end":{}}],"line":279},"34":{"loc":{"start":{"line":281,"column":4},"end":{"line":281,"column":37}},"type":"if","locations":[{"start":{"line":281,"column":4},"end":{"line":281,"column":37}},{"start":{},"end":{}}],"line":281},"35":{"loc":{"start":{"line":290,"column":8},"end":{"line":290,"column":50}},"type":"if","locations":[{"start":{"line":290,"column":8},"end":{"line":290,"column":50}},{"start":{},"end":{}}],"line":290},"36":{"loc":{"start":{"line":290,"column":12},"end":{"line":290,"column":42}},"type":"binary-expr","locations":[{"start":{"line":290,"column":12},"end":{"line":290,"column":19}},{"start":{"line":290,"column":23},"end":{"line":290,"column":42}}],"line":290},"37":{"loc":{"start":{"line":292,"column":8},"end":{"line":299,"column":9}},"type":"if","locations":[{"start":{"line":292,"column":8},"end":{"line":299,"column":9}},{"start":{},"end":{}}],"line":292},"38":{"loc":{"start":{"line":292,"column":12},"end":{"line":292,"column":47}},"type":"binary-expr","locations":[{"start":{"line":292,"column":12},"end":{"line":292,"column":30}},{"start":{"line":292,"column":34},"end":{"line":292,"column":47}}],"line":292},"39":{"loc":{"start":{"line":295,"column":29},"end":{"line":295,"column":111}},"type":"cond-expr","locations":[{"start":{"line":295,"column":41},"end":{"line":295,"column":48}},{"start":{"line":295,"column":51},"end":{"line":295,"column":111}}],"line":295},"40":{"loc":{"start":{"line":295,"column":51},"end":{"line":295,"column":111}},"type":"cond-expr","locations":[{"start":{"line":295,"column":63},"end":{"line":295,"column":71}},{"start":{"line":295,"column":74},"end":{"line":295,"column":111}}],"line":295},"41":{"loc":{"start":{"line":295,"column":74},"end":{"line":295,"column":111}},"type":"cond-expr","locations":[{"start":{"line":295,"column":86},"end":{"line":295,"column":96}},{"start":{"line":295,"column":99},"end":{"line":295,"column":111}}],"line":295},"42":{"loc":{"start":{"line":298,"column":12},"end":{"line":298,"column":38}},"type":"if","locations":[{"start":{"line":298,"column":12},"end":{"line":298,"column":38}},{"start":{},"end":{}}],"line":298},"43":{"loc":{"start":{"line":313,"column":19},"end":{"line":313,"column":41}},"type":"binary-expr","locations":[{"start":{"line":313,"column":19},"end":{"line":313,"column":33}},{"start":{"line":313,"column":37},"end":{"line":313,"column":41}}],"line":313},"44":{"loc":{"start":{"line":314,"column":19},"end":{"line":314,"column":41}},"type":"binary-expr","locations":[{"start":{"line":314,"column":19},"end":{"line":314,"column":33}},{"start":{"line":314,"column":37},"end":{"line":314,"column":41}}],"line":314},"45":{"loc":{"start":{"line":315,"column":19},"end":{"line":315,"column":41}},"type":"binary-expr","locations":[{"start":{"line":315,"column":19},"end":{"line":315,"column":33}},{"start":{"line":315,"column":37},"end":{"line":315,"column":41}}],"line":315},"46":{"loc":{"start":{"line":317,"column":4},"end":{"line":325,"column":5}},"type":"if","locations":[{"start":{"line":317,"column":4},"end":{"line":325,"column":5}},{"start":{"line":323,"column":11},"end":{"line":325,"column":5}}],"line":317},"47":{"loc":{"start":{"line":317,"column":8},"end":{"line":317,"column":23}},"type":"binary-expr","locations":[{"start":{"line":317,"column":8},"end":{"line":317,"column":14}},{"start":{"line":317,"column":18},"end":{"line":317,"column":23}}],"line":317},"48":{"loc":{"start":{"line":319,"column":12},"end":{"line":319,"column":42}},"type":"binary-expr","locations":[{"start":{"line":319,"column":12},"end":{"line":319,"column":18}},{"start":{"line":319,"column":22},"end":{"line":319,"column":42}}],"line":319},"49":{"loc":{"start":{"line":320,"column":12},"end":{"line":320,"column":41}},"type":"binary-expr","locations":[{"start":{"line":320,"column":12},"end":{"line":320,"column":17}},{"start":{"line":320,"column":22},"end":{"line":320,"column":41}}],"line":320},"50":{"loc":{"start":{"line":321,"column":12},"end":{"line":321,"column":41}},"type":"binary-expr","locations":[{"start":{"line":321,"column":12},"end":{"line":321,"column":17}},{"start":{"line":321,"column":22},"end":{"line":321,"column":41}}],"line":321},"51":{"loc":{"start":{"line":323,"column":11},"end":{"line":325,"column":5}},"type":"if","locations":[{"start":{"line":323,"column":11},"end":{"line":325,"column":5}},{"st
[...]
lumn":79}},"type":"binary-expr","locations":[{"start":{"line":764,"column":24},"end":{"line":764,"column":36}},{"start":{"line":764,"column":40},"end":{"line":764,"column":63}},{"start":{"line":764,"column":67},"end":{"line":764,"column":79}}],"line":764},"127":{"loc":{"start":{"line":765,"column":45},"end":{"line":765,"column":81}},"type":"binary-expr","locations":[{"start":{"line":765,"column":45},"end":{"line":765,"column":75}},{"start":{"line":765,"column":79},"end":{"line":765,"column":81}}],"line":765},"128":{"loc":{"start":{"line":773,"column":8},"end":{"line":779,"column":9}},"type":"if","locations":[{"start":{"line":773,"column":8},"end":{"line":779,"column":9}},{"start":{},"end":{}}],"line":773},"129":{"loc":{"start":{"line":773,"column":12},"end":{"line":773,"column":40}},"type":"binary-expr","locations":[{"start":{"line":773,"column":12},"end":{"line":773,"column":25}},{"start":{"line":773,"column":29},"end":{"line":773,"column":40}}],"line":773},"130":{"loc":{"start":{"line":775,"column":12},"end":{"line":775,"column":65}},"type":"if","locations":[{"start":{"line":775,"column":12},"end":{"line":775,"column":65}},{"start":{},"end":{}}],"line":775},"131":{"loc":{"start":{"line":776,"column":12},"end":{"line":776,"column":87}},"type":"if","locations":[{"start":{"line":776,"column":12},"end":{"line":776,"column":87}},{"start":{},"end":{}}],"line":776},"132":{"loc":{"start":{"line":778,"column":12},"end":{"line":778,"column":78}},"type":"if","locations":[{"start":{"line":778,"column":12},"end":{"line":778,"column":78}},{"start":{},"end":{}}],"line":778},"133":{"loc":{"start":{"line":789,"column":4},"end":{"line":789,"column":63}},"type":"if","locations":[{"start":{"line":789,"column":4},"end":{"line":789,"column":63}},{"start":{},"end":{}}],"line":789},"134":{"loc":{"start":{"line":815,"column":17},"end":{"line":815,"column":57}},"type":"binary-expr","locations":[{"start":{"line":815,"column":17},"end":{"line":815,"column":49}},{"start":{"line":815,"column":53},"end":{"line":815,"column":57}}],"line":815},"135":{"loc":{"start":{"line":816,"column":17},"end":{"line":816,"column":57}},"type":"binary-expr","locations":[{"start":{"line":816,"column":17},"end":{"line":816,"column":48}},{"start":{"line":816,"column":53},"end":{"line":816,"column":57}}],"line":816},"136":{"loc":{"start":{"line":856,"column":4},"end":{"line":856,"column":39}},"type":"if","locations":[{"start":{"line":856,"column":4},"end":{"line":856,"column":39}},{"start":{},"end":{}}],"line":856},"137":{"loc":{"start":{"line":856,"column":8},"end":{"line":856,"column":30}},"type":"binary-expr","locations":[{"start":{"line":856,"column":8},"end":{"line":856,"column":17}},{"start":{"line":856,"column":21},"end":{"line":856,"column":30}}],"line":856},"138":{"loc":{"start":{"line":864,"column":8},"end":{"line":872,"column":9}},"type":"if","locations":[{"start":{"line":864,"column":8},"end":{"line":872,"column":9}},{"start":{"line":870,"column":15},"end":{"line":872,"column":9}}],"line":864},"139":{"loc":{"start":{"line":871,"column":39},"end":{"line":871,"column":67}},"type":"binary-expr","locations":[{"start":{"line":871,"column":39},"end":{"line":871,"column":49}},{"start":{"line":871,"column":53},"end":{"line":871,"column":67}}],"line":871},"140":{"loc":{"start":{"line":882,"column":4},"end":{"line":882,"column":93}},"type":"if","locations":[{"start":{"line":882,"column":4},"end":{"line":882,"column":93}},{"start":{},"end":{}}],"line":882},"141":{"loc":{"start":{"line":882,"column":8},"end":{"line":882,"column":30}},"type":"binary-expr","locations":[{"start":{"line":882,"column":8},"end":{"line":882,"column":17}},{"start":{"line":882,"column":21},"end":{"line":882,"column":30}}],"line":882},"142":{"loc":{"start":{"line":890,"column":8},"end":{"line":896,"column":9}},"type":"if","locations":[{"start":{"line":890,"column":8},"end":{"line":896,"column":9}},{"start":{"line":893,"column":15},"end":{"line":896,"column":9}}],"line":890},"143":{"loc":{"start":{"line":894,"column":39},"end":{"line":894,"column":74}},"type":"binary-expr","locations":[{"start":{"line":894,"column":39},"end":{"line":894,"column":49}},{"start":{"line":894,"column":53},"end":{"line":894,"column":74}}],"line":894},"144":{"loc":{"start":{"line":922,"column":4},"end":{"line":922,"column":27}},"type":"if","locations":[{"start":{"line":922,"column":4},"end":{"line":922,"column":27}},{"start":{},"end":{}}],"line":922},"145":{"loc":{"start":{"line":927,"column":8},"end":{"line":930,"column":9}},"type":"if","locations":[{"start":{"line":927,"column":8},"end":{"line":930,"column":9}},{"start":{},"end":{}}],"line":927},"146":{"loc":{"start":{"line":928,"column":12},"end":{"line":928,"column":63}},"type":"if","locations":[{"start":{"line":928,"column":12},"end":{"line":928,"column":63}},{"start":{},"end":{}}],"line":928},"147":{"loc":{"start":{"line":932,"column":60},"end":{"line":932,"column":76}},"type":"binary-expr","locations":[{"start":{"line":932,"column":60},"end":{"line":932,"column":70}},{"start":{"line":932,"column":74},"end":{"line":932,"column":76}}],"line":932},"148":{"loc":{"start":{"line":933,"column":60},"end":{"line":933,"column":73}},"type":"binary-expr","locations":[{"start":{"line":933,"column":60},"end":{"line":933,"column":67}},{"start":{"line":933,"column":71},"end":{"line":933,"column":73}}],"line":933},"149":{"loc":{"start":{"line":934,"column":60},"end":{"line":934,"column":73}},"type":"binary-expr","locations":[{"start":{"line":934,"column":60},"end":{"line":934,"column":67}},{"start":{"line":934,"column":71},"end":{"line":934,"column":73}}],"line":934},"150":{"loc":{"start":{"line":936,"column":24},"end":{"line":936,"column":38}},"type":"binary-expr","locations":[{"start":{"line":936,"column":24},"end":{"line":936,"column":32}},{"start":{"line":936,"column":36},"end":{"line":936,"column":38}}],"line":936},"151":{"loc":{"start":{"line":946,"column":4},"end":{"line":946,"column":27}},"type":"if","locations":[{"start":{"line":946,"column":4},"end":{"line":946,"column":27}},{"start":{},"end":{}}],"line":946},"152":{"loc":{"start":{"line":966,"column":8},"end":{"line":973,"column":9}},"type":"if","locations":[{"start":{"line":966,"column":8},"end":{"line":973,"column":9}},{"start":{"line":969,"column":15},"end":{"line":973,"column":9}}],"line":966},"153":{"loc":{"start":{"line":971,"column":36},"end":{"line":971,"column":66}},"type":"binary-expr","locations":[{"start":{"line":971,"column":36},"end":{"line":971,"column":46}},{"start":{"line":971,"column":50},"end":{"line":971,"column":66}}],"line":971},"154":{"loc":{"start":{"line":982,"column":4},"end":{"line":982,"column":116}},"type":"if","locations":[{"start":{"line":982,"column":4},"end":{"line":982,"column":116}},{"start":{},"end":{}}],"line":982},"155":{"loc":{"start":{"line":983,"column":4},"end":{"line":983,"column":114}},"type":"if","locations":[{"start":{"line":983,"column":4},"end":{"line":983,"column":114}},{"start":{},"end":{}}],"line":983},"156":{"loc":{"start":{"line":993,"column":8},"end":{"line":1001,"column":9}},"type":"if","locations":[{"start":{"line":993,"column":8},"end":{"line":1001,"column":9}},{"start":{"line":997,"column":15},"end":{"line":1001,"column":9}}],"line":993},"157":{"loc":{"start":{"line":999,"column":37},"end":{"line":999,"column":76}},"type":"binary-expr","locations":[{"start":{"line":999,"column":37},"end":{"line":999,"column":47}},{"start":{"line":999,"column":51},"end":{"line":999,"column":76}}],"line":999},"158":{"loc":{"start":{"line":1008,"column":36},"end":{"line":1008,"column":112}},"type":"cond-expr","locations":[{"start":{"line":1008,"column":42},"end":{"line":1008,"column":68}},{"start":{"line":1008,"column":71},"end":{"line":1008,"column":112}}],"line":1008},"159":{"loc":{"start":{"line":1014,"column":36},"end":{"line":1014,"column":101}},"type":"cond-expr","locations":[{"start":{"line":1014,"column":42},"end":{"line":1014,"column":73}},{"start":{"line":1014,"column":76},"end":{"line":1014,"column":101}}],"line":1014},"160":{"loc":{"start":{"line":1019,"column":0},"end":{"line":1023,"column":1}},"type":"if","locations":[{"start":{"line":1019,"column":0},"end":{"line":1023,"column":1}},{"start":{"line":1021,"column":7},"end":{"line":1023,"column":1}}],"line":1019},"161":{"loc":{"start":{"line":1019,"column":4},"end":{"line":1019,"column":25}},"type":"binary-expr","locations":[{"start":{"line":1019,"column":4},"end":{"line":1019,"column":13}},{"start":{"line":1019,"column":17},"end":{"line":1019,"column":25}}],"line":1019},"162":{"loc":{"start":{"line":1039,"column":4},"end":{"line":1041,"column":5}},"type":"if","locations":[{"start":{"line":1039,"column":4},"end":{"line":1041,"column":5}},{"start":{},"end":{}}],"line":1039},"163":{"loc":{"start":{"line":1053,"column":4},"end":{"line":1053,"column":36}},"type":"if","locations":[{"start":{"line":1053,"column":4},"end":{"line":1053,"column":36}},{"start":{},"end":{}}],"line":1053},"164":{"loc":{"start":{"line":1061,"column":19},"end":{"line":1061,"column":61}},"type":"binary-expr","locations":[{"start":{"line":1061,"column":19},"end":{"line":1061,"column":51}},{"start":{"line":1061,"column":55},"end":{"line":1061,"column":61}}],"line":1061},"165":{"loc":{"start":{"line":1070,"column":4},"end":{"line":1070,"column":86}},"type":"if","locations":[{"start":{"line":1070,"column":4},"end":{"line":1070,"column":86}},{"start":{},"end":{}}],"line":1070},"166":{"loc":{"start":{"line":1080,"column":4},"end":{"line":1080,"column":49}},"type":"if","locations":[{"start":{"line":1080,"column":4},"end":{"line":1080,"column":49}},{"start":{},"end":{}}],"line":1080},"167":{"loc":{"start":{"line":1085,"column":4},"end":{"line":1093,"column":5}},"type":"if","locations":[{"start":{"line":1085,"column":4},"end":{"line":1093,"column":5}},{"start":{"line":1090,"column":11},"end":{"line":1093,"column":5}}],"line":1085},"168":{"loc":{"start":{"line":1087,"column":8},"end":{"line":1089,"column":9}},"type":"if","locations":[{"start":{"line":1087,"column":8},"end":{"line":1089,"column":9}},{"start":{},"end":{}}],"line":1087},"169":{"loc":{"start":{"line":1090,"column":11},"end":{"line":1093,"column":5}},"type":"if","locations":[{"start":{"line":1090,"column":11},"end":{"line":1093,"column":5}},{"start":{},"end":{}}],"line":1090},"170":{"loc":{"start":{"line":1092,"column":8},"end":{"line":1092,"column":37}},"type":"if","locations":[{"start":{"line":1092,"column":8},"end":{"line":1092,"column":37}},{"start":{},"end":{}}],"line":1092},"171":{"loc":{"start":{"line":1102,"column":0},"end":{"line":1102,"column":36}},"type":"if","locations":[{"start":{"line":1102,"column":0},"end":{"line":1102,"column":36}},{"start":{},"end":{}}],"line":1102},"172":{"loc":{"start":{"line":1105,"column":0},"end":{"line":1117,"column":1}},"type":"if","locations":[{"start":{"line":1105,"column":0},"end":{"line":1117,"column":1}},{"start":{"line":1107,"column":7},"end":{"line":1117,"column":1}}],"line":1105},"173":{"loc":{"start":{"line":1107,"column":7},"end":{"line":1117,"column":1}},"type":"if","locations":[{"start":{"line":1107,"column":7},"end":{"line":1117,"column":1}},{"start":{"line":1114,"column":7},"end":{"line":1117,"column":1}}],"line":1107},"174":{"loc":{"start":{"line":1120,"column":0},"end":{"line":1146,"column":1}},"type":"if","locations":[{"start":{"line":1120,"column":0},"end":{"line":1146,"column":1}},{"start":{},"end":{}}],"line":1120},"175":{"loc":{"start":{"line":1120,"column":4},"end":{"line":1120,"column":51}},"type":"binary-expr","locations":[{"start":{"line":1120,"column":4},"end":{"line":1120,"column":33}},{"start":{"line":1120,"column":37},"end":{"line":1120,"column":51}}],"line":1120}},"s":{"0":1,"1":18,"2":18,"3":2,"4":16,"5":15,"6":1,"7":1,"8":15,"9":2,"10":1,"11":1,"12":1,"13":1,"14":1,"15":1,"16":1,"17":1,"18":1,"19":1,"20":1,"21":1,"22":1,"23":1,"24":1,"25":1,"26":1,"27":1,"28":1,"29":1,"30":1,"31":1,"32":1,"33":1,"34":1,"35":1,"36":1,"37":1,"38":1,"39":1,"40":1,"41":1,"42":1,"43":1,"44":1,"45":1,"46":1,"47":1,"48":1,"49":1,"50":1,"51":1,"52":1,"53":12,"54":12,"55":12,"56":1,"57":19,"58":19,"59":19,"60":19,"61":2,"62":2,"63":1,"64":18,"65":15,"66":15,"67":15,"68":15,"69":12,"70":12,"71":10,"72":2,"73":2,"74":2,"75":2,"76":8,"77":8,"78":2,"79":2,"80":2,"81":9,"82":9,"83":1,"84":8,"85":1,"86":1,"87":1,"88":1,"89":8,"90":8,"91":8,"92":8,"93":8,"94":8,"95":8,"96":28,"97":1,"98":27,"99":27,"100":5,"101":27,"102":1,"103":1,"104":1,"105":38,"106":1,"107":1,"108":37,"109":37,"110":36,"111":36,"112":1,"113":37,"114":37,"115":1,"116":1,"117":36,"118":137,"119":137,"120":137,"121":137,"122":137,"123":287,"124":52,"125":156,"126":148,"127":8,"128":8,"129":8,"130":4,"131":4,"132":1,"133":3,"134":1,"135":2,"136":9,"137":9,"138":1,"139":8,"140":8,"141":1,"142":7,"143":7,"144":7,"145":7,"146":6,"147":6,"148":6,"149":0,"150":6,"151":5,"152":5,"153":5,"154":5,"155":5,"156":5,"157":5,"158":6,"159":7,"160":5,"161":5,"162":5,"163":5,"164":3,"165":2,"166":1,"167":0,"168":0,"169":0,"170":0,"171":0,"172":0,"173":0,"174":0,"175":0,"176":0,"177":0,"178":0,"179":0,"180":1,"181":0,"182":1,"183":1,"184":0,"185":4,"186":3,"187":3,"188":4,"189":4,"190":4,"191":4,"192":3,"193":3,"194":3,"195":3,"196":2,"197":2,"198":3,"199":2,"200":2,"201":2,"202":2,"203":4,"204":2,"205":1,"206":1,"207":1,"208":1,"209":1,"210":4,"211":1,"212":4,"213":2,"214":2,"215":1,"216":1,"217":1,"218":1,"219":1,"220":1,"221":1,"222":1,"223":1,"224":4,"225":2,"226":1,"227":1,"228":1,"229":1,"230":1,"231":1,"232":3,"233":2,"234":2,"235":2,"236":2,"237":2,"238":1,"239":1,"240":1,"241":1,"242":1,"243":7,"244":3,"245":4,"246":4,"247":4,"248":1,"249":0,"250":1,"251":0,"252":0,"253":1,"254":1,"255":1,"256":1,"257":1,"258":1,"259":2,"260":2,"261":1,"262":1,"263":1,"264":1,"265":1,"266":3,"267":3,"268":3,"269":3,"270":17,"271":17,"272":15,"273":1,"274":14,"275":14,"276":14,"277":14,"278":2,"279":14,"280":14,"281":12,"282":1,"283":11,"284":11,"285":2,"286":2,"287":10,"288":10,"289":10,"290":10,"291":10,"292":10,"293":5,"294":5,"295":5,"296":4,"297":3,"298":3,"299":3,"300":3,"301":1,"302":1,"303":1,"304":1,"305":1,"306":1,"307":1,"308":0,"309":1,"310":0,"311":1,"312":7,"313":7,"314":1,"315":6,"316":5,"317":5,"318":5,"319":5,"320":5,"321":5,"322":4,"323":5,"324":5,"325":5,"326":5,"327":1,"328":1,"329":1,"330":1,"331":1,"332":1,"333":1,"334":1,"335":1,"336":1,"337":1,"338":1,"339":1,"340":1,"341":1,"342":1,"343":1,"344":1,"345":8,"346":8,"347":3,"348":5,"349":6,"350":6,"351":1,"352":6,"353":6,"354":6,"355":1,"356":6,"357":5,"358":1,"359":2,"360":2,"361":1,"362":1,"363":1,"364":2,"365":2,"366":1,"367":1,"368":1,"369":1,"370":1,"371":1,"372":1,"373":1,"374":1,"375":1,"376":1,"377":1,"378":1,"379":12,"380":12,"381":11,"382":1,"383":10,"384":10,"385":10,"386":10,"387":10,"388":6,"389":6,"390":6,"391":6,"392":6,"393":2,"394":0,"395":2,"396":2,"397":2,"398":2,"399":2,"400":1,"401":1,"402":1,"403":10,"404":10,"405":10,"406":50,"407":50,"408":50,"409":5,"410":10,"411":4,"412":5,"413":4,"414":1,"415":4,"416":4,"417":1,"418":1,"419":4,"420":5,"421":1,"422":4,"423":4,"424":5,"425":4,"426":0,"427":4,"428":0,"429":4,"430":4,"431":5,"432":1,"433":4,"434":4,"435":3,"436":1,"437":1,"438":1,"439":10,"440":1,"441":1,"442":1,"443":1,"444":1,"445":1,"446":1,"447":1,"448":1,"449":3,"450":3,"451":2,"452":1,"453":1,"454":1,"455":1,"456":1,"457":1,"458":2,"459":2,"460":1,"461":1,"462":1,"463":1,"464":1,"465":1,"466":1,"467":1,"468":1,"469":1,"470":1,"471":1,"472":1,"473":1,"474":1,"475":7,"476":7,"477":7,"478":7,"479":14,"480":14,"481":14,"482":14,"483":14,"484":1,"485":16,"486":16,"487":16,"488":16,"489":1,"490":15,"491":15,"492":14,"493":14,"494":13,"495":13,"496":13,"497":13,"498":13,"499":1,"500":1,"501":1,"502":1,"503":4,"504":4,"505":4,"506":4,"507":4,"508":1,"509":1,"510":3,"511":3,"512":2,"513":2,"514":1,"515":1,"516":1,"517":1,"518":1,"519":1,"520":1,"521":3,"522":3,"523":3,"524":3,"525":3,"526":3,"527":3,"528":15,"529":2,"530":13,"531":13,"532":12,"533":2,"534":1,"535":1,"536":1,"537":10,"538":10,"539":10,"540":10,"541":10,"542":12,"543":10,"544":30,"545":1,"546":1,"547":4,"548":4,"549":1,"550":3,"551":3,"552":0,"553":3,"554":3,"555":3,"556":2,"557":1,"558":1,"559":1,"560":1,"561":1,"562":1,"563":1,"564":1,"565":4,"566":4,"567":4,"568":4,"569":1,"570":1,"571":1,"572":3,"573":0,"574":0,"575":0,"576":3,"577":3,"578":2,"579":1,"580":1,"581":1,"582":1,"583":1,"584":1,"585":1,"586":1,"587":1,"588":1,"589":2,"590":2,"591":2,"592":1,"593":1,"594":1,"595":1,"596":1,"597":0,"598":1,"599":1,"600":1,"601":1,"602":1,"603":1,"604":3,"605":3,"606":1,"607":21,"608":21,"609":3,"610":3,"611":3,"612":3,"613":3,"614":1,"615":2,"616":0,"617":1,"618":1,"619":8,"620":8,"621":8,"622":6,"623":1,"624":5,"625":5,"626":5,"627":5,"628":5,"629":3,"630":3,"631":2,"632":1,"633":1,"634":2,"635":2,"636":2,"637":1,"638":1,"639":2,"640":0,"641":1,"642":1,"643":1,"644":1,"645":1,"646":1,"647":0,"648":0,"649":0,"650":0,"651":0,"652":0,"653":0,"654":1,"655":1,"656":73,"657":1,"658":18,"659":8,"660":19,"661":1,"662":38,"663":2,"664":28,"665":2,"666":24,"667":3,"668":15},"f":{"0":18,"1":1,"2":15,"3":2,"4":12,"5":19,"6":12,"7":9,"8":28,"9":38,"10":137,"11":287,"12":52,"13":156,"14":9,"15":5,"16":1,"17":0,"18":0,"19":0,"20":4,"21":3,"22":3,"23":2,"24":1,"25":1,"26":2,"27":2,"28":3,"29":1,"30":7,"31":0,"32":0,"33":1,"34":2,"35":3,"36":17,"37":14,"38":10,"39":5,"40":0,"41":0,"42":7,"43":5,"44":1,"45":1,"46":1,"47":1,"48":1,"49":1,"50":8,"51":6,"52":2,"53":2,"54":1,"55":1,"56":1,"57":1,"58":12,"59":1,"60":5,"61":1,"62":1,"63":5,"64":5,"65":0,"66":5,"67":3,"68":2,"69":1,"70":7,"71":14,"72":16,"73":4,"74":3,"75":15,"76":12,"77":30,"78":4,"79":0,"80":4,"81":2,"82":1,"83":3,"84":21,"85":3,"86":2,"87":0,"88":8,"89":6,"90":1,"91":2,"92":0,"93":0,"94":73,"95":1,"96":18,"97":8,"98":19,"99":1,"100":38,"101":2,"102":28,"103":2,"104":24,"105":3,"106":15},"b":{"0":[2,16],"1":[15,1],"2":[0],"3":[0],"4":[0],"5":[1,1],"6":[8,4],"7":[1,11],"8":[3,9],"9":[2,17],"10":[1,1],"11":[2,8],"12":[10,9],"13":[1,1],"14":[1,8],"15":[1,7],"16":[1,0],"17":[8,0],"18":[8,0],"19":[8,0],"20":[1,27],"21":[28,1],"22":[27,25],"23":[1,37],"24":[36,0],"25":[1,36],"26":[1,136],"27":[5,132],"28":[287,2],"29":[148,8],"30":[4,4],"31":[1,3],"32":[1,2],"33":[1,8],"34":[1,7],"35":[0,6],"36":[6,6],"37":[5,1],"38":[6,6],"39":[2,3],"40":[1,2],"41":[1,1],"42":[5,0],"43":[5,3],"44":[5,3],"45":[5,3],"46":[3,2],"47":[5,3],"48":[3,1],"49":[3,1],"50":[3,2],"51":[1,1],"52":[0,0],"53":[0,0],"54":[0,0],"55":[0,0],"56":[0,0,0],"57":[0,0],"58":[3,1],"59":[2,1],"60":[3,3],"61":[1,1],"62":[3,3],"63":[2,0],"64":[1,1],"65":[1,0],"66":[2,2],"67":[1,1],"68":[1,0],"69":[1,0],"70":[1,0],"71":[1,0],"72":[1,1],"73":[1,0],"74":[2,1],"75":[3,4],"76":[7,5],"77":[0,0],"78":[1,0],"79":[1,1],"80":[0,1],"81":[1,1],"82":[2,2],"83":[2,1],"84":[2,1],"85":[1,14],"86":[2,12],"87":[2,12],"88":[1,11],"89":[1,9],"90":[3,1],"91":[2,1],"92":[1,0],"93":[1,6],"94":[4,1],"95":[5,0],"96":[3,5],"97":[1,5],"98":[1,5],"99":[6,2,1],"100":[1,1],"101":[1,1],"102":[1,10],"103":[10,4],"104":[10,4],"105":[10,9],"106":[6,4],"107":[10,4],"108":[6,0],"109":[6,0],"110":[6,5],"111":[2,4],"112":[6,6],"113":[0,2],"114":[2,0],"115":[2,2,2],"116":[5,45],"117":[50,45],"118":[5,0],"119":[5,0],"120":[4,6],"121":[1,0],"122":[1,4],"123":[5,5],"124":[1,4],"125":[1,2],"126":[3,3,1],"127":[1,0],"128":[1,9],"129":[10,9],"130":[1,0],"131":[1,0],"132":[1,0],"133":[2,1],"134":[1,1],"135":[1,1],"136":[1,15],"137":[16,15],"138":[13,1],"139":[1,0],"140":[1,3],"141":[4,3],"142":[1,1],"143":[1,0],"144":[2,13],"145":[2,10],"146":[1,1],"147":[10,8],"148":[10,8],"149":[10,8],"150":[10,8],"151":[1,3],"152":[1,1],"153":[1,0],"154":[1,3],"155":[0,3],"156":[1,1],"157":[1,0],"158":[1,1],"159":[1,0],"160":[0,1],"161":[1,0],"162":[21,0],"163":[3,0],"164":[1,1],"165":[8,0],"166":[1,5],"167":[3,2],"168":[2,1],"169":[2,0],"170":[1,1],"171":[1,0],"172":[1,0],"173":[0,0],"174":[1,0],"175":[1,1]},"_coverageSchema":"1a1c01bbd47fc00a2c39e90264f33305004495a9","hash":"c460e318b1abd04c3101a65a4a27907ad529e728"}
}
