TN:
SF:static/js/player.js
FN:21,(anonymous_0)
FN:33,(anonymous_1)
FN:34,(anonymous_2)
FN:35,(anonymous_3)
FN:95,showPlayIcon
FN:109,fetchItunesCached
FN:134,fetchArtwork
FN:164,updateTrack
FN:195,pushHistory
FN:212,renderHistory
FN:231,(anonymous_10)
FN:249,escHtml
FN:258,getFilteredHistory
FN:259,(anonymous_13)
FN:277,parseID3Frames
FN:312,handleMetadataFields
FN:334,setupMetadataTextTracks
FN:335,onCueChange
FN:346,attachTrack
FN:353,(anonymous_19)
FN:366,initHls
FN:373,(anonymous_21)
FN:381,(anonymous_22)
FN:393,(anonymous_23)
FN:395,(anonymous_24)
FN:404,(anonymous_25)
FN:409,(anonymous_26)
FN:422,(anonymous_27)
FN:441,togglePlay
FN:447,(anonymous_29)
FN:464,formatTime
FN:471,(anonymous_31)
FN:472,(anonymous_32)
FN:473,(anonymous_33)
FN:482,(anonymous_34)
FN:492,(anonymous_35)
FN:506,fetchTrackRatings
FN:523,checkIfRated
FN:537,updateRatingUI
FN:552,submitRating
FN:576,(anonymous_40)
FN:577,(anonymous_41)
FN:585,getArtworkUrl
FN:597,getShareText
FN:609,(anonymous_44)
FN:614,(anonymous_45)
FN:619,(anonymous_46)
FN:624,(anonymous_47)
FN:629,(anonymous_48)
FN:634,(anonymous_49)
FN:646,getRecentlyPlayedText
FN:649,(anonymous_51)
FN:662,(anonymous_52)
FN:668,(anonymous_53)
FN:675,(anonymous_54)
FN:676,(anonymous_55)
FN:677,(anonymous_56)
FN:684,(anonymous_57)
FN:699,fetchMetadata
FN:730,(anonymous_59)
FN:748,(anonymous_60)
FN:749,(anonymous_61)
FN:752,(anonymous_62)
FN:753,(anonymous_63)
FN:755,(anonymous_64)
FN:756,(anonymous_65)
FN:760,(anonymous_66)
FN:787,triggerMetadataFetch
FN:803,openDrawer
FN:808,closeDrawer
FN:832,showAuthView
FN:843,showProfileView
FN:852,(anonymous_72)
FN:877,(anonymous_73)
FN:904,(anonymous_74)
FN:921,loadProfile
FN:936,(anonymous_76)
FN:937,(anonymous_77)
FN:944,(anonymous_78)
FN:948,(anonymous_79)
FN:978,(anonymous_80)
FN:1006,(anonymous_81)
FN:1012,(anonymous_82)
FN:1033,(anonymous_83)
FN:1038,(anonymous_84)
FN:1049,applyTheme
FN:1056,(anonymous_86)
FN:1057,(anonymous_87)
FN:1068,updateStreamQualityDisplay
FN:1079,applyStreamQuality
FN:1088,(anonymous_90)
FN:1096,(anonymous_91)
FN:1097,(anonymous_92)
FN:1110,(anonymous_93)
FN:1131,(anonymous_94)
FN:1132,(anonymous_95)
FN:1133,(anonymous_96)
FN:1134,(anonymous_97)
FN:1135,(anonymous_98)
FN:1136,(anonymous_99)
FN:1137,(anonymous_100)
FN:1138,(anonymous_101)
FN:1139,(anonymous_102)
FN:1140,(anonymous_103)
FN:1141,(anonymous_104)
FN:1142,(anonymous_105)
FN:1143,(anonymous_106)
FNF:107
FNH:95
FNDA:18,(anonymous_0)
FNDA:1,(anonymous_1)
FNDA:15,(anonymous_2)
FNDA:2,(anonymous_3)
FNDA:12,showPlayIcon
FNDA:19,fetchItunesCached
FNDA:12,fetchArtwork
FNDA:9,updateTrack
FNDA:28,pushHistory
FNDA:38,renderHistory
FNDA:137,(anonymous_10)
FNDA:287,escHtml
FNDA:52,getFilteredHistory
FNDA:156,(anonymous_13)
FNDA:9,parseID3Frames
FNDA:5,handleMetadataFields
FNDA:1,setupMetadataTextTracks
FNDA:0,onCueChange
FNDA:0,attachTrack
FNDA:0,(anonymous_19)
FNDA:4,initHls
FNDA:3,(anonymous_21)
FNDA:3,(anonymous_22)
FNDA:2,(anonymous_23)
FNDA:1,(anonymous_24)
FNDA:1,(anonymous_25)
FNDA:2,(anonymous_26)
FNDA:2,(anonymous_27)
FNDA:3,togglePlay
FNDA:1,(anonymous_29)
FNDA:7,formatTime
FNDA:0,(anonymous_31)
FNDA:0,(anonymous_32)
FNDA:1,(anonymous_33)
FNDA:2,(anonymous_34)
FNDA:3,(anonymous_35)
FNDA:17,fetchTrackRatings
FNDA:14,checkIfRated
FNDA:10,updateRatingUI
FNDA:5,submitRating
FNDA:0,(anonymous_40)
FNDA:0,(anonymous_41)
FNDA:7,getArtworkUrl
FNDA:5,getShareText
FNDA:1,(anonymous_44)
FNDA:1,(anonymous_45)
FNDA:1,(anonymous_46)
FNDA:1,(anonymous_47)
FNDA:1,(anonymous_48)
FNDA:1,(anonymous_49)
FNDA:8,getRecentlyPlayedText
FNDA:6,(anonymous_51)
FNDA:2,(anonymous_52)
FNDA:2,(anonymous_53)
FNDA:1,(anonymous_54)
FNDA:1,(anonymous_55)
FNDA:1,(anonymous_56)
FNDA:1,(anonymous_57)
FNDA:12,fetchMetadata
FNDA:1,(anonymous_59)
FNDA:5,(anonymous_60)
FNDA:1,(anonymous_61)
FNDA:1,(anonymous_62)
FNDA:5,(anonymous_63)
FNDA:5,(anonymous_64)
FNDA:0,(anonymous_65)
FNDA:5,(anonymous_66)
FNDA:3,triggerMetadataFetch
FNDA:2,openDrawer
FNDA:1,closeDrawer
FNDA:7,showAuthView
FNDA:14,showProfileView
FNDA:16,(anonymous_72)
FNDA:4,(anonymous_73)
FNDA:3,(anonymous_74)
FNDA:15,loadProfile
FNDA:12,(anonymous_76)
FNDA:30,(anonymous_77)
FNDA:4,(anonymous_78)
FNDA:0,(anonymous_79)
FNDA:4,(anonymous_80)
FNDA:2,(anonymous_81)
FNDA:1,(anonymous_82)
FNDA:3,(anonymous_83)
FNDA:21,(anonymous_84)
FNDA:3,applyTheme
FNDA:2,(anonymous_86)
FNDA:0,(anonymous_87)
FNDA:8,updateStreamQualityDisplay
FNDA:6,applyStreamQuality
FNDA:1,(anonymous_90)
FNDA:2,(anonymous_91)
FNDA:0,(anonymous_92)
FNDA:0,(anonymous_93)
FNDA:73,(anonymous_94)
FNDA:1,(anonymous_95)
FNDA:18,(anonymous_96)
FNDA:8,(anonymous_97)
FNDA:19,(anonymous_98)
FNDA:1,(anonymous_99)
FNDA:38,(anonymous_100)
FNDA:2,(anonymous_101)
FNDA:28,(anonymous_102)
FNDA:2,(anonymous_103)
FNDA:24,(anonymous_104)
FNDA:3,(anonymous_105)
FNDA:15,(anonymous_106)
DA:20,1
DA:22,18
DA:29,18
DA:30,16
DA:31,1
DA:33,1
DA:34,15
DA:35,2
DA:38,1
DA:39,1
DA:43,1
DA:44,1
DA:45,1
DA:46,1
DA:47,1
DA:48,1
DA:49,1
DA:50,1
DA:51,1
DA:52,1
DA:53,1
DA:56,1
DA:57,1
DA:58,1
DA:59,1
DA:60,1
DA:61,1
DA:62,1
DA:63,1
DA:64,1
DA:65,1
DA:66,1
DA:67,1
DA:68,1
DA:69,1
DA:70,1
DA:72,1
DA:73,1
DA:74,1
DA:75,1
DA:76,1
DA:79,1
DA:80,1
DA:81,1
DA:82,1
DA:83,1
DA:84,1
DA:85,1
DA:86,1
DA:87,1
DA:88,1
DA:96,12
DA:97,12
DA:98,12
DA:102,1
DA:110,19
DA:111,19
DA:112,19
DA:113,19
DA:114,2
DA:115,2
DA:118,18
DA:119,15
DA:120,15
DA:121,15
DA:135,12
DA:136,12
DA:137,10
DA:138,2
DA:140,2
DA:141,2
DA:143,2
DA:145,8
DA:146,8
DA:149,2
DA:150,2
DA:151,2
DA:165,9
DA:166,9
DA:169,8
DA:170,1
DA:171,1
DA:172,1
DA:173,1
DA:176,8
DA:177,8
DA:178,8
DA:179,8
DA:180,8
DA:182,8
DA:185,8
DA:196,28
DA:197,27
DA:198,27
DA:199,27
DA:202,1
DA:203,1
DA:204,1
DA:213,38
DA:214,1
DA:215,1
DA:219,37
DA:220,37
DA:221,36
DA:222,1
DA:224,37
DA:226,37
DA:227,1
DA:228,1
DA:231,36
DA:232,137
DA:233,137
DA:234,137
DA:237,137
DA:240,137
DA:250,287
DA:259,52
DA:260,156
DA:261,8
DA:262,8
DA:263,8
DA:264,4
DA:265,3
DA:266,2
DA:278,9
DA:279,9
DA:280,8
DA:281,8
DA:283,7
DA:284,7
DA:285,7
DA:287,7
DA:288,6
DA:289,6
DA:290,6
DA:292,6
DA:293,5
DA:294,5
DA:295,5
DA:296,5
DA:297,5
DA:298,5
DA:300,6
DA:302,7
DA:313,5
DA:314,5
DA:315,5
DA:317,5
DA:318,3
DA:323,2
DA:324,1
DA:336,0
DA:337,0
DA:338,0
DA:339,0
DA:340,0
DA:341,0
DA:343,0
DA:347,0
DA:348,0
DA:349,0
DA:353,1
DA:354,1
DA:355,0
DA:367,4
DA:369,4
DA:370,4
DA:371,4
DA:373,4
DA:374,3
DA:375,3
DA:376,3
DA:379,3
DA:380,2
DA:381,2
DA:382,3
DA:384,2
DA:385,2
DA:386,2
DA:387,2
DA:393,4
DA:394,2
DA:395,1
DA:396,1
DA:397,1
DA:398,1
DA:404,4
DA:405,1
DA:409,4
DA:410,2
DA:411,2
DA:412,1
DA:413,1
DA:414,1
DA:415,1
DA:416,1
DA:417,1
DA:422,4
DA:423,2
DA:424,1
DA:425,1
DA:426,1
DA:427,1
DA:428,1
DA:429,1
DA:442,3
DA:443,2
DA:444,2
DA:445,2
DA:446,2
DA:447,2
DA:448,1
DA:449,1
DA:452,1
DA:453,1
DA:454,1
DA:465,7
DA:466,4
DA:467,4
DA:468,4
DA:471,1
DA:472,1
DA:473,1
DA:474,1
DA:475,1
DA:476,1
DA:477,1
DA:482,1
DA:483,2
DA:484,2
DA:485,1
DA:486,1
DA:487,1
DA:488,1
DA:492,1
DA:493,3
DA:494,3
DA:495,3
DA:496,3
DA:507,17
DA:508,17
DA:509,15
DA:510,14
DA:511,14
DA:512,14
DA:513,14
DA:514,2
DA:524,14
DA:525,14
DA:526,12
DA:527,11
DA:528,11
DA:529,2
DA:538,10
DA:539,10
DA:540,10
DA:541,10
DA:542,10
DA:543,10
DA:553,5
DA:554,5
DA:555,5
DA:560,4
DA:561,3
DA:562,3
DA:563,3
DA:564,3
DA:565,1
DA:566,1
DA:567,1
DA:568,1
DA:571,1
DA:572,1
DA:576,1
DA:577,1
DA:578,1
DA:586,7
DA:587,7
DA:589,6
DA:598,5
DA:599,5
DA:600,5
DA:601,5
DA:602,5
DA:603,5
DA:604,5
DA:605,5
DA:606,5
DA:609,1
DA:610,1
DA:611,1
DA:614,1
DA:615,1
DA:616,1
DA:619,1
DA:620,1
DA:621,1
DA:624,1
DA:625,1
DA:626,1
DA:629,1
DA:630,1
DA:631,1
DA:634,1
DA:635,1
DA:636,1
DA:647,8
DA:648,8
DA:649,5
DA:650,6
DA:651,6
DA:652,6
DA:653,6
DA:654,6
DA:655,1
DA:657,6
DA:659,5
DA:662,1
DA:663,2
DA:664,2
DA:665,1
DA:668,1
DA:669,2
DA:670,2
DA:671,1
DA:675,1
DA:676,1
DA:677,1
DA:678,1
DA:679,1
DA:680,1
DA:684,1
DA:685,1
DA:686,1
DA:690,1
DA:700,12
DA:701,12
DA:702,11
DA:703,10
DA:704,10
DA:705,10
DA:706,10
DA:708,10
DA:712,6
DA:713,6
DA:714,6
DA:715,6
DA:718,6
DA:720,2
DA:722,2
DA:725,2
DA:726,2
DA:727,2
DA:730,2
DA:731,1
DA:732,1
DA:733,1
DA:740,10
DA:741,10
DA:742,50
DA:743,50
DA:744,50
DA:746,10
DA:748,5
DA:749,4
DA:751,4
DA:752,4
DA:753,5
DA:754,4
DA:755,5
DA:756,4
DA:757,4
DA:758,4
DA:760,4
DA:761,5
DA:762,4
DA:763,4
DA:764,3
DA:765,1
DA:766,1
DA:768,1
DA:773,10
DA:774,1
DA:775,1
DA:776,1
DA:777,1
DA:778,1
DA:780,1
DA:788,3
DA:789,3
DA:790,1
DA:791,1
DA:795,1
DA:796,1
DA:797,1
DA:798,1
DA:803,2
DA:808,1
DA:810,1
DA:811,1
DA:812,1
DA:815,1
DA:816,1
DA:818,1
DA:819,1
DA:820,1
DA:821,1
DA:822,1
DA:823,1
DA:824,1
DA:826,1
DA:833,7
DA:834,7
DA:835,7
DA:836,7
DA:844,14
DA:845,14
DA:846,14
DA:847,14
DA:848,14
DA:852,1
DA:853,16
DA:854,16
DA:855,16
DA:856,16
DA:857,15
DA:858,15
DA:863,14
DA:864,14
DA:865,13
DA:866,13
DA:867,13
DA:868,13
DA:869,13
DA:871,1
DA:873,1
DA:877,1
DA:878,4
DA:879,4
DA:880,4
DA:881,4
DA:882,4
DA:883,3
DA:884,3
DA:889,2
DA:890,2
DA:891,1
DA:892,1
DA:894,1
DA:895,1
DA:898,1
DA:899,1
DA:904,1
DA:905,3
DA:906,3
DA:907,3
DA:908,3
DA:909,3
DA:910,3
DA:911,3
DA:922,15
DA:923,13
DA:924,13
DA:927,12
DA:928,2
DA:929,1
DA:931,10
DA:932,10
DA:933,10
DA:934,10
DA:936,12
DA:937,10
DA:938,30
DA:940,1
DA:944,1
DA:945,4
DA:946,4
DA:947,3
DA:948,3
DA:949,0
DA:951,3
DA:957,3
DA:958,3
DA:966,2
DA:967,1
DA:968,1
DA:970,1
DA:971,1
DA:972,1
DA:974,1
DA:978,1
DA:979,4
DA:980,4
DA:981,4
DA:982,4
DA:983,3
DA:984,3
DA:985,3
DA:993,2
DA:994,1
DA:995,1
DA:996,1
DA:998,1
DA:999,1
DA:1000,1
DA:1002,1
DA:1006,1
DA:1007,2
DA:1008,2
DA:1009,2
DA:1012,1
DA:1013,1
DA:1014,1
DA:1015,1
DA:1019,1
DA:1020,0
DA:1022,1
DA:1026,1
DA:1027,1
DA:1030,1
DA:1031,1
DA:1033,1
DA:1034,3
DA:1035,3
DA:1038,1
DA:1039,21
DA:1040,21
DA:1050,3
DA:1051,3
DA:1052,3
DA:1053,3
DA:1056,1
DA:1057,2
DA:1061,1
DA:1062,1
DA:1069,8
DA:1070,8
DA:1080,6
DA:1081,5
DA:1082,5
DA:1083,5
DA:1084,5
DA:1085,5
DA:1086,3
DA:1087,3
DA:1088,2
DA:1090,2
DA:1091,2
DA:1092,2
DA:1096,1
DA:1097,2
DA:1101,1
DA:1102,1
DA:1103,1
DA:1105,1
DA:1106,1
DA:1107,0
DA:1109,0
DA:1110,0
DA:1111,0
DA:1112,0
DA:1115,0
DA:1116,0
DA:1120,1
DA:1121,1
DA:1131,73
DA:1132,1
DA:1133,18
DA:1134,8
DA:1135,19
DA:1136,1
DA:1137,38
DA:1138,2
DA:1139,28
DA:1140,2
DA:1141,24
DA:1142,3
DA:1143,15
LF:578
LH:558
BRDA:29,0,0,2
BRDA:29,0,1,16
BRDA:30,1,0,15
BRDA:30,1,1,1
BRDA:33,2,0,0
BRDA:34,3,0,0
BRDA:35,4,0,0
BRDA:43,5,0,1
BRDA:43,5,1,1
BRDA:96,6,0,8
BRDA:96,6,1,4
BRDA:97,7,0,1
BRDA:97,7,1,11
BRDA:98,8,0,3
BRDA:98,8,1,9
BRDA:113,9,0,2
BRDA:113,9,1,17
BRDA:115,10,0,1
BRDA:115,10,1,1
BRDA:137,11,0,2
BRDA:137,11,1,8
BRDA:137,12,0,10
BRDA:137,12,1,9
BRDA:143,13,0,1
BRDA:143,13,1,1
BRDA:166,14,0,1
BRDA:166,14,1,8
BRDA:169,15,0,1
BRDA:169,15,1,7
BRDA:173,16,0,1
BRDA:173,16,1,0
BRDA:178,17,0,8
BRDA:178,17,1,0
BRDA:179,18,0,8
BRDA:179,18,1,0
BRDA:180,19,0,8
BRDA:180,19,1,0
BRDA:196,20,0,1
BRDA:196,20,1,27
BRDA:196,21,0,28
BRDA:196,21,1,1
BRDA:197,22,0,27
BRDA:197,22,1,25
BRDA:213,23,0,1
BRDA:213,23,1,37
BRDA:221,24,0,36
BRDA:221,24,1,0
BRDA:226,25,0,1
BRDA:226,25,1,36
BRDA:234,26,0,1
BRDA:234,26,1,136
BRDA:237,27,0,5
BRDA:237,27,1,132
BRDA:250,28,0,287
BRDA:250,28,1,2
BRDA:260,29,0,148
BRDA:260,29,1,8
BRDA:263,30,0,4
BRDA:263,30,1,4
BRDA:264,31,0,1
BRDA:264,31,1,3
BRDA:265,32,0,1
BRDA:265,32,1,2
BRDA:279,33,0,1
BRDA:279,33,1,8
BRDA:281,34,0,1
BRDA:281,34,1,7
BRDA:290,35,0,0
BRDA:290,35,1,6
BRDA:290,36,0,6
BRDA:290,36,1,6
BRDA:292,37,0,5
BRDA:292,37,1,1
BRDA:292,38,0,6
BRDA:292,38,1,6
BRDA:295,39,0,2
BRDA:295,39,1,3
BRDA:295,40,0,1
BRDA:295,40,1,2
BRDA:295,41,0,1
BRDA:295,41,1,1
BRDA:298,42,0,5
BRDA:298,42,1,0
BRDA:313,43,0,5
BRDA:313,43,1,3
BRDA:314,44,0,5
BRDA:314,44,1,3
BRDA:315,45,0,5
BRDA:315,45,1,3
BRDA:317,46,0,3
BRDA:317,46,1,2
BRDA:317,47,0,5
BRDA:317,47,1,3
BRDA:319,48,0,3
BRDA:319,48,1,1
BRDA:320,49,0,3
BRDA:320,49,1,1
BRDA:321,50,0,3
BRDA:321,50,1,2
BRDA:323,51,0,1
BRDA:323,51,1,1
BRDA:337,52,0,0
BRDA:337,52,1,0
BRDA:337,53,0,0
BRDA:337,53,1,0
BRDA:341,54,0,0
BRDA:341,54,1,0
BRDA:341,55,0,0
BRDA:341,55,1,0
BRDA:341,56,0,0
BRDA:341,56,1,0
BRDA:341,56,2,0
BRDA:347,57,0,0
BRDA:347,57,1,0
BRDA:367,58,0,3
BRDA:367,58,1,1
BRDA:379,59,0,2
BRDA:379,59,1,1
BRDA:379,60,0,3
BRDA:379,60,1,3
BRDA:380,61,0,1
BRDA:380,61,1,1
BRDA:382,62,0,3
BRDA:382,62,1,3
BRDA:384,63,0,2
BRDA:384,63,1,0
BRDA:394,64,0,1
BRDA:394,64,1,1
BRDA:396,65,0,1
BRDA:396,65,1,0
BRDA:410,66,0,2
BRDA:410,66,1,2
BRDA:411,67,0,1
BRDA:411,67,1,1
BRDA:413,68,0,1
BRDA:413,68,1,0
BRDA:414,69,0,1
BRDA:414,69,1,0
BRDA:415,70,0,1
BRDA:415,70,1,0
BRDA:417,71,0,1
BRDA:417,71,1,0
BRDA:423,72,0,1
BRDA:423,72,1,1
BRDA:428,73,0,1
BRDA:428,73,1,0
BRDA:442,74,0,2
BRDA:442,74,1,1
BRDA:465,75,0,3
BRDA:465,75,1,4
BRDA:465,76,0,7
BRDA:465,76,1,5
BRDA:472,77,0,0
BRDA:472,77,1,0
BRDA:474,78,0,1
BRDA:474,78,1,0
BRDA:474,79,0,1
BRDA:474,79,1,1
BRDA:476,80,0,0
BRDA:476,80,1,1
BRDA:484,81,0,1
BRDA:484,81,1,1
BRDA:484,82,0,2
BRDA:484,82,1,2
BRDA:495,83,0,2
BRDA:495,83,1,1
BRDA:496,84,0,2
BRDA:496,84,1,1
BRDA:509,85,0,1
BRDA:509,85,1,14
BRDA:512,86,0,2
BRDA:512,86,1,12
BRDA:513,87,0,2
BRDA:513,87,1,12
BRDA:526,88,0,1
BRDA:526,88,1,11
BRDA:542,89,0,1
BRDA:542,89,1,9
BRDA:560,90,0,3
BRDA:560,90,1,1
BRDA:563,91,0,2
BRDA:563,91,1,1
BRDA:565,92,0,1
BRDA:565,92,1,0
BRDA:587,93,0,1
BRDA:587,93,1,6
BRDA:603,94,0,4
BRDA:603,94,1,1
BRDA:605,95,0,5
BRDA:605,95,1,0
BRDA:648,96,0,3
BRDA:648,96,1,5
BRDA:651,97,0,1
BRDA:651,97,1,5
BRDA:654,98,0,1
BRDA:654,98,1,5
BRDA:654,99,0,6
BRDA:654,99,1,2
BRDA:654,99,2,1
BRDA:664,100,0,1
BRDA:664,100,1,1
BRDA:670,101,0,1
BRDA:670,101,1,1
BRDA:702,102,0,1
BRDA:702,102,1,10
BRDA:704,103,0,10
BRDA:704,103,1,4
BRDA:705,104,0,10
BRDA:705,104,1,4
BRDA:706,105,0,10
BRDA:706,105,1,9
BRDA:708,106,0,6
BRDA:708,106,1,4
BRDA:708,107,0,10
BRDA:708,107,1,4
BRDA:712,108,0,6
BRDA:712,108,1,0
BRDA:713,109,0,6
BRDA:713,109,1,0
BRDA:714,110,0,6
BRDA:714,110,1,5
BRDA:718,111,0,2
BRDA:718,111,1,4
BRDA:718,112,0,6
BRDA:718,112,1,6
BRDA:720,113,0,0
BRDA:720,113,1,2
BRDA:726,114,0,2
BRDA:726,114,1,0
BRDA:726,115,0,2
BRDA:726,115,1,2
BRDA:726,115,2,2
BRDA:744,116,0,5
BRDA:744,116,1,45
BRDA:744,117,0,50
BRDA:744,117,1,45
BRDA:744,118,0,5
BRDA:744,118,1,0
BRDA:744,119,0,5
BRDA:744,119,1,0
BRDA:746,120,0,4
BRDA:746,120,1,6
BRDA:752,121,0,1
BRDA:752,121,1,0
BRDA:753,122,0,1
BRDA:753,122,1,4
BRDA:753,123,0,5
BRDA:753,123,1,5
BRDA:761,124,0,1
BRDA:761,124,1,4
BRDA:764,125,0,1
BRDA:764,125,1,2
BRDA:764,126,0,3
BRDA:764,126,1,3
BRDA:764,126,2,1
BRDA:765,127,0,1
BRDA:765,127,1,0
BRDA:773,128,0,1
BRDA:773,128,1,9
BRDA:773,129,0,10
BRDA:773,129,1,9
BRDA:775,130,0,1
BRDA:775,130,1,0
BRDA:776,131,0,1
BRDA:776,131,1,0
BRDA:778,132,0,1
BRDA:778,132,1,0
BRDA:789,133,0,2
BRDA:789,133,1,1
BRDA:815,134,0,1
BRDA:815,134,1,1
BRDA:816,135,0,1
BRDA:816,135,1,1
BRDA:856,136,0,1
BRDA:856,136,1,15
BRDA:856,137,0,16
BRDA:856,137,1,15
BRDA:864,138,0,13
BRDA:864,138,1,1
BRDA:871,139,0,1
BRDA:871,139,1,0
BRDA:882,140,0,1
BRDA:882,140,1,3
BRDA:882,141,0,4
BRDA:882,141,1,3
BRDA:890,142,0,1
BRDA:890,142,1,1
BRDA:894,143,0,1
BRDA:894,143,1,0
BRDA:922,144,0,2
BRDA:922,144,1,13
BRDA:927,145,0,2
BRDA:927,145,1,10
BRDA:928,146,0,1
BRDA:928,146,1,1
BRDA:932,147,0,10
BRDA:932,147,1,8
BRDA:933,148,0,10
BRDA:933,148,1,8
BRDA:934,149,0,10
BRDA:934,149,1,8
BRDA:936,150,0,10
BRDA:936,150,1,8
BRDA:946,151,0,1
BRDA:946,151,1,3
BRDA:966,152,0,1
BRDA:966,152,1,1
BRDA:971,153,0,1
BRDA:971,153,1,0
BRDA:982,154,0,1
BRDA:982,154,1,3
BRDA:983,155,0,0
BRDA:983,155,1,3
BRDA:993,156,0,1
BRDA:993,156,1,1
BRDA:999,157,0,1
BRDA:999,157,1,0
BRDA:1008,158,0,1
BRDA:1008,158,1,1
BRDA:1014,159,0,1
BRDA:1014,159,1,0
BRDA:1019,160,0,0
BRDA:1019,160,1,1
BRDA:1019,161,0,1
BRDA:1019,161,1,0
BRDA:1039,162,0,21
BRDA:1039,162,1,0
BRDA:1053,163,0,3
BRDA:1053,163,1,0
BRDA:1061,164,0,1
BRDA:1061,164,1,1
BRDA:1070,165,0,8
BRDA:1070,165,1,0
BRDA:1080,166,0,1
BRDA:1080,166,1,5
BRDA:1085,167,0,3
BRDA:1085,167,1,2
BRDA:1087,168,0,2
BRDA:1087,168,1,1
BRDA:1090,169,0,2
BRDA:1090,169,1,0
BRDA:1092,170,0,1
BRDA:1092,170,1,1
BRDA:1102,171,0,1
BRDA:1102,171,1,0
BRDA:1105,172,0,1
BRDA:1105,172,1,0
BRDA:1107,173,0,0
BRDA:1107,173,1,0
BRDA:1120,174,0,1
BRDA:1120,174,1,0
BRDA:1120,175,0,1
BRDA:1120,175,1,1
BRF:353
BRH:289
end_of_record
