TN:
SF:static/js/player.js
FN:21,(anonymous_0)
FN:33,(anonymous_1)
FN:34,(anonymous_2)
FN:35,(anonymous_3)
FN:172,t
FN:177,applyLanguage
FN:181,(anonymous_6)
FN:234,showPlayIcon
FN:248,fetchItunesCached
FN:273,fetchArtwork
FN:303,updateTrack
FN:334,pushHistory
FN:351,renderHistory
FN:370,(anonymous_13)
FN:388,escHtml
FN:397,getFilteredHistory
FN:398,(anonymous_16)
FN:416,parseID3Frames
FN:451,handleMetadataFields
FN:473,setupMetadataTextTracks
FN:474,onCueChange
FN:485,attachTrack
FN:492,(anonymous_22)
FN:505,initHls
FN:512,(anonymous_24)
FN:520,(anonymous_25)
FN:532,(anonymous_26)
FN:534,(anonymous_27)
FN:543,(anonymous_28)
FN:548,(anonymous_29)
FN:561,(anonymous_30)
FN:580,togglePlay
FN:586,(anonymous_32)
FN:603,formatTime
FN:610,(anonymous_34)
FN:611,(anonymous_35)
FN:612,(anonymous_36)
FN:621,(anonymous_37)
FN:631,(anonymous_38)
FN:645,fetchTrackRatings
FN:662,checkIfRated
FN:676,updateRatingUI
FN:697,submitRating
FN:721,(anonymous_43)
FN:722,(anonymous_44)
FN:730,getArtworkUrl
FN:742,getShareText
FN:754,(anonymous_47)
FN:759,(anonymous_48)
FN:764,(anonymous_49)
FN:769,(anonymous_50)
FN:774,(anonymous_51)
FN:779,(anonymous_52)
FN:791,getRecentlyPlayedText
FN:794,(anonymous_54)
FN:807,(anonymous_55)
FN:813,(anonymous_56)
FN:820,(anonymous_57)
FN:821,(anonymous_58)
FN:822,(anonymous_59)
FN:829,(anonymous_60)
FN:844,fetchMetadata
FN:875,(anonymous_62)
FN:893,(anonymous_63)
FN:894,(anonymous_64)
FN:897,(anonymous_65)
FN:898,(anonymous_66)
FN:900,(anonymous_67)
FN:901,(anonymous_68)
FN:905,(anonymous_69)
FN:932,triggerMetadataFetch
FN:948,openDrawer
FN:953,closeDrawer
FN:977,showAuthView
FN:988,showProfileView
FN:997,(anonymous_75)
FN:1022,(anonymous_76)
FN:1049,(anonymous_77)
FN:1052,(anonymous_78)
FN:1070,loadProfile
FN:1085,(anonymous_80)
FN:1086,(anonymous_81)
FN:1093,(anonymous_82)
FN:1097,(anonymous_83)
FN:1127,(anonymous_84)
FN:1155,(anonymous_85)
FN:1161,(anonymous_86)
FN:1182,(anonymous_87)
FN:1187,(anonymous_88)
FN:1198,applyTheme
FN:1205,(anonymous_90)
FN:1206,(anonymous_91)
FN:1217,updateStreamQualityDisplay
FN:1228,applyStreamQuality
FN:1237,(anonymous_94)
FN:1245,(anonymous_95)
FN:1246,(anonymous_96)
FN:1255,(anonymous_97)
FN:1256,(anonymous_98)
FN:1265,(anonymous_99)
FN:1284,playMechanicalClick
FN:1314,(anonymous_101)
FN:1324,markdownToHtml
FN:1344,(anonymous_103)
FN:1345,(anonymous_104)
FN:1346,(anonymous_105)
FN:1348,(anonymous_106)
FN:1350,(anonymous_107)
FN:1377,_buildShareText
FN:1392,buildInfoShareRow
FN:1414,wireInfoShareButtons
FN:1419,(anonymous_111)
FN:1421,(anonymous_112)
FN:1439,handleRetroButton
FN:1453,(anonymous_114)
FN:1499,(anonymous_115)
FN:1500,(anonymous_116)
FN:1511,(anonymous_117)
FN:1521,startQuiz
FN:1540,(anonymous_119)
FN:1541,(anonymous_120)
FN:1550,(anonymous_121)
FN:1555,renderQuizQuestion
FN:1565,(anonymous_123)
FN:1570,(anonymous_124)
FN:1584,(anonymous_125)
FN:1586,(anonymous_126)
FN:1590,submitQuizAnswer
FN:1618,(anonymous_128)
FN:1619,(anonymous_129)
FN:1633,(anonymous_130)
FN:1641,renderQuizSummary
FN:1676,(anonymous_132)
FN:1677,(anonymous_133)
FN:1692,(anonymous_134)
FN:1693,(anonymous_135)
FN:1694,(anonymous_136)
FN:1695,(anonymous_137)
FN:1696,(anonymous_138)
FN:1697,(anonymous_139)
FN:1698,(anonymous_140)
FN:1699,(anonymous_141)
FN:1700,(anonymous_142)
FN:1701,(anonymous_143)
FN:1702,(anonymous_144)
FN:1703,(anonymous_145)
FN:1704,(anonymous_146)
FNF:147
FNH:101
FNDA:18,(anonymous_0)
FNDA:1,(anonymous_1)
FNDA:15,(anonymous_2)
FNDA:2,(anonymous_3)
FNDA:37,t
FNDA:1,applyLanguage
FNDA:0,(anonymous_6)
FNDA:12,showPlayIcon
FNDA:19,fetchItunesCached
FNDA:12,fetchArtwork
FNDA:9,updateTrack
FNDA:28,pushHistory
FNDA:39,renderHistory
FNDA:137,(anonymous_13)
FNDA:301,escHtml
FNDA:52,getFilteredHistory
FNDA:538,(anonymous_16)
FNDA:9,parseID3Frames
FNDA:5,handleMetadataFields
FNDA:1,setupMetadataTextTracks
FNDA:0,onCueChange
FNDA:0,attachTrack
FNDA:0,(anonymous_22)
FNDA:4,initHls
FNDA:3,(anonymous_24)
FNDA:3,(anonymous_25)
FNDA:2,(anonymous_26)
FNDA:1,(anonymous_27)
FNDA:1,(anonymous_28)
FNDA:2,(anonymous_29)
FNDA:2,(anonymous_30)
FNDA:3,togglePlay
FNDA:1,(anonymous_32)
FNDA:7,formatTime
FNDA:0,(anonymous_34)
FNDA:0,(anonymous_35)
FNDA:1,(anonymous_36)
FNDA:2,(anonymous_37)
FNDA:3,(anonymous_38)
FNDA:17,fetchTrackRatings
FNDA:14,checkIfRated
FNDA:10,updateRatingUI
FNDA:5,submitRating
FNDA:0,(anonymous_43)
FNDA:0,(anonymous_44)
FNDA:7,getArtworkUrl
FNDA:5,getShareText
FNDA:1,(anonymous_47)
FNDA:1,(anonymous_48)
FNDA:1,(anonymous_49)
FNDA:1,(anonymous_50)
FNDA:1,(anonymous_51)
FNDA:1,(anonymous_52)
FNDA:8,getRecentlyPlayedText
FNDA:6,(anonymous_54)
FNDA:2,(anonymous_55)
FNDA:2,(anonymous_56)
FNDA:1,(anonymous_57)
FNDA:1,(anonymous_58)
FNDA:1,(anonymous_59)
FNDA:1,(anonymous_60)
FNDA:12,fetchMetadata
FNDA:1,(anonymous_62)
FNDA:5,(anonymous_63)
FNDA:1,(anonymous_64)
FNDA:1,(anonymous_65)
FNDA:5,(anonymous_66)
FNDA:5,(anonymous_67)
FNDA:0,(anonymous_68)
FNDA:5,(anonymous_69)
FNDA:3,triggerMetadataFetch
FNDA:2,openDrawer
FNDA:1,closeDrawer
FNDA:7,showAuthView
FNDA:14,showProfileView
FNDA:16,(anonymous_75)
FNDA:4,(anonymous_76)
FNDA:3,(anonymous_77)
FNDA:0,(anonymous_78)
FNDA:15,loadProfile
FNDA:12,(anonymous_80)
FNDA:30,(anonymous_81)
FNDA:4,(anonymous_82)
FNDA:0,(anonymous_83)
FNDA:4,(anonymous_84)
FNDA:2,(anonymous_85)
FNDA:1,(anonymous_86)
FNDA:3,(anonymous_87)
FNDA:21,(anonymous_88)
FNDA:3,applyTheme
FNDA:2,(anonymous_90)
FNDA:0,(anonymous_91)
FNDA:9,updateStreamQualityDisplay
FNDA:6,applyStreamQuality
FNDA:1,(anonymous_94)
FNDA:2,(anonymous_95)
FNDA:0,(anonymous_96)
FNDA:0,(anonymous_97)
FNDA:0,(anonymous_98)
FNDA:0,(anonymous_99)
FNDA:0,playMechanicalClick
FNDA:0,(anonymous_101)
FNDA:17,markdownToHtml
FNDA:0,(anonymous_103)
FNDA:0,(anonymous_104)
FNDA:0,(anonymous_105)
FNDA:0,(anonymous_106)
FNDA:0,(anonymous_107)
FNDA:2,_buildShareText
FNDA:5,buildInfoShareRow
FNDA:0,wireInfoShareButtons
FNDA:0,(anonymous_111)
FNDA:0,(anonymous_112)
FNDA:0,handleRetroButton
FNDA:0,(anonymous_114)
FNDA:0,(anonymous_115)
FNDA:0,(anonymous_116)
FNDA:0,(anonymous_117)
FNDA:0,startQuiz
FNDA:0,(anonymous_119)
FNDA:0,(anonymous_120)
FNDA:0,(anonymous_121)
FNDA:0,renderQuizQuestion
FNDA:0,(anonymous_123)
FNDA:0,(anonymous_124)
FNDA:0,(anonymous_125)
FNDA:0,(anonymous_126)
FNDA:0,submitQuizAnswer
FNDA:0,(anonymous_128)
FNDA:0,(anonymous_129)
FNDA:0,(anonymous_130)
FNDA:0,renderQuizSummary
FNDA:7,(anonymous_132)
FNDA:0,(anonymous_133)
FNDA:73,(anonymous_134)
FNDA:1,(anonymous_135)
FNDA:18,(anonymous_136)
FNDA:8,(anonymous_137)
FNDA:19,(anonymous_138)
FNDA:1,(anonymous_139)
FNDA:38,(anonymous_140)
FNDA:2,(anonymous_141)
FNDA:28,(anonymous_142)
FNDA:2,(anonymous_143)
FNDA:24,(anonymous_144)
FNDA:3,(anonymous_145)
FNDA:15,(anonymous_146)
DA:20,1
DA:22,18
DA:29,18
DA:30,16
DA:31,1
DA:33,1
DA:34,15
DA:35,2
DA:38,1
DA:39,1
DA:43,1
DA:44,1
DA:45,1
DA:46,1
DA:47,1
DA:48,1
DA:49,1
DA:50,1
DA:51,1
DA:52,1
DA:53,1
DA:56,1
DA:168,1
DA:170,1
DA:173,37
DA:178,1
DA:179,1
DA:181,1
DA:182,0
DA:183,0
DA:184,0
DA:187,1
DA:188,1
DA:190,1
DA:191,1
DA:195,1
DA:196,1
DA:197,1
DA:198,1
DA:199,1
DA:200,1
DA:201,1
DA:202,1
DA:203,1
DA:204,1
DA:205,1
DA:206,1
DA:207,1
DA:208,1
DA:209,1
DA:211,1
DA:212,1
DA:213,1
DA:214,1
DA:215,1
DA:218,1
DA:219,1
DA:220,1
DA:221,1
DA:222,1
DA:223,1
DA:224,1
DA:225,1
DA:226,1
DA:227,1
DA:235,12
DA:236,12
DA:237,12
DA:241,1
DA:249,19
DA:250,19
DA:251,19
DA:252,19
DA:253,2
DA:254,2
DA:257,18
DA:258,15
DA:259,15
DA:260,15
DA:274,12
DA:275,12
DA:276,10
DA:277,2
DA:279,2
DA:280,2
DA:282,2
DA:284,8
DA:285,8
DA:288,2
DA:289,2
DA:290,2
DA:304,9
DA:305,9
DA:308,8
DA:309,1
DA:310,1
DA:311,1
DA:312,1
DA:315,8
DA:316,8
DA:317,8
DA:318,8
DA:319,8
DA:321,8
DA:324,8
DA:335,28
DA:336,27
DA:337,27
DA:338,27
DA:341,1
DA:342,1
DA:343,1
DA:352,39
DA:353,2
DA:354,2
DA:358,37
DA:359,37
DA:360,36
DA:361,1
DA:363,37
DA:365,37
DA:366,1
DA:367,1
DA:370,36
DA:371,137
DA:372,137
DA:373,137
DA:376,137
DA:379,137
DA:389,301
DA:398,52
DA:399,538
DA:400,8
DA:401,8
DA:402,8
DA:403,4
DA:404,3
DA:405,2
DA:417,9
DA:418,9
DA:419,8
DA:420,8
DA:422,7
DA:423,7
DA:424,7
DA:426,7
DA:427,6
DA:428,6
DA:429,6
DA:431,6
DA:432,5
DA:433,5
DA:434,5
DA:435,5
DA:436,5
DA:437,5
DA:439,6
DA:441,7
DA:452,5
DA:453,5
DA:454,5
DA:456,5
DA:457,3
DA:462,2
DA:463,1
DA:475,0
DA:476,0
DA:477,0
DA:478,0
DA:479,0
DA:480,0
DA:482,0
DA:486,0
DA:487,0
DA:488,0
DA:492,1
DA:493,1
DA:494,0
DA:506,4
DA:508,4
DA:509,4
DA:510,4
DA:512,4
DA:513,3
DA:514,3
DA:515,3
DA:518,3
DA:519,2
DA:520,2
DA:521,3
DA:523,2
DA:524,2
DA:525,2
DA:526,2
DA:532,4
DA:533,2
DA:534,1
DA:535,1
DA:536,1
DA:537,1
DA:543,4
DA:544,1
DA:548,4
DA:549,2
DA:550,2
DA:551,1
DA:552,1
DA:553,1
DA:554,1
DA:555,1
DA:556,1
DA:561,4
DA:562,2
DA:563,1
DA:564,1
DA:565,1
DA:566,1
DA:567,1
DA:568,1
DA:581,3
DA:582,2
DA:583,2
DA:584,2
DA:585,2
DA:586,2
DA:587,1
DA:588,1
DA:591,1
DA:592,1
DA:593,1
DA:604,7
DA:605,4
DA:606,4
DA:607,4
DA:610,1
DA:611,1
DA:612,1
DA:613,1
DA:614,1
DA:615,1
DA:616,1
DA:621,1
DA:622,2
DA:623,2
DA:624,1
DA:625,1
DA:626,1
DA:627,1
DA:631,1
DA:632,3
DA:633,3
DA:634,3
DA:635,3
DA:646,17
DA:647,17
DA:648,15
DA:649,14
DA:650,14
DA:651,14
DA:652,14
DA:653,2
DA:663,14
DA:664,14
DA:665,12
DA:666,11
DA:667,11
DA:668,2
DA:679,10
DA:680,10
DA:681,10
DA:683,10
DA:684,10
DA:685,10
DA:686,10
DA:687,10
DA:688,10
DA:698,5
DA:699,5
DA:700,5
DA:705,4
DA:706,3
DA:707,3
DA:708,3
DA:709,3
DA:710,1
DA:711,1
DA:712,1
DA:713,1
DA:716,1
DA:717,1
DA:721,1
DA:722,1
DA:723,1
DA:731,7
DA:732,7
DA:734,6
DA:743,5
DA:744,5
DA:745,5
DA:746,5
DA:747,5
DA:748,5
DA:749,5
DA:750,5
DA:751,5
DA:754,1
DA:755,1
DA:756,1
DA:759,1
DA:760,1
DA:761,1
DA:764,1
DA:765,1
DA:766,1
DA:769,1
DA:770,1
DA:771,1
DA:774,1
DA:775,1
DA:776,1
DA:779,1
DA:780,1
DA:781,1
DA:792,8
DA:793,8
DA:794,5
DA:795,6
DA:796,6
DA:797,6
DA:798,6
DA:799,6
DA:800,1
DA:802,6
DA:804,5
DA:807,1
DA:808,2
DA:809,2
DA:810,1
DA:813,1
DA:814,2
DA:815,2
DA:816,1
DA:820,1
DA:821,1
DA:822,1
DA:823,1
DA:824,1
DA:825,1
DA:829,1
DA:830,1
DA:831,1
DA:835,1
DA:845,12
DA:846,12
DA:847,11
DA:848,10
DA:849,10
DA:850,10
DA:851,10
DA:853,10
DA:857,6
DA:858,6
DA:859,6
DA:860,6
DA:863,6
DA:865,2
DA:867,2
DA:870,2
DA:871,2
DA:872,2
DA:875,2
DA:876,1
DA:877,1
DA:878,1
DA:885,10
DA:886,10
DA:887,50
DA:888,50
DA:889,50
DA:891,10
DA:893,5
DA:894,4
DA:896,4
DA:897,4
DA:898,5
DA:899,4
DA:900,5
DA:901,4
DA:902,4
DA:903,4
DA:905,4
DA:906,5
DA:907,4
DA:908,4
DA:909,3
DA:910,1
DA:911,1
DA:913,1
DA:918,10
DA:919,1
DA:920,1
DA:921,1
DA:922,1
DA:923,1
DA:925,1
DA:933,3
DA:934,3
DA:935,1
DA:936,1
DA:940,1
DA:941,1
DA:942,1
DA:943,1
DA:948,2
DA:953,1
DA:955,1
DA:956,1
DA:957,1
DA:960,1
DA:961,1
DA:963,1
DA:964,1
DA:965,1
DA:966,1
DA:967,1
DA:968,1
DA:969,1
DA:971,1
DA:978,7
DA:979,7
DA:980,7
DA:981,7
DA:989,14
DA:990,14
DA:991,14
DA:992,14
DA:993,14
DA:997,1
DA:998,16
DA:999,16
DA:1000,16
DA:1001,16
DA:1002,15
DA:1003,15
DA:1008,14
DA:1009,14
DA:1010,13
DA:1011,13
DA:1012,13
DA:1013,13
DA:1014,13
DA:1016,1
DA:1018,1
DA:1022,1
DA:1023,4
DA:1024,4
DA:1025,4
DA:1026,4
DA:1027,4
DA:1028,3
DA:1029,3
DA:1034,2
DA:1035,2
DA:1036,1
DA:1037,1
DA:1039,1
DA:1040,1
DA:1043,1
DA:1044,1
DA:1049,1
DA:1050,3
DA:1051,2
DA:1052,0
DA:1054,3
DA:1055,3
DA:1056,3
DA:1057,3
DA:1058,3
DA:1059,3
DA:1060,3
DA:1071,15
DA:1072,13
DA:1073,13
DA:1076,12
DA:1077,2
DA:1078,1
DA:1080,10
DA:1081,10
DA:1082,10
DA:1083,10
DA:1085,12
DA:1086,10
DA:1087,30
DA:1089,1
DA:1093,1
DA:1094,4
DA:1095,4
DA:1096,3
DA:1097,3
DA:1098,0
DA:1100,3
DA:1106,3
DA:1107,3
DA:1115,2
DA:1116,1
DA:1117,1
DA:1119,1
DA:1120,1
DA:1121,1
DA:1123,1
DA:1127,1
DA:1128,4
DA:1129,4
DA:1130,4
DA:1131,4
DA:1132,3
DA:1133,3
DA:1134,3
DA:1142,2
DA:1143,1
DA:1144,1
DA:1145,1
DA:1147,1
DA:1148,1
DA:1149,1
DA:1151,1
DA:1155,1
DA:1156,2
DA:1157,2
DA:1158,2
DA:1161,1
DA:1162,1
DA:1163,1
DA:1164,1
DA:1168,1
DA:1169,0
DA:1171,1
DA:1175,1
DA:1176,1
DA:1179,1
DA:1180,1
DA:1182,1
DA:1183,3
DA:1184,3
DA:1187,1
DA:1188,21
DA:1189,21
DA:1199,3
DA:1200,3
DA:1201,3
DA:1202,3
DA:1205,1
DA:1206,2
DA:1210,1
DA:1211,1
DA:1218,9
DA:1219,9
DA:1229,6
DA:1230,5
DA:1231,5
DA:1232,5
DA:1233,5
DA:1234,5
DA:1235,3
DA:1236,3
DA:1237,2
DA:1239,2
DA:1240,2
DA:1241,2
DA:1245,1
DA:1246,2
DA:1250,1
DA:1251,1
DA:1252,1
DA:1255,1
DA:1256,0
DA:1258,1
DA:1260,1
DA:1261,1
DA:1262,0
DA:1264,0
DA:1265,0
DA:1266,0
DA:1267,0
DA:1270,0
DA:1271,0
DA:1275,1
DA:1276,1
DA:1277,1
DA:1278,1
DA:1285,0
DA:1286,0
DA:1288,0
DA:1289,0
DA:1290,0
DA:1291,0
DA:1293,0
DA:1296,0
DA:1297,0
DA:1300,0
DA:1301,0
DA:1302,0
DA:1303,0
DA:1305,0
DA:1306,0
DA:1308,0
DA:1309,0
DA:1310,0
DA:1311,0
DA:1314,0
DA:1325,17
DA:1326,14
DA:1329,14
DA:1331,14
DA:1333,14
DA:1334,14
DA:1335,14
DA:1336,14
DA:1337,14
DA:1338,14
DA:1340,14
DA:1341,14
DA:1342,14
DA:1344,14
DA:1345,0
DA:1346,0
DA:1347,0
DA:1348,0
DA:1350,14
DA:1351,0
DA:1352,0
DA:1355,14
DA:1356,14
DA:1357,14
DA:1359,14
DA:1361,14
DA:1362,14
DA:1363,14
DA:1365,14
DA:1367,14
DA:1375,1
DA:1378,2
DA:1379,2
DA:1386,2
DA:1387,2
DA:1388,2
DA:1389,2
DA:1393,5
DA:1394,5
DA:1396,5
DA:1415,0
DA:1416,0
DA:1418,0
DA:1419,0
DA:1420,0
DA:1421,0
DA:1422,0
DA:1423,0
DA:1424,0
DA:1429,0
DA:1430,0
DA:1440,0
DA:1441,0
DA:1444,0
DA:1445,0
DA:1446,0
DA:1447,0
DA:1448,0
DA:1449,0
DA:1453,0
DA:1454,0
DA:1455,0
DA:1459,0
DA:1460,0
DA:1461,0
DA:1464,0
DA:1465,0
DA:1466,0
DA:1470,0
DA:1471,0
DA:1472,0
DA:1473,0
DA:1474,0
DA:1476,0
DA:1477,0
DA:1478,0
DA:1479,0
DA:1483,0
DA:1484,0
DA:1487,0
DA:1499,0
DA:1501,0
DA:1502,0
DA:1503,0
DA:1505,0
DA:1507,0
DA:1512,0
DA:1513,0
DA:1514,0
DA:1519,1
DA:1522,0
DA:1523,0
DA:1524,0
DA:1526,0
DA:1527,0
DA:1528,0
DA:1529,0
DA:1532,0
DA:1533,0
DA:1535,0
DA:1540,0
DA:1542,0
DA:1543,0
DA:1545,0
DA:1547,0
DA:1548,0
DA:1551,0
DA:1556,0
DA:1557,0
DA:1558,0
DA:1560,0
DA:1562,0
DA:1563,0
DA:1564,0
DA:1565,0
DA:1566,0
DA:1567,0
DA:1570,0
DA:1571,0
DA:1572,0
DA:1573,0
DA:1575,0
DA:1578,0
DA:1579,0
DA:1582,0
DA:1583,0
DA:1584,0
DA:1585,0
DA:1586,0
DA:1587,0
DA:1591,0
DA:1592,0
DA:1595,0
DA:1596,0
DA:1597,0
DA:1598,0
DA:1601,0
DA:1602,0
DA:1603,0
DA:1604,0
DA:1605,0
DA:1608,0
DA:1618,0
DA:1620,0
DA:1621,0
DA:1623,0
DA:1624,0
DA:1625,0
DA:1627,0
DA:1628,0
DA:1630,0
DA:1634,0
DA:1635,0
DA:1636,0
DA:1637,0
DA:1642,0
DA:1643,0
DA:1644,0
DA:1646,0
DA:1647,0
DA:1648,0
DA:1649,0
DA:1650,0
DA:1652,0
DA:1653,0
DA:1654,0
DA:1655,0
DA:1656,0
DA:1657,0
DA:1658,0
DA:1660,0
DA:1661,0
DA:1664,0
DA:1665,0
DA:1666,0
DA:1667,0
DA:1669,0
DA:1670,0
DA:1672,0
DA:1673,0
DA:1676,1
DA:1677,7
DA:1681,1
DA:1682,1
DA:1692,73
DA:1693,1
DA:1694,18
DA:1695,8
DA:1696,19
DA:1697,1
DA:1698,38
DA:1699,2
DA:1700,28
DA:1701,2
DA:1702,24
DA:1703,3
DA:1704,15
LF:807
LH:617
BRDA:29,0,0,2
BRDA:29,0,1,16
BRDA:30,1,0,15
BRDA:30,1,1,1
BRDA:33,2,0,0
BRDA:34,3,0,0
BRDA:35,4,0,0
BRDA:43,5,0,1
BRDA:43,5,1,1
BRDA:170,6,0,1
BRDA:170,6,1,1
BRDA:173,7,0,37
BRDA:173,7,1,0
BRDA:173,7,2,0
BRDA:173,8,0,37
BRDA:173,8,1,0
BRDA:184,9,0,0
BRDA:184,9,1,0
BRDA:188,10,0,0
BRDA:188,10,1,1
BRDA:190,11,0,1
BRDA:190,11,1,0
BRDA:191,12,0,1
BRDA:191,12,1,0
BRDA:235,13,0,8
BRDA:235,13,1,4
BRDA:236,14,0,1
BRDA:236,14,1,11
BRDA:237,15,0,3
BRDA:237,15,1,9
BRDA:252,16,0,2
BRDA:252,16,1,17
BRDA:254,17,0,1
BRDA:254,17,1,1
BRDA:276,18,0,2
BRDA:276,18,1,8
BRDA:276,19,0,10
BRDA:276,19,1,9
BRDA:282,20,0,1
BRDA:282,20,1,1
BRDA:305,21,0,1
BRDA:305,21,1,8
BRDA:308,22,0,1
BRDA:308,22,1,7
BRDA:312,23,0,1
BRDA:312,23,1,0
BRDA:317,24,0,8
BRDA:317,24,1,0
BRDA:318,25,0,8
BRDA:318,25,1,0
BRDA:319,26,0,8
BRDA:319,26,1,0
BRDA:335,27,0,1
BRDA:335,27,1,27
BRDA:335,28,0,28
BRDA:335,28,1,1
BRDA:336,29,0,27
BRDA:336,29,1,25
BRDA:352,30,0,2
BRDA:352,30,1,37
BRDA:360,31,0,36
BRDA:360,31,1,0
BRDA:365,32,0,1
BRDA:365,32,1,36
BRDA:373,33,0,1
BRDA:373,33,1,136
BRDA:376,34,0,5
BRDA:376,34,1,132
BRDA:389,35,0,301
BRDA:389,35,1,2
BRDA:399,36,0,530
BRDA:399,36,1,8
BRDA:402,37,0,4
BRDA:402,37,1,4
BRDA:403,38,0,1
BRDA:403,38,1,3
BRDA:404,39,0,1
BRDA:404,39,1,2
BRDA:418,40,0,1
BRDA:418,40,1,8
BRDA:420,41,0,1
BRDA:420,41,1,7
BRDA:429,42,0,0
BRDA:429,42,1,6
BRDA:429,43,0,6
BRDA:429,43,1,6
BRDA:431,44,0,5
BRDA:431,44,1,1
BRDA:431,45,0,6
BRDA:431,45,1,6
BRDA:434,46,0,2
BRDA:434,46,1,3
BRDA:434,47,0,1
BRDA:434,47,1,2
BRDA:434,48,0,1
BRDA:434,48,1,1
BRDA:437,49,0,5
BRDA:437,49,1,0
BRDA:452,50,0,5
BRDA:452,50,1,3
BRDA:453,51,0,5
BRDA:453,51,1,3
BRDA:454,52,0,5
BRDA:454,52,1,3
BRDA:456,53,0,3
BRDA:456,53,1,2
BRDA:456,54,0,5
BRDA:456,54,1,3
BRDA:458,55,0,3
BRDA:458,55,1,1
BRDA:459,56,0,3
BRDA:459,56,1,1
BRDA:460,57,0,3
BRDA:460,57,1,2
BRDA:462,58,0,1
BRDA:462,58,1,1
BRDA:476,59,0,0
BRDA:476,59,1,0
BRDA:476,60,0,0
BRDA:476,60,1,0
BRDA:480,61,0,0
BRDA:480,61,1,0
BRDA:480,62,0,0
BRDA:480,62,1,0
BRDA:480,63,0,0
BRDA:480,63,1,0
BRDA:480,63,2,0
BRDA:486,64,0,0
BRDA:486,64,1,0
BRDA:506,65,0,3
BRDA:506,65,1,1
BRDA:518,66,0,2
BRDA:518,66,1,1
BRDA:518,67,0,3
BRDA:518,67,1,3
BRDA:519,68,0,1
BRDA:519,68,1,1
BRDA:521,69,0,3
BRDA:521,69,1,3
BRDA:523,70,0,2
BRDA:523,70,1,0
BRDA:533,71,0,1
BRDA:533,71,1,1
BRDA:535,72,0,1
BRDA:535,72,1,0
BRDA:549,73,0,2
BRDA:549,73,1,2
BRDA:550,74,0,1
BRDA:550,74,1,1
BRDA:552,75,0,1
BRDA:552,75,1,0
BRDA:553,76,0,1
BRDA:553,76,1,0
BRDA:554,77,0,1
BRDA:554,77,1,0
BRDA:556,78,0,1
BRDA:556,78,1,0
BRDA:562,79,0,1
BRDA:562,79,1,1
BRDA:567,80,0,1
BRDA:567,80,1,0
BRDA:581,81,0,2
BRDA:581,81,1,1
BRDA:604,82,0,3
BRDA:604,82,1,4
BRDA:604,83,0,7
BRDA:604,83,1,5
BRDA:611,84,0,0
BRDA:611,84,1,0
BRDA:613,85,0,1
BRDA:613,85,1,0
BRDA:613,86,0,1
BRDA:613,86,1,1
BRDA:615,87,0,0
BRDA:615,87,1,1
BRDA:623,88,0,1
BRDA:623,88,1,1
BRDA:623,89,0,2
BRDA:623,89,1,2
BRDA:634,90,0,2
BRDA:634,90,1,1
BRDA:635,91,0,2
BRDA:635,91,1,1
BRDA:648,92,0,1
BRDA:648,92,1,14
BRDA:651,93,0,2
BRDA:651,93,1,12
BRDA:652,94,0,2
BRDA:652,94,1,12
BRDA:665,95,0,1
BRDA:665,95,1,11
BRDA:687,96,0,1
BRDA:687,96,1,9
BRDA:705,97,0,3
BRDA:705,97,1,1
BRDA:708,98,0,2
BRDA:708,98,1,1
BRDA:710,99,0,1
BRDA:710,99,1,0
BRDA:732,100,0,1
BRDA:732,100,1,6
BRDA:748,101,0,4
BRDA:748,101,1,1
BRDA:750,102,0,5
BRDA:750,102,1,0
BRDA:793,103,0,3
BRDA:793,103,1,5
BRDA:796,104,0,1
BRDA:796,104,1,5
BRDA:799,105,0,1
BRDA:799,105,1,5
BRDA:799,106,0,6
BRDA:799,106,1,2
BRDA:799,106,2,1
BRDA:809,107,0,1
BRDA:809,107,1,1
BRDA:815,108,0,1
BRDA:815,108,1,1
BRDA:847,109,0,1
BRDA:847,109,1,10
BRDA:849,110,0,10
BRDA:849,110,1,4
BRDA:850,111,0,10
BRDA:850,111,1,4
BRDA:851,112,0,10
BRDA:851,112,1,9
BRDA:853,113,0,6
BRDA:853,113,1,4
BRDA:853,114,0,10
BRDA:853,114,1,4
BRDA:857,115,0,6
BRDA:857,115,1,0
BRDA:858,116,0,6
BRDA:858,116,1,0
BRDA:859,117,0,6
BRDA:859,117,1,5
BRDA:863,118,0,2
BRDA:863,118,1,4
BRDA:863,119,0,6
BRDA:863,119,1,6
BRDA:865,120,0,0
BRDA:865,120,1,2
BRDA:871,121,0,2
BRDA:871,121,1,0
BRDA:871,122,0,2
BRDA:871,122,1,2
BRDA:871,122,2,2
BRDA:889,123,0,5
BRDA:889,123,1,45
BRDA:889,124,0,50
BRDA:889,124,1,45
BRDA:889,125,0,5
BRDA:889,125,1,0
BRDA:889,126,0,5
BRDA:889,126,1,0
BRDA:891,127,0,4
BRDA:891,127,1,6
BRDA:897,128,0,1
BRDA:897,128,1,0
BRDA:898,129,0,1
BRDA:898,129,1,4
BRDA:898,130,0,5
BRDA:898,130,1,5
BRDA:906,131,0,1
BRDA:906,131,1,4
BRDA:909,132,0,1
BRDA:909,132,1,2
BRDA:909,133,0,3
BRDA:909,133,1,3
BRDA:909,133,2,1
BRDA:910,134,0,1
BRDA:910,134,1,0
BRDA:918,135,0,1
BRDA:918,135,1,9
BRDA:918,136,0,10
BRDA:918,136,1,9
BRDA:920,137,0,1
BRDA:920,137,1,0
BRDA:921,138,0,1
BRDA:921,138,1,0
BRDA:923,139,0,1
BRDA:923,139,1,0
BRDA:934,140,0,2
BRDA:934,140,1,1
BRDA:960,141,0,1
BRDA:960,141,1,1
BRDA:961,142,0,1
BRDA:961,142,1,1
BRDA:1001,143,0,1
BRDA:1001,143,1,15
BRDA:1001,144,0,16
BRDA:1001,144,1,15
BRDA:1009,145,0,13
BRDA:1009,145,1,1
BRDA:1016,146,0,1
BRDA:1016,146,1,0
BRDA:1027,147,0,1
BRDA:1027,147,1,3
BRDA:1027,148,0,4
BRDA:1027,148,1,3
BRDA:1035,149,0,1
BRDA:1035,149,1,1
BRDA:1039,150,0,1
BRDA:1039,150,1,0
BRDA:1050,151,0,2
BRDA:1050,151,1,1
BRDA:1071,152,0,2
BRDA:1071,152,1,13
BRDA:1076,153,0,2
BRDA:1076,153,1,10
BRDA:1077,154,0,1
BRDA:1077,154,1,1
BRDA:1081,155,0,10
BRDA:1081,155,1,8
BRDA:1082,156,0,10
BRDA:1082,156,1,8
BRDA:1083,157,0,10
BRDA:1083,157,1,8
BRDA:1085,158,0,10
BRDA:1085,158,1,8
BRDA:1095,159,0,1
BRDA:1095,159,1,3
BRDA:1115,160,0,1
BRDA:1115,160,1,1
BRDA:1120,161,0,1
BRDA:1120,161,1,0
BRDA:1131,162,0,1
BRDA:1131,162,1,3
BRDA:1132,163,0,0
BRDA:1132,163,1,3
BRDA:1142,164,0,1
BRDA:1142,164,1,1
BRDA:1148,165,0,1
BRDA:1148,165,1,0
BRDA:1157,166,0,1
BRDA:1157,166,1,1
BRDA:1163,167,0,1
BRDA:1163,167,1,0
BRDA:1168,168,0,0
BRDA:1168,168,1,1
BRDA:1168,169,0,1
BRDA:1168,169,1,0
BRDA:1188,170,0,21
BRDA:1188,170,1,0
BRDA:1202,171,0,3
BRDA:1202,171,1,0
BRDA:1210,172,0,1
BRDA:1210,172,1,1
BRDA:1219,173,0,9
BRDA:1219,173,1,0
BRDA:1229,174,0,1
BRDA:1229,174,1,5
BRDA:1234,175,0,3
BRDA:1234,175,1,2
BRDA:1236,176,0,2
BRDA:1236,176,1,1
BRDA:1239,177,0,2
BRDA:1239,177,1,0
BRDA:1241,178,0,1
BRDA:1241,178,1,1
BRDA:1251,179,0,1
BRDA:1251,179,1,0
BRDA:1260,180,0,1
BRDA:1260,180,1,0
BRDA:1262,181,0,0
BRDA:1262,181,1,0
BRDA:1286,182,0,0
BRDA:1286,182,1,0
BRDA:1325,183,0,3
BRDA:1325,183,1,14
BRDA:1346,184,0,0
BRDA:1346,184,1,0
BRDA:1351,185,0,0
BRDA:1351,185,1,0
BRDA:1389,186,0,0
BRDA:1389,186,1,2
BRDA:1393,187,0,5
BRDA:1393,187,1,0
BRDA:1416,188,0,0
BRDA:1416,188,1,0
BRDA:1422,189,0,0
BRDA:1422,189,1,0
BRDA:1429,190,0,0
BRDA:1429,190,1,0
BRDA:1444,191,0,0
BRDA:1444,191,1,0
BRDA:1464,192,0,0
BRDA:1464,192,1,0
BRDA:1470,193,0,0
BRDA:1470,193,1,0
BRDA:1471,194,0,0
BRDA:1471,194,1,0
BRDA:1472,195,0,0
BRDA:1472,195,1,0
BRDA:1473,196,0,0
BRDA:1473,196,1,0
BRDA:1474,197,0,0
BRDA:1474,197,1,0
BRDA:1476,198,0,0
BRDA:1476,198,1,0
BRDA:1476,199,0,0
BRDA:1476,199,1,0
BRDA:1476,199,2,0
BRDA:1476,199,3,0
BRDA:1496,200,0,0
BRDA:1496,200,1,0
BRDA:1501,201,0,0
BRDA:1501,201,1,0
BRDA:1502,202,0,0
BRDA:1502,202,1,0
BRDA:1508,203,0,0
BRDA:1508,203,1,0
BRDA:1512,204,0,0
BRDA:1512,204,1,0
BRDA:1522,205,0,0
BRDA:1522,205,1,0
BRDA:1523,206,0,0
BRDA:1523,206,1,0
BRDA:1524,207,0,0
BRDA:1524,207,1,0
BRDA:1526,208,0,0
BRDA:1526,208,1,0
BRDA:1526,209,0,0
BRDA:1526,209,1,0
BRDA:1526,209,2,0
BRDA:1526,209,3,0
BRDA:1538,210,0,0
BRDA:1538,210,1,0
BRDA:1542,211,0,0
BRDA:1542,211,1,0
BRDA:1542,212,0,0
BRDA:1542,212,1,0
BRDA:1542,212,2,0
BRDA:1544,213,0,0
BRDA:1544,213,1,0
BRDA:1556,214,0,0
BRDA:1556,214,1,0
BRDA:1567,215,0,0
BRDA:1567,215,1,0
BRDA:1579,216,0,0
BRDA:1579,216,1,0
BRDA:1586,217,0,0
BRDA:1586,217,1,0
BRDA:1591,218,0,0
BRDA:1591,218,1,0
BRDA:1591,219,0,0
BRDA:1591,219,1,0
BRDA:1597,220,0,0
BRDA:1597,220,1,0
BRDA:1598,221,0,0
BRDA:1598,221,1,0
BRDA:1602,222,0,0
BRDA:1602,222,1,0
BRDA:1620,223,0,0
BRDA:1620,223,1,0
BRDA:1621,224,0,0
BRDA:1621,224,1,0
BRDA:1621,225,0,0
BRDA:1621,225,1,0
BRDA:1627,226,0,0
BRDA:1627,226,1,0
BRDA:1636,227,0,0
BRDA:1636,227,1,0
BRDA:1642,228,0,0
BRDA:1642,228,1,0
BRDA:1646,229,0,0
BRDA:1646,229,1,0
BRDA:1647,230,0,0
BRDA:1647,230,1,0
BRDA:1648,231,0,0
BRDA:1648,231,1,0
BRDA:1649,232,0,0
BRDA:1649,232,1,0
BRDA:1658,233,0,0
BRDA:1658,233,1,0
BRDA:1664,234,0,0
BRDA:1664,234,1,0
BRDA:1665,235,0,0
BRDA:1665,235,1,0
BRDA:1673,236,0,0
BRDA:1673,236,1,0
BRDA:1681,237,0,1
BRDA:1681,237,1,0
BRDA:1681,238,0,1
BRDA:1681,238,1,1
BRF:485
BRH:302
end_of_record
